Instance name,  X location,  Y location,  Voltage 
PHY_420, 5.4, 584.8, 1.8
PHY_422, 5.4, 584.8, 1.8
PHY_421, 891, 584.8, 1.8
PHY_423, 891, 584.8, 1.8
PHY_416, 5.4, 579.36, 1.8
PHY_418, 5.4, 579.36, 1.8
PHY_417, 891, 579.36, 1.8
PHY_419, 891, 579.36, 1.8
PHY_412, 5.4, 573.92, 1.8
PHY_414, 5.4, 573.92, 1.8
PHY_413, 891, 573.92, 1.8
PHY_415, 891, 573.92, 1.8
PHY_408, 5.4, 568.48, 1.8
PHY_410, 5.4, 568.48, 1.8
PHY_409, 891, 568.48, 1.8
PHY_411, 891, 568.48, 1.8
PHY_404, 5.4, 563.04, 1.8
PHY_406, 5.4, 563.04, 1.8
PHY_405, 891, 563.04, 1.8
PHY_407, 891, 563.04, 1.8
PHY_400, 5.4, 557.6, 1.8
PHY_402, 5.4, 557.6, 1.8
PHY_401, 891, 557.6, 1.8
PHY_403, 891, 557.6, 1.8
PHY_396, 5.4, 552.16, 1.8
PHY_398, 5.4, 552.16, 1.8
PHY_397, 891, 552.16, 1.8
PHY_399, 891, 552.16, 1.8
PHY_392, 5.4, 546.72, 1.8
PHY_394, 5.4, 546.72, 1.8
PHY_393, 891, 546.72, 1.8
PHY_395, 891, 546.72, 1.8
PHY_388, 5.4, 541.28, 1.8
PHY_390, 5.4, 541.28, 1.8
PHY_389, 891, 541.28, 1.8
PHY_391, 891, 541.28, 1.8
PHY_384, 5.4, 535.84, 1.8
PHY_386, 5.4, 535.84, 1.8
PHY_385, 891, 535.84, 1.8
PHY_387, 891, 535.84, 1.8
PHY_380, 5.4, 530.4, 1.8
PHY_382, 5.4, 530.4, 1.8
PHY_381, 891, 530.4, 1.8
PHY_383, 891, 530.4, 1.8
PHY_376, 5.4, 524.96, 1.8
PHY_378, 5.4, 524.96, 1.8
PHY_377, 891, 524.96, 1.8
PHY_379, 891, 524.96, 1.8
PHY_372, 5.4, 519.52, 1.8
PHY_374, 5.4, 519.52, 1.8
PHY_373, 891, 519.52, 1.8
PHY_375, 891, 519.52, 1.8
PHY_368, 5.4, 514.08, 1.8
PHY_370, 5.4, 514.08, 1.8
PHY_369, 891, 514.08, 1.8
PHY_371, 891, 514.08, 1.8
PHY_364, 5.4, 508.64, 1.8
PHY_366, 5.4, 508.64, 1.8
PHY_365, 891, 508.64, 1.8
PHY_367, 891, 508.64, 1.8
PHY_360, 5.4, 503.2, 1.8
PHY_362, 5.4, 503.2, 1.8
PHY_361, 891, 503.2, 1.8
PHY_363, 891, 503.2, 1.8
PHY_356, 5.4, 497.76, 1.8
PHY_358, 5.4, 497.76, 1.8
PHY_357, 891, 497.76, 1.8
PHY_359, 891, 497.76, 1.8
PHY_352, 5.4, 492.32, 1.8
PHY_354, 5.4, 492.32, 1.8
PHY_353, 891, 492.32, 1.8
PHY_355, 891, 492.32, 1.8
PHY_348, 5.4, 486.88, 1.8
PHY_350, 5.4, 486.88, 1.8
PHY_349, 891, 486.88, 1.8
PHY_351, 891, 486.88, 1.8
PHY_344, 5.4, 481.44, 1.8
PHY_346, 5.4, 481.44, 1.8
PHY_345, 891, 481.44, 1.8
PHY_347, 891, 481.44, 1.8
PHY_340, 5.4, 476, 1.8
PHY_342, 5.4, 476, 1.8
PHY_341, 891, 476, 1.8
PHY_343, 891, 476, 1.8
PHY_336, 5.4, 470.56, 1.8
PHY_338, 5.4, 470.56, 1.8
PHY_337, 891, 470.56, 1.8
PHY_339, 891, 470.56, 1.8
PHY_332, 5.4, 465.12, 1.8
PHY_334, 5.4, 465.12, 1.8
PHY_333, 891, 465.12, 1.8
PHY_335, 891, 465.12, 1.8
PHY_328, 5.4, 459.68, 1.8
PHY_330, 5.4, 459.68, 1.8
PHY_329, 891, 459.68, 1.8
PHY_331, 891, 459.68, 1.8
PHY_324, 5.4, 454.24, 1.8
PHY_326, 5.4, 454.24, 1.8
PHY_325, 891, 454.24, 1.8
PHY_327, 891, 454.24, 1.8
PHY_320, 5.4, 448.8, 1.8
PHY_322, 5.4, 448.8, 1.8
PHY_321, 891, 448.8, 1.8
PHY_323, 891, 448.8, 1.8
PHY_316, 5.4, 443.36, 1.8
PHY_318, 5.4, 443.36, 1.8
PHY_317, 891, 443.36, 1.8
PHY_319, 891, 443.36, 1.8
PHY_312, 5.4, 437.92, 1.8
PHY_314, 5.4, 437.92, 1.8
PHY_313, 891, 437.92, 1.8
PHY_315, 891, 437.92, 1.8
PHY_308, 5.4, 432.48, 1.8
PHY_310, 5.4, 432.48, 1.8
PHY_309, 891, 432.48, 1.8
PHY_311, 891, 432.48, 1.8
PHY_304, 5.4, 427.04, 1.8
PHY_306, 5.4, 427.04, 1.8
PHY_305, 891, 427.04, 1.8
PHY_307, 891, 427.04, 1.8
PHY_300, 5.4, 421.6, 1.8
PHY_302, 5.4, 421.6, 1.8
PHY_301, 891, 421.6, 1.8
PHY_303, 891, 421.6, 1.8
PHY_296, 5.4, 416.16, 1.8
PHY_298, 5.4, 416.16, 1.8
PHY_297, 891, 416.16, 1.8
PHY_299, 891, 416.16, 1.8
PHY_292, 5.4, 410.72, 1.8
PHY_294, 5.4, 410.72, 1.8
PHY_293, 891, 410.72, 1.8
PHY_295, 891, 410.72, 1.8
PHY_288, 5.4, 405.28, 1.8
PHY_290, 5.4, 405.28, 1.8
PHY_289, 891, 405.28, 1.8
PHY_291, 891, 405.28, 1.8
PHY_284, 5.4, 399.84, 1.8
PHY_286, 5.4, 399.84, 1.8
PHY_285, 891, 399.84, 1.8
PHY_287, 891, 399.84, 1.8
PHY_280, 5.4, 394.4, 1.8
PHY_282, 5.4, 394.4, 1.8
PHY_281, 891, 394.4, 1.8
PHY_283, 891, 394.4, 1.8
PHY_276, 5.4, 388.96, 1.8
PHY_278, 5.4, 388.96, 1.8
PHY_277, 891, 388.96, 1.8
PHY_279, 891, 388.96, 1.8
PHY_272, 5.4, 383.52, 1.8
PHY_274, 5.4, 383.52, 1.8
PHY_273, 891, 383.52, 1.8
PHY_275, 891, 383.52, 1.8
PHY_268, 5.4, 378.08, 1.8
PHY_270, 5.4, 378.08, 1.8
PHY_269, 891, 378.08, 1.8
PHY_271, 891, 378.08, 1.8
PHY_264, 5.4, 372.64, 1.8
PHY_266, 5.4, 372.64, 1.8
PHY_265, 891, 372.64, 1.8
PHY_267, 891, 372.64, 1.8
PHY_260, 5.4, 367.2, 1.8
PHY_262, 5.4, 367.2, 1.8
PHY_261, 891, 367.2, 1.8
PHY_263, 891, 367.2, 1.8
PHY_256, 5.4, 361.76, 1.8
PHY_258, 5.4, 361.76, 1.8
PHY_257, 891, 361.76, 1.8
PHY_259, 891, 361.76, 1.8
PHY_252, 5.4, 356.32, 1.8
PHY_254, 5.4, 356.32, 1.8
PHY_253, 891, 356.32, 1.8
PHY_255, 891, 356.32, 1.8
PHY_248, 5.4, 350.88, 1.8
PHY_250, 5.4, 350.88, 1.8
PHY_249, 891, 350.88, 1.8
PHY_251, 891, 350.88, 1.8
PHY_244, 5.4, 345.44, 1.8
PHY_246, 5.4, 345.44, 1.8
PHY_245, 891, 345.44, 1.8
PHY_247, 891, 345.44, 1.8
PHY_240, 5.4, 340, 1.8
PHY_242, 5.4, 340, 1.8
PHY_241, 891, 340, 1.8
PHY_243, 891, 340, 1.8
PHY_236, 5.4, 334.56, 1.8
PHY_238, 5.4, 334.56, 1.8
PHY_237, 891, 334.56, 1.8
PHY_239, 891, 334.56, 1.8
PHY_232, 5.4, 329.12, 1.8
PHY_234, 5.4, 329.12, 1.8
PHY_233, 891, 329.12, 1.8
PHY_235, 891, 329.12, 1.8
PHY_228, 5.4, 323.68, 1.8
PHY_230, 5.4, 323.68, 1.8
PHY_229, 891, 323.68, 1.8
PHY_231, 891, 323.68, 1.8
PHY_224, 5.4, 318.24, 1.8
PHY_226, 5.4, 318.24, 1.8
PHY_225, 891, 318.24, 1.8
PHY_227, 891, 318.24, 1.8
PHY_220, 5.4, 312.8, 1.8
PHY_222, 5.4, 312.8, 1.8
PHY_221, 891, 312.8, 1.8
PHY_223, 891, 312.8, 1.8
PHY_216, 5.4, 307.36, 1.8
PHY_218, 5.4, 307.36, 1.8
PHY_217, 891, 307.36, 1.8
PHY_219, 891, 307.36, 1.8
PHY_212, 5.4, 301.92, 1.8
PHY_214, 5.4, 301.92, 1.8
PHY_213, 891, 301.92, 1.8
PHY_215, 891, 301.92, 1.8
PHY_208, 5.4, 296.48, 1.8
PHY_210, 5.4, 296.48, 1.8
PHY_209, 891, 296.48, 1.8
PHY_211, 891, 296.48, 1.8
PHY_204, 5.4, 291.04, 1.8
PHY_206, 5.4, 291.04, 1.8
PHY_205, 891, 291.04, 1.8
PHY_207, 891, 291.04, 1.8
PHY_200, 5.4, 285.6, 1.8
PHY_202, 5.4, 285.6, 1.8
PHY_201, 891, 285.6, 1.8
PHY_203, 891, 285.6, 1.8
PHY_196, 5.4, 280.16, 1.8
PHY_198, 5.4, 280.16, 1.8
PHY_197, 891, 280.16, 1.8
PHY_199, 891, 280.16, 1.8
PHY_192, 5.4, 274.72, 1.8
PHY_194, 5.4, 274.72, 1.8
PHY_193, 891, 274.72, 1.8
PHY_195, 891, 274.72, 1.8
PHY_188, 5.4, 269.28, 1.8
PHY_190, 5.4, 269.28, 1.8
PHY_189, 891, 269.28, 1.8
PHY_191, 891, 269.28, 1.8
PHY_184, 5.4, 263.84, 1.8
PHY_186, 5.4, 263.84, 1.8
PHY_185, 891, 263.84, 1.8
PHY_187, 891, 263.84, 1.8
PHY_180, 5.4, 258.4, 1.8
PHY_182, 5.4, 258.4, 1.8
PHY_181, 891, 258.4, 1.8
PHY_183, 891, 258.4, 1.8
PHY_176, 5.4, 252.96, 1.8
PHY_178, 5.4, 252.96, 1.8
PHY_177, 891, 252.96, 1.8
PHY_179, 891, 252.96, 1.8
PHY_172, 5.4, 247.52, 1.8
PHY_174, 5.4, 247.52, 1.8
PHY_173, 891, 247.52, 1.8
PHY_175, 891, 247.52, 1.8
PHY_168, 5.4, 242.08, 1.8
PHY_170, 5.4, 242.08, 1.8
PHY_169, 891, 242.08, 1.8
PHY_171, 891, 242.08, 1.8
PHY_164, 5.4, 236.64, 1.8
PHY_166, 5.4, 236.64, 1.8
PHY_165, 891, 236.64, 1.8
PHY_167, 891, 236.64, 1.8
PHY_160, 5.4, 231.2, 1.8
PHY_162, 5.4, 231.2, 1.8
PHY_161, 891, 231.2, 1.8
PHY_163, 891, 231.2, 1.8
PHY_156, 5.4, 225.76, 1.8
PHY_158, 5.4, 225.76, 1.8
PHY_157, 891, 225.76, 1.8
PHY_159, 891, 225.76, 1.8
PHY_152, 5.4, 220.32, 1.8
PHY_154, 5.4, 220.32, 1.8
PHY_153, 891, 220.32, 1.8
PHY_155, 891, 220.32, 1.8
PHY_148, 5.4, 214.88, 1.8
PHY_150, 5.4, 214.88, 1.8
PHY_149, 891, 214.88, 1.8
PHY_151, 891, 214.88, 1.8
PHY_144, 5.4, 209.44, 1.8
PHY_146, 5.4, 209.44, 1.8
PHY_145, 891, 209.44, 1.8
PHY_147, 891, 209.44, 1.8
PHY_140, 5.4, 204, 1.8
PHY_142, 5.4, 204, 1.8
PHY_141, 891, 204, 1.8
PHY_143, 891, 204, 1.8
PHY_136, 5.4, 198.56, 1.8
PHY_138, 5.4, 198.56, 1.8
PHY_137, 891, 198.56, 1.8
PHY_139, 891, 198.56, 1.8
PHY_132, 5.4, 193.12, 1.8
PHY_134, 5.4, 193.12, 1.8
PHY_133, 891, 193.12, 1.8
PHY_135, 891, 193.12, 1.8
PHY_128, 5.4, 187.68, 1.8
PHY_130, 5.4, 187.68, 1.8
PHY_129, 891, 187.68, 1.8
PHY_131, 891, 187.68, 1.8
PHY_124, 5.4, 182.24, 1.8
PHY_126, 5.4, 182.24, 1.8
PHY_125, 891, 182.24, 1.8
PHY_127, 891, 182.24, 1.8
PHY_120, 5.4, 176.8, 1.8
PHY_122, 5.4, 176.8, 1.8
PHY_121, 891, 176.8, 1.8
PHY_123, 891, 176.8, 1.8
PHY_116, 5.4, 171.36, 1.8
PHY_118, 5.4, 171.36, 1.8
PHY_117, 891, 171.36, 1.8
PHY_119, 891, 171.36, 1.8
PHY_112, 5.4, 165.92, 1.8
PHY_114, 5.4, 165.92, 1.8
PHY_113, 891, 165.92, 1.8
PHY_115, 891, 165.92, 1.8
PHY_108, 5.4, 160.48, 1.8
PHY_110, 5.4, 160.48, 1.8
PHY_109, 891, 160.48, 1.8
PHY_111, 891, 160.48, 1.8
PHY_104, 5.4, 155.04, 1.8
PHY_106, 5.4, 155.04, 1.8
PHY_105, 891, 155.04, 1.8
PHY_107, 891, 155.04, 1.8
PHY_100, 5.4, 149.6, 1.8
PHY_102, 5.4, 149.6, 1.8
PHY_101, 891, 149.6, 1.8
PHY_103, 891, 149.6, 1.8
PHY_96, 5.4, 144.16, 1.8
PHY_98, 5.4, 144.16, 1.8
PHY_97, 891, 144.16, 1.8
PHY_99, 891, 144.16, 1.8
PHY_92, 5.4, 138.72, 1.8
PHY_94, 5.4, 138.72, 1.8
PHY_93, 891, 138.72, 1.8
PHY_95, 891, 138.72, 1.8
PHY_88, 5.4, 133.28, 1.8
PHY_90, 5.4, 133.28, 1.8
PHY_89, 891, 133.28, 1.8
PHY_91, 891, 133.28, 1.8
PHY_84, 5.4, 127.84, 1.8
PHY_86, 5.4, 127.84, 1.8
PHY_85, 891, 127.84, 1.8
PHY_87, 891, 127.84, 1.8
PHY_80, 5.4, 122.4, 1.8
PHY_82, 5.4, 122.4, 1.8
PHY_81, 891, 122.4, 1.8
PHY_83, 891, 122.4, 1.8
PHY_76, 5.4, 116.96, 1.8
PHY_78, 5.4, 116.96, 1.8
PHY_77, 891, 116.96, 1.8
PHY_79, 891, 116.96, 1.8
PHY_72, 5.4, 111.52, 1.8
PHY_74, 5.4, 111.52, 1.8
PHY_73, 891, 111.52, 1.8
PHY_75, 891, 111.52, 1.8
PHY_68, 5.4, 106.08, 1.8
PHY_70, 5.4, 106.08, 1.8
PHY_69, 891, 106.08, 1.8
PHY_71, 891, 106.08, 1.8
PHY_64, 5.4, 100.64, 1.8
PHY_66, 5.4, 100.64, 1.8
PHY_65, 891, 100.64, 1.8
PHY_67, 891, 100.64, 1.8
PHY_60, 5.4, 95.2, 1.8
PHY_62, 5.4, 95.2, 1.8
PHY_61, 891, 95.2, 1.8
PHY_63, 891, 95.2, 1.8
PHY_56, 5.4, 89.76, 1.8
PHY_58, 5.4, 89.76, 1.8
PHY_57, 891, 89.76, 1.8
PHY_59, 891, 89.76, 1.8
PHY_52, 5.4, 84.32, 1.8
PHY_54, 5.4, 84.32, 1.8
PHY_53, 891, 84.32, 1.8
PHY_55, 891, 84.32, 1.8
PHY_48, 5.4, 78.88, 1.8
PHY_50, 5.4, 78.88, 1.8
PHY_49, 891, 78.88, 1.8
PHY_51, 891, 78.88, 1.8
PHY_44, 5.4, 73.44, 1.8
PHY_46, 5.4, 73.44, 1.8
PHY_45, 891, 73.44, 1.8
PHY_47, 891, 73.44, 1.8
PHY_40, 5.4, 68, 1.8
PHY_42, 5.4, 68, 1.8
PHY_41, 891, 68, 1.8
PHY_43, 891, 68, 1.8
PHY_36, 5.4, 62.56, 1.8
PHY_38, 5.4, 62.56, 1.8
PHY_37, 891, 62.56, 1.8
PHY_39, 891, 62.56, 1.8
PHY_32, 5.4, 57.12, 1.8
PHY_34, 5.4, 57.12, 1.8
PHY_33, 891, 57.12, 1.8
PHY_35, 891, 57.12, 1.8
PHY_28, 5.4, 51.68, 1.8
PHY_30, 5.4, 51.68, 1.8
PHY_29, 891, 51.68, 1.8
PHY_31, 891, 51.68, 1.8
PHY_24, 5.4, 46.24, 1.8
PHY_26, 5.4, 46.24, 1.8
PHY_25, 891, 46.24, 1.8
PHY_27, 891, 46.24, 1.8
PHY_20, 5.4, 40.8, 1.8
PHY_22, 5.4, 40.8, 1.8
PHY_21, 891, 40.8, 1.8
PHY_23, 891, 40.8, 1.8
PHY_16, 5.4, 35.36, 1.8
PHY_18, 5.4, 35.36, 1.8
PHY_17, 891, 35.36, 1.8
PHY_19, 891, 35.36, 1.8
PHY_12, 5.4, 29.92, 1.8
PHY_14, 5.4, 29.92, 1.8
PHY_13, 891, 29.92, 1.8
PHY_15, 891, 29.92, 1.8
PHY_10, 5.4, 24.48, 1.8
PHY_8, 5.4, 24.48, 1.8
PHY_11, 891, 24.48, 1.8
PHY_9, 891, 24.48, 1.8
PHY_4, 5.4, 19.04, 1.8
PHY_6, 5.4, 19.04, 1.8
PHY_5, 891, 19.04, 1.8
PHY_7, 891, 19.04, 1.8
PHY_0, 5.4, 13.6, 1.8
PHY_2, 5.4, 13.6, 1.8
_162_, 5.4, 13.6, 1.8
_163_, 5.4, 13.6, 1.8
_164_, 5.4, 13.6, 1.8
_165_, 5.4, 13.6, 1.8
_166_, 5.4, 13.6, 1.8
_167_, 5.4, 13.6, 1.8
_168_, 5.4, 13.6, 1.8
_169_, 5.4, 13.6, 1.8
_170_, 5.4, 13.6, 1.8
_171_, 5.4, 13.6, 1.8
_172_, 5.4, 13.6, 1.8
_173_, 5.4, 13.6, 1.8
_174_, 5.4, 13.6, 1.8
_175_, 5.4, 13.6, 1.8
_176_, 5.4, 13.6, 1.8
_177_, 5.4, 13.6, 1.8
_178_, 5.4, 13.6, 1.8
_179_, 5.4, 13.6, 1.8
_180_, 5.4, 13.6, 1.8
_181_, 5.4, 13.6, 1.8
_182_, 5.4, 13.6, 1.8
_183_, 5.4, 13.6, 1.8
_184_, 5.4, 13.6, 1.8
_185_, 5.4, 13.6, 1.8
_186_, 5.4, 13.6, 1.8
_187_, 5.4, 13.6, 1.8
_188_, 5.4, 13.6, 1.8
_189_, 5.4, 13.6, 1.8
_190_, 5.4, 13.6, 1.8
_191_, 5.4, 13.6, 1.8
_192_, 5.4, 13.6, 1.8
_193_, 5.4, 13.6, 1.8
_194_, 5.4, 13.6, 1.8
_195_, 5.4, 13.6, 1.8
_196_, 5.4, 13.6, 1.8
_197_, 5.4, 13.6, 1.8
_198_, 5.4, 13.6, 1.8
_199_, 5.4, 13.6, 1.8
_200_, 5.4, 13.6, 1.8
_201_, 5.4, 13.6, 1.8
_202_, 5.4, 13.6, 1.8
_203_, 5.4, 13.6, 1.8
_204_, 5.4, 13.6, 1.8
_205_, 5.4, 13.6, 1.8
_206_, 5.4, 13.6, 1.8
_207_, 5.4, 13.6, 1.8
_208_, 5.4, 13.6, 1.8
_209_, 5.4, 13.6, 1.8
_210_, 5.4, 13.6, 1.8
_211_, 5.4, 13.6, 1.8
_212_, 5.4, 13.6, 1.8
_213_, 5.4, 13.6, 1.8
_214_, 5.4, 13.6, 1.8
_215_, 5.4, 13.6, 1.8
_216_, 5.4, 13.6, 1.8
_217_, 5.4, 13.6, 1.8
_218_, 5.4, 13.6, 1.8
_219_, 5.4, 13.6, 1.8
_220_, 5.4, 13.6, 1.8
_221_, 5.4, 13.6, 1.8
_222_, 5.4, 13.6, 1.8
_223_, 5.4, 13.6, 1.8
_224_, 5.4, 13.6, 1.8
_225_, 5.4, 13.6, 1.8
_226_, 5.4, 13.6, 1.8
_227_, 5.4, 13.6, 1.8
_228_, 5.4, 13.6, 1.8
_229_, 5.4, 13.6, 1.8
_230_, 5.4, 13.6, 1.8
_231_, 5.4, 13.6, 1.8
_232_, 5.4, 13.6, 1.8
_233_, 5.4, 13.6, 1.8
_234_, 5.4, 13.6, 1.8
_235_, 5.4, 13.6, 1.8
_236_, 5.4, 13.6, 1.8
_237_, 5.4, 13.6, 1.8
_238_, 5.4, 13.6, 1.8
_239_, 5.4, 13.6, 1.8
_240_, 5.4, 13.6, 1.8
_241_, 5.4, 13.6, 1.8
_242_, 5.4, 13.6, 1.8
_243_, 5.4, 13.6, 1.8
_244_, 5.4, 13.6, 1.8
_245_, 5.4, 13.6, 1.8
_246_, 5.4, 13.6, 1.8
_247_, 5.4, 13.6, 1.8
_248_, 5.4, 13.6, 1.8
_249_, 5.4, 13.6, 1.8
_250_, 5.4, 13.6, 1.8
_251_, 5.4, 13.6, 1.8
_252_, 5.4, 13.6, 1.8
_253_, 5.4, 13.6, 1.8
_254_, 5.4, 13.6, 1.8
_255_, 5.4, 13.6, 1.8
_256_, 5.4, 13.6, 1.8
_257_, 5.4, 13.6, 1.8
_258_, 5.4, 13.6, 1.8
_259_, 5.4, 13.6, 1.8
_260_, 5.4, 13.6, 1.8
_261_, 5.4, 13.6, 1.8
_262_, 5.4, 13.6, 1.8
_263_, 5.4, 13.6, 1.8
_264_, 5.4, 13.6, 1.8
_265_, 5.4, 13.6, 1.8
_266_, 5.4, 13.6, 1.8
_267_, 5.4, 13.6, 1.8
_268_, 5.4, 13.6, 1.8
_269_, 5.4, 13.6, 1.8
_270_, 5.4, 13.6, 1.8
_271_, 5.4, 13.6, 1.8
_272_, 5.4, 13.6, 1.8
_273_, 5.4, 13.6, 1.8
_274_, 5.4, 13.6, 1.8
_275_, 5.4, 13.6, 1.8
_276_, 5.4, 13.6, 1.8
_277_, 5.4, 13.6, 1.8
_278_, 5.4, 13.6, 1.8
_279_, 5.4, 13.6, 1.8
_280_, 5.4, 13.6, 1.8
_281_, 5.4, 13.6, 1.8
_282_, 5.4, 13.6, 1.8
_283_, 5.4, 13.6, 1.8
_284_, 5.4, 13.6, 1.8
_285_, 5.4, 13.6, 1.8
_286_, 5.4, 13.6, 1.8
_287_, 5.4, 13.6, 1.8
_288_, 5.4, 13.6, 1.8
_289_, 5.4, 13.6, 1.8
_290_, 5.4, 13.6, 1.8
_291_, 5.4, 13.6, 1.8
_292_, 5.4, 13.6, 1.8
_293_, 5.4, 13.6, 1.8
_294_, 5.4, 13.6, 1.8
_295_, 5.4, 13.6, 1.8
_296_, 5.4, 13.6, 1.8
_297_, 5.4, 13.6, 1.8
_298_, 5.4, 13.6, 1.8
_299_, 5.4, 13.6, 1.8
_300_, 5.4, 13.6, 1.8
_301_, 5.4, 13.6, 1.8
_302_, 5.4, 13.6, 1.8
_303_, 5.4, 13.6, 1.8
_304_, 5.4, 13.6, 1.8
_305_, 5.4, 13.6, 1.8
_306_, 5.4, 13.6, 1.8
_307_, 5.4, 13.6, 1.8
_308_, 5.4, 13.6, 1.8
_309_, 5.4, 13.6, 1.8
_310_, 5.4, 13.6, 1.8
_311_, 5.4, 13.6, 1.8
_312_, 5.4, 13.6, 1.8
_313_, 5.4, 13.6, 1.8
_314_, 5.4, 13.6, 1.8
_315_, 5.4, 13.6, 1.8
_316_, 5.4, 13.6, 1.8
_317_, 5.4, 13.6, 1.8
_318_, 5.4, 13.6, 1.8
_319_, 5.4, 13.6, 1.8
_320_, 5.4, 13.6, 1.8
_321_, 5.4, 13.6, 1.8
_322_, 5.4, 13.6, 1.8
_323_, 5.4, 13.6, 1.8
_324_, 5.4, 13.6, 1.8
_325_, 5.4, 13.6, 1.8
_326_, 5.4, 13.6, 1.8
_327_, 5.4, 13.6, 1.8
_328_, 5.4, 13.6, 1.8
_329_, 5.4, 13.6, 1.8
_330_, 5.4, 13.6, 1.8
_331_, 5.4, 13.6, 1.8
_332_, 5.4, 13.6, 1.8
_333_, 5.4, 13.6, 1.8
_334_, 5.4, 13.6, 1.8
_335_, 5.4, 13.6, 1.8
_336_, 5.4, 13.6, 1.8
_337_, 5.4, 13.6, 1.8
_338_, 5.4, 13.6, 1.8
_339_, 5.4, 13.6, 1.8
PHY_1, 891, 13.6, 1.8
PHY_3, 891, 13.6, 1.8

