First Layout: /openLANE_flow/designs/axmul/runs/run1/results/magic/axmul.gds
Second Layout: /openLANE_flow/designs/axmul/runs/run1/results/klayout/axmul.gds
Design Name: axmul
Output GDS will be: /openLANE_flow/designs/axmul/runs/run1/results/klayout/axmul.xor.xml
Reading /openLANE_flow/designs/axmul/runs/run1/results/magic/axmul.gds ..
Reading /openLANE_flow/designs/axmul/runs/run1/results/klayout/axmul.gds ..
--- Running XOR for 10/0 ---
"input" in: xor.drc:38
    Polygons (raw): 0 (flat)  0 (hierarchical)
    Elapsed: 0.010s  Memory: 602.00M
"input" in: xor.drc:38
    Polygons (raw): 5121 (flat)  5 (hierarchical)
    Elapsed: 0.000s  Memory: 602.00M
"^" in: xor.drc:38
    Polygons (raw): 5121 (flat)  5 (hierarchical)
    Elapsed: 0.000s  Memory: 602.00M
XOR differences: 5121
"output" in: xor.drc:40
    Polygons (raw): 5121 (flat)  5 (hierarchical)
    Elapsed: 0.010s  Memory: 602.00M
--- Running XOR for 11/0 ---
"input" in: xor.drc:38
    Polygons (raw): 0 (flat)  0 (hierarchical)
    Elapsed: 0.010s  Memory: 602.00M
"input" in: xor.drc:38
    Polygons (raw): 1352 (flat)  20 (hierarchical)
    Elapsed: 0.010s  Memory: 602.00M
"^" in: xor.drc:38
    Polygons (raw): 1352 (flat)  20 (hierarchical)
    Elapsed: 0.000s  Memory: 602.00M
XOR differences: 1352
"output" in: xor.drc:40
    Polygons (raw): 1352 (flat)  20 (hierarchical)
    Elapsed: 0.010s  Memory: 602.00M
--- Running XOR for 11/2 ---
"input" in: xor.drc:38
    Polygons (raw): 0 (flat)  0 (hierarchical)
    Elapsed: 0.010s  Memory: 602.00M
"input" in: xor.drc:38
    Polygons (raw): 12 (flat)  12 (hierarchical)
    Elapsed: 0.010s  Memory: 602.00M
"^" in: xor.drc:38
    Polygons (raw): 12 (flat)  12 (hierarchical)
    Elapsed: 0.010s  Memory: 602.00M
XOR differences: 12
"output" in: xor.drc:40
    Polygons (raw): 12 (flat)  12 (hierarchical)
    Elapsed: 0.010s  Memory: 602.00M
--- Running XOR for 12/0 ---
"input" in: xor.drc:38
    Polygons (raw): 0 (flat)  0 (hierarchical)
    Elapsed: 0.010s  Memory: 602.00M
"input" in: xor.drc:38
    Polygons (raw): 48 (flat)  1 (hierarchical)
    Elapsed: 0.010s  Memory: 602.00M
"^" in: xor.drc:38
    Polygons (raw): 48 (flat)  1 (hierarchical)
    Elapsed: 0.010s  Memory: 602.00M
XOR differences: 48
"output" in: xor.drc:40
    Polygons (raw): 48 (flat)  1 (hierarchical)
    Elapsed: 0.010s  Memory: 602.00M
--- Running XOR for 122/16 ---
"input" in: xor.drc:38
    Polygons (raw): 44420 (flat)  48 (hierarchical)
    Elapsed: 0.000s  Memory: 602.00M
"input" in: xor.drc:38
    Polygons (raw): 44420 (flat)  48 (hierarchical)
    Elapsed: 0.000s  Memory: 602.00M
"^" in: xor.drc:38
    Polygons (raw): 0 (flat)  0 (hierarchical)
    Elapsed: 0.340s  Memory: 602.00M
XOR differences: 0
"output" in: xor.drc:40
    Polygons (raw): 0 (flat)  0 (hierarchical)
    Elapsed: 0.010s  Memory: 602.00M
--- Running XOR for 13/0 ---
"input" in: xor.drc:38
    Polygons (raw): 0 (flat)  0 (hierarchical)
    Elapsed: 0.000s  Memory: 602.00M
"input" in: xor.drc:38
    Polygons (raw): 56 (flat)  9 (hierarchical)
    Elapsed: 0.010s  Memory: 602.00M
"^" in: xor.drc:38
    Polygons (raw): 56 (flat)  9 (hierarchical)
    Elapsed: 0.010s  Memory: 602.00M
XOR differences: 56
"output" in: xor.drc:40
    Polygons (raw): 56 (flat)  9 (hierarchical)
    Elapsed: 0.010s  Memory: 602.00M
--- Running XOR for 13/2 ---
"input" in: xor.drc:38
    Polygons (raw): 0 (flat)  0 (hierarchical)
    Elapsed: 0.010s  Memory: 602.00M
"input" in: xor.drc:38
    Polygons (raw): 8 (flat)  8 (hierarchical)
    Elapsed: 0.010s  Memory: 602.00M
"^" in: xor.drc:38
    Polygons (raw): 8 (flat)  8 (hierarchical)
    Elapsed: 0.010s  Memory: 602.00M
XOR differences: 8
"output" in: xor.drc:40
