"input" in: offgrid.lydrc:31
    Polygons (raw): 8949 (flat)  121 (hierarchical)
    Elapsed: 0.010s  Memory: 526.00M
"polygons" in: offgrid.lydrc:32
    Polygons (raw): 1474 (flat)  2 (hierarchical)
    Elapsed: 0.010s  Memory: 526.00M
"polygons" in: offgrid.lydrc:33
    Polygons (raw): 6160 (flat)  51 (hierarchical)
    Elapsed: 0.010s  Memory: 526.00M
"polygons" in: offgrid.lydrc:34
    Polygons (raw): 0 (flat)  0 (hierarchical)
    Elapsed: 0.010s  Memory: 526.00M
"polygons" in: offgrid.lydrc:35
    Polygons (raw): 0 (flat)  0 (hierarchical)
    Elapsed: 0.000s  Memory: 526.00M
"polygons" in: offgrid.lydrc:36
    Polygons (raw): 0 (flat)  0 (hierarchical)
    Elapsed: 0.010s  Memory: 526.00M
"polygons" in: offgrid.lydrc:37
    Polygons (raw): 0 (flat)  0 (hierarchical)
    Elapsed: 0.010s  Memory: 526.00M
"polygons" in: offgrid.lydrc:38
    Polygons (raw): 0 (flat)  0 (hierarchical)
    Elapsed: 0.010s  Memory: 526.00M
"polygons" in: offgrid.lydrc:39
    Polygons (raw): 6200 (flat)  53 (hierarchical)
    Elapsed: 0.010s  Memory: 526.00M
"polygons" in: offgrid.lydrc:40
    Polygons (raw): 0 (flat)  0 (hierarchical)
    Elapsed: 0.000s  Memory: 526.00M
"polygons" in: offgrid.lydrc:41
    Polygons (raw): 0 (flat)  0 (hierarchical)
    Elapsed: 0.010s  Memory: 526.00M
"polygons" in: offgrid.lydrc:42
    Polygons (raw): 0 (flat)  0 (hierarchical)
    Elapsed: 0.000s  Memory: 526.00M
"polygons" in: offgrid.lydrc:43
    Polygons (raw): 0 (flat)  0 (hierarchical)
    Elapsed: 0.000s  Memory: 526.00M
"polygons" in: offgrid.lydrc:44
    Polygons (raw): 9788 (flat)  204 (hierarchical)
    Elapsed: 0.010s  Memory: 526.00M
"polygons" in: offgrid.lydrc:45
    Polygons (raw): 0 (flat)  0 (hierarchical)
    Elapsed: 0.010s  Memory: 526.00M
"polygons" in: offgrid.lydrc:46
    Polygons (raw): 6897 (flat)  52 (hierarchical)
    Elapsed: 0.010s  Memory: 526.00M
"polygons" in: offgrid.lydrc:47
    Polygons (raw): 6897 (flat)  52 (hierarchical)
    Elapsed: 0.010s  Memory: 526.00M
"polygons" in: offgrid.lydrc:48
    Polygons (raw): 0 (flat)  0 (hierarchical)
    Elapsed: 0.010s  Memory: 526.00M
"polygons" in: offgrid.lydrc:49
    Polygons (raw): 0 (flat)  0 (hierarchical)
    Elapsed: 0.010s  Memory: 526.00M
"polygons" in: offgrid.lydrc:50
    Polygons (raw): 4790 (flat)  53 (hierarchical)
    Elapsed: 0.000s  Memory: 526.00M
"polygons" in: offgrid.lydrc:51
    Polygons (raw): 59018 (flat)  905 (hierarchical)
    Elapsed: 0.010s  Memory: 526.00M
"polygons" in: offgrid.lydrc:53
    Polygons (raw): 24046 (flat)  2741 (hierarchical)
    Elapsed: 0.010s  Memory: 526.00M
"polygons" in: offgrid.lydrc:54
    Polygons (raw): 83677 (flat)  2627 (hierarchical)
    Elapsed: 0.010s  Memory: 526.00M
"polygons" in: offgrid.lydrc:56
    Polygons (raw): 41040 (flat)  16566 (hierarchical)
    Elapsed: 0.020s  Memory: 526.00M
"polygons" in: offgrid.lydrc:57
    Polygons (raw): 5141 (flat)  5141 (hierarchical)
    Elapsed: 0.010s  Memory: 526.00M
"polygons" in: offgrid.lydrc:59
    Polygons (raw): 13797 (flat)  13797 (hierarchical)
    Elapsed: 0.020s  Memory: 526.00M
"polygons" in: offgrid.lydrc:60
    Polygons (raw): 1487 (flat)  1487 (hierarchical)
    Elapsed: 0.010s  Memory: 526.00M
"polygons" in: offgrid.lydrc:62
    Polygons (raw): 4111 (flat)  4111 (hierarchical)
    Elapsed: 0.010s  Memory: 526.00M
"polygons" in: offgrid.lydrc:63
    Polygons (raw): 953 (flat)  953 (hierarchical)
    Elapsed: 0.000s  Memory: 526.00M
"polygons" in: offgrid.lydrc:65
    Polygons (raw): 1053 (flat)  1053 (hierarchical)
    Elapsed: 0.010s  Memory: 526.00M
"polygons" in: offgrid.lydrc:66
    Polygons (raw): 12508 (flat)  12508 (hierarchical)
    Elapsed: 0.010s  Memory: 527.00M
"polygons" in: offgrid.lydrc:68
    Polygons (raw): 344 (flat)  344 (hierarchical)
    Elapsed: 0.010s  Memory: 527.00M
"polygons" in: offgrid.lydrc:70
    Polygons (raw): 0 (flat)  0 (hierarchical)
    Elapsed: 0.000s  Memory: 527.00M
"polygons" in: offgrid.lydrc:71
    Polygons (raw): 0 (flat)  0 (hierarchical)
    Elapsed: 0.010s  Memory: 527.00M
"polygons" in: offgrid.lydrc:72
    Polygons (raw): 0 (flat)  0 (hierarchical)
    Elapsed: 0.010s  Memory: 527.00M
"polygons" in: offgrid.lydrc:73
    Polygons (raw): 0 (flat)  0 (hierarchical)
    Elapsed: 0.010s  Memory: 527.00M
"polygons" in: offgrid.lydrc:74
    Polygons (raw): 0 (flat)  0 (hierarchical)
    Elapsed: 0.000s  Memory: 527.00M
"polygons" in: offgrid.lydrc:75
    Polygons (raw): 0 (flat)  0 (hierarchical)
    Elapsed: 0.010s  Memory: 527.00M
"polygons" in: offgrid.lydrc:76
    Polygons (raw): 0 (flat)  0 (hierarchical)
    Elapsed: 0.000s  Memory: 527.00M
"polygons" in: offgrid.lydrc:77
    Polygons (raw): 0 (flat)  0 (hierarchical)
    Elapsed: 0.010s  Memory: 527.00M
"polygons" in: offgrid.lydrc:78
    Polygons (raw): 0 (flat)  0 (hierarchical)
    Elapsed: 0.010s  Memory: 527.00M
"polygons" in: offgrid.lydrc:79
    Polygons (raw): 0 (flat)  0 (hierarchical)
    Elapsed: 0.010s  Memory: 527.00M
"polygons" in: offgrid.lydrc:80
    Polygons (raw): 0 (flat)  0 (hierarchical)
    Elapsed: 0.010s  Memory: 527.00M
"polygons" in: offgrid.lydrc:81
    Polygons (raw): 0 (flat)  0 (hierarchical)
    Elapsed: 0.010s  Memory: 527.00M
"polygons" in: offgrid.lydrc:82
    Polygons (raw): 0 (flat)  0 (hierarchical)
    Elapsed: 0.010s  Memory: 527.00M
"polygons" in: offgrid.lydrc:83
    Polygons (raw): 0 (flat)  0 (hierarchical)
    Elapsed: 0.010s  Memory: 527.00M
"polygons" in: offgrid.lydrc:84
    Polygons (raw): 0 (flat)  0 (hierarchical)
    Elapsed: 0.000s  Memory: 527.00M
"polygons" in: offgrid.lydrc:85
    Polygons (raw): 0 (flat)  0 (hierarchical)
    Elapsed: 0.010s  Memory: 527.00M
"polygons" in: offgrid.lydrc:86
    Polygons (raw): 0 (flat)  0 (hierarchical)
    Elapsed: 0.000s  Memory: 527.00M
"polygons" in: offgrid.lydrc:87
    Polygons (raw): 6160 (flat)  51 (hierarchical)
    Elapsed: 0.010s  Memory: 527.00M
"polygons" in: offgrid.lydrc:88
    Polygons (raw): 0 (flat)  0 (hierarchical)
    Elapsed: 0.010s  Memory: 527.00M
"polygons" in: offgrid.lydrc:89
    Polygons (raw): 0 (flat)  0 (hierarchical)
    Elapsed: 0.010s  Memory: 527.00M
"polygons" in: offgrid.lydrc:90
    Polygons (raw): 0 (flat)  0 (hierarchical)
    Elapsed: 0.010s  Memory: 527.00M
"polygons" in: offgrid.lydrc:91
    Polygons (raw): 0 (flat)  0 (hierarchical)
    Elapsed: 0.000s  Memory: 527.00M
"polygons" in: offgrid.lydrc:92
    Polygons (raw): 0 (flat)  0 (hierarchical)
    Elapsed: 0.000s  Memory: 527.00M
"polygons" in: offgrid.lydrc:93
    Polygons (raw): 0 (flat)  0 (hierarchical)
    Elapsed: 0.010s  Memory: 527.00M
"polygons" in: offgrid.lydrc:94
    Polygons (raw): 0 (flat)  0 (hierarchical)
    Elapsed: 0.010s  Memory: 527.00M
"polygons" in: offgrid.lydrc:95
    Polygons (raw): 1 (flat)  1 (hierarchical)
    Elapsed: 0.000s  Memory: 527.00M
"polygons" in: offgrid.lydrc:96
    Polygons (raw): 0 (flat)  0 (hierarchical)
    Elapsed: 0.010s  Memory: 527.00M
"polygons" in: offgrid.lydrc:97
    Polygons (raw): 0 (flat)  0 (hierarchical)
    Elapsed: 0.010s  Memory: 527.00M
"polygons" in: offgrid.lydrc:98
    Polygons (raw): 0 (flat)  0 (hierarchical)
    Elapsed: 0.000s  Memory: 527.00M
"polygons" in: offgrid.lydrc:99
    Polygons (raw): 0 (flat)  0 (hierarchical)
    Elapsed: 0.010s  Memory: 527.00M
"polygons" in: offgrid.lydrc:100
    Polygons (raw): 136 (flat)  1 (hierarchical)
    Elapsed: 0.010s  Memory: 527.00M
"polygons" in: offgrid.lydrc:101
    Polygons (raw): 0 (flat)  0 (hierarchical)
    Elapsed: 0.010s  Memory: 527.00M
"polygons" in: offgrid.lydrc:102
    Polygons (raw): 0 (flat)  0 (hierarchical)
    Elapsed: 0.010s  Memory: 527.00M
"polygons" in: offgrid.lydrc:103
    Polygons (raw): 0 (flat)  0 (hierarchical)
    Elapsed: 0.000s  Memory: 527.00M
"polygons" in: offgrid.lydrc:104
    Polygons (raw): 0 (flat)  0 (hierarchical)
    Elapsed: 0.010s  Memory: 527.00M
"polygons" in: offgrid.lydrc:105
    Polygons (raw): 0 (flat)  0 (hierarchical)
    Elapsed: 0.010s  Memory: 527.00M
"polygons" in: offgrid.lydrc:106
    Polygons (raw): 0 (flat)  0 (hierarchical)
    Elapsed: 0.010s  Memory: 527.00M
"polygons" in: offgrid.lydrc:107
    Polygons (raw): 0 (flat)  0 (hierarchical)
    Elapsed: 0.000s  Memory: 527.00M
"polygons" in: offgrid.lydrc:108
    Polygons (raw): 0 (flat)  0 (hierarchical)
    Elapsed: 0.010s  Memory: 527.00M
"polygons" in: offgrid.lydrc:109
    Polygons (raw): 0 (flat)  0 (hierarchical)
    Elapsed: 0.000s  Memory: 527.00M
"polygons" in: offgrid.lydrc:110
    Polygons (raw): 0 (flat)  0 (hierarchical)
    Elapsed: 0.000s  Memory: 527.00M
"polygons" in: offgrid.lydrc:111
    Polygons (raw): 0 (flat)  0 (hierarchical)
    Elapsed: 0.010s  Memory: 527.00M
"polygons" in: offgrid.lydrc:112
    Polygons (raw): 0 (flat)  0 (hierarchical)
    Elapsed: 0.010s  Memory: 527.00M
"polygons" in: offgrid.lydrc:113
    Polygons (raw): 0 (flat)  0 (hierarchical)
    Elapsed: 0.010s  Memory: 527.00M
"polygons" in: offgrid.lydrc:114
    Polygons (raw): 0 (flat)  0 (hierarchical)
    Elapsed: 0.000s  Memory: 527.00M
"polygons" in: offgrid.lydrc:115
    Polygons (raw): 0 (flat)  0 (hierarchical)
    Elapsed: 0.010s  Memory: 527.00M
"polygons" in: offgrid.lydrc:116
    Polygons (raw): 0 (flat)  0 (hierarchical)
    Elapsed: 0.010s  Memory: 527.00M
"polygons" in: offgrid.lydrc:117
    Polygons (raw): 0 (flat)  0 (hierarchical)
    Elapsed: 0.010s  Memory: 527.00M
"polygons" in: offgrid.lydrc:118
    Polygons (raw): 0 (flat)  0 (hierarchical)
    Elapsed: 0.000s  Memory: 527.00M
"polygons" in: offgrid.lydrc:119
    Polygons (raw): 0 (flat)  0 (hierarchical)
    Elapsed: 0.010s  Memory: 527.00M
"polygons" in: offgrid.lydrc:120
    Polygons (raw): 0 (flat)  0 (hierarchical)
    Elapsed: 0.000s  Memory: 527.00M
"polygons" in: offgrid.lydrc:121
    Polygons (raw): 0 (flat)  0 (hierarchical)
    Elapsed: 0.000s  Memory: 527.00M
"polygons" in: offgrid.lydrc:122
    Polygons (raw): 0 (flat)  0 (hierarchical)
    Elapsed: 0.010s  Memory: 527.00M
{{ OFFGRID-ANGLES section }}
"ongrid" in: offgrid.lydrc:127
    Edge pairs: 0 (flat)  0 (hierarchical)
    Elapsed: 0.010s  Memory: 527.00M
"output" in: offgrid.lydrc:127
    Edge pairs: 0 (flat)  0 (hierarchical)
    Elapsed: 0.010s  Memory: 527.00M
"with_angle" in: offgrid.lydrc:128
    Edge pairs: 0 (flat)  0 (hierarchical)
    Elapsed: 0.010s  Memory: 527.00M
"output" in: offgrid.lydrc:128
    Edge pairs: 0 (flat)  0 (hierarchical)
    Elapsed: 0.010s  Memory: 527.00M
"ongrid" in: offgrid.lydrc:129
    Edge pairs: 0 (flat)  0 (hierarchical)
    Elapsed: 0.070s  Memory: 530.00M
"output" in: offgrid.lydrc:129
    Edge pairs: 0 (flat)  0 (hierarchical)
    Elapsed: 0.010s  Memory: 530.00M
"with_angle" in: offgrid.lydrc:130
    Edge pairs: 0 (flat)  0 (hierarchical)
    Elapsed: 0.010s  Memory: 530.00M
"output" in: offgrid.lydrc:130
    Edge pairs: 0 (flat)  0 (hierarchical)
    Elapsed: 0.000s  Memory: 530.00M
"ongrid" in: offgrid.lydrc:131
    Edge pairs: 0 (flat)  0 (hierarchical)
    Elapsed: 0.010s  Memory: 530.00M
"output" in: offgrid.lydrc:131
    Edge pairs: 0 (flat)  0 (hierarchical)
    Elapsed: 0.010s  Memory: 530.00M
"with_angle" in: offgrid.lydrc:132
    Edge pairs: 0 (flat)  0 (hierarchical)
    Elapsed: 0.010s  Memory: 530.00M
"output" in: offgrid.lydrc:132
    Edge pairs: 0 (flat)  0 (hierarchical)
    Elapsed: 0.000s  Memory: 530.00M
"ongrid" in: offgrid.lydrc:133
    Edge pairs: 0 (flat)  0 (hierarchical)
    Elapsed: 0.010s  Memory: 530.00M
"output" in: offgrid.lydrc:133
    Edge pairs: 0 (flat)  0 (hierarchical)
    Elapsed: 0.010s  Memory: 530.00M
"with_angle" in: offgrid.lydrc:134
    Edge pairs: 0 (flat)  0 (hierarchical)
    Elapsed: 0.000s  Memory: 530.00M
"output" in: offgrid.lydrc:134
    Edge pairs: 0 (flat)  0 (hierarchical)
    Elapsed: 0.010s  Memory: 530.00M
"ongrid" in: offgrid.lydrc:135
    Edge pairs: 0 (flat)  0 (hierarchical)
    Elapsed: 0.070s  Memory: 530.00M
"output" in: offgrid.lydrc:135
    Edge pairs: 0 (flat)  0 (hierarchical)
    Elapsed: 0.010s  Memory: 530.00M
"with_angle" in: offgrid.lydrc:136
    Edge pairs: 0 (flat)  0 (hierarchical)
    Elapsed: 0.000s  Memory: 530.00M
"output" in: offgrid.lydrc:136
    Edge pairs: 0 (flat)  0 (hierarchical)
    Elapsed: 0.010s  Memory: 530.00M
"ongrid" in: offgrid.lydrc:137
    Edge pairs: 0 (flat)  0 (hierarchical)
    Elapsed: 0.010s  Memory: 530.00M
"output" in: offgrid.lydrc:137
    Edge pairs: 0 (flat)  0 (hierarchical)
    Elapsed: 0.010s  Memory: 530.00M
"with_angle" in: offgrid.lydrc:138
    Edge pairs: 0 (flat)  0 (hierarchical)
    Elapsed: 0.010s  Memory: 530.00M
"output" in: offgrid.lydrc:138
    Edge pairs: 0 (flat)  0 (hierarchical)
    Elapsed: 0.000s  Memory: 530.00M
"ongrid" in: offgrid.lydrc:139
    Edge pairs: 0 (flat)  0 (hierarchical)
    Elapsed: 0.020s  Memory: 530.00M
"output" in: offgrid.lydrc:139
    Edge pairs: 0 (flat)  0 (hierarchical)
    Elapsed: 0.000s  Memory: 530.00M
"with_angle" in: offgrid.lydrc:140
    Edge pairs: 0 (flat)  0 (hierarchical)
    Elapsed: 0.010s  Memory: 530.00M
"output" in: offgrid.lydrc:140
    Edge pairs: 0 (flat)  0 (hierarchical)
    Elapsed: 0.000s  Memory: 530.00M
"ongrid" in: offgrid.lydrc:141
    Edge pairs: 0 (flat)  0 (hierarchical)
    Elapsed: 0.000s  Memory: 530.00M
"output" in: offgrid.lydrc:141
    Edge pairs: 0 (flat)  0 (hierarchical)
    Elapsed: 0.010s  Memory: 530.00M
"with_angle" in: offgrid.lydrc:142
    Edge pairs: 0 (flat)  0 (hierarchical)
    Elapsed: 0.010s  Memory: 530.00M
"output" in: offgrid.lydrc:142
    Edge pairs: 0 (flat)  0 (hierarchical)
    Elapsed: 0.000s  Memory: 530.00M
"ongrid" in: offgrid.lydrc:143
    Edge pairs: 0 (flat)  0 (hierarchical)
    Elapsed: 0.020s  Memory: 530.00M
"output" in: offgrid.lydrc:143
    Edge pairs: 0 (flat)  0 (hierarchical)
    Elapsed: 0.010s  Memory: 530.00M
"ongrid" in: offgrid.lydrc:144
    Edge pairs: 0 (flat)  0 (hierarchical)
    Elapsed: 0.010s  Memory: 530.00M
"output" in: offgrid.lydrc:144
    Edge pairs: 0 (flat)  0 (hierarchical)
    Elapsed: 0.010s  Memory: 530.00M
"and" in: offgrid.lydrc:145
    Polygons (raw): 0 (flat)  0 (hierarchical)
    Elapsed: 0.010s  Memory: 530.00M
"not" in: offgrid.lydrc:145
    Polygons (raw): 8949 (flat)  121 (hierarchical)
    Elapsed: 0.000s  Memory: 530.00M
"with_angle" in: offgrid.lydrc:145
    Edge pairs: 0 (flat)  0 (hierarchical)
    Elapsed: 0.010s  Memory: 530.00M
"output" in: offgrid.lydrc:145
    Edge pairs: 0 (flat)  0 (hierarchical)
    Elapsed: 0.010s  Memory: 530.00M
"and" in: offgrid.lydrc:146
    Polygons (raw): 0 (flat)  0 (hierarchical)
    Elapsed: 0.010s  Memory: 530.00M
"and" in: offgrid.lydrc:146
    Polygons (raw): 0 (flat)  0 (hierarchical)
    Elapsed: 0.000s  Memory: 530.00M
"with_angle" in: offgrid.lydrc:146
    Edge pairs: 0 (flat)  0 (hierarchical)
    Elapsed: 0.010s  Memory: 530.00M
"output" in: offgrid.lydrc:146
    Edge pairs: 0 (flat)  0 (hierarchical)
    Elapsed: 0.010s  Memory: 530.00M
"and" in: offgrid.lydrc:147
    Polygons (raw): 0 (flat)  0 (hierarchical)
    Elapsed: 0.010s  Memory: 530.00M
"not" in: offgrid.lydrc:147
    Polygons (raw): 1474 (flat)  2 (hierarchical)
    Elapsed: 0.010s  Memory: 530.00M
"with_angle" in: offgrid.lydrc:147
    Edge pairs: 0 (flat)  0 (hierarchical)
    Elapsed: 0.000s  Memory: 530.00M
"output" in: offgrid.lydrc:147
    Edge pairs: 0 (flat)  0 (hierarchical)
    Elapsed: 0.010s  Memory: 530.00M
"and" in: offgrid.lydrc:148
    Polygons (raw): 0 (flat)  0 (hierarchical)
    Elapsed: 0.010s  Memory: 530.00M
"and" in: offgrid.lydrc:148
    Polygons (raw): 0 (flat)  0 (hierarchical)
    Elapsed: 0.000s  Memory: 530.00M
"with_angle" in: offgrid.lydrc:148
    Edge pairs: 0 (flat)  0 (hierarchical)
    Elapsed: 0.010s  Memory: 530.00M
"output" in: offgrid.lydrc:148
    Edge pairs: 0 (flat)  0 (hierarchical)
    Elapsed: 0.000s  Memory: 530.00M
"ongrid" in: offgrid.lydrc:149
    Edge pairs: 0 (flat)  0 (hierarchical)
    Elapsed: 0.010s  Memory: 530.00M
"output" in: offgrid.lydrc:149
    Edge pairs: 0 (flat)  0 (hierarchical)
    Elapsed: 0.010s  Memory: 530.00M
"with_angle" in: offgrid.lydrc:150
    Edge pairs: 0 (flat)  0 (hierarchical)
    Elapsed: 0.010s  Memory: 530.00M
"output" in: offgrid.lydrc:150
    Edge pairs: 0 (flat)  0 (hierarchical)
    Elapsed: 0.000s  Memory: 530.00M
"ongrid" in: offgrid.lydrc:151
    Edge pairs: 0 (flat)  0 (hierarchical)
    Elapsed: 0.020s  Memory: 530.00M
"output" in: offgrid.lydrc:151
    Edge pairs: 0 (flat)  0 (hierarchical)
    Elapsed: 0.010s  Memory: 530.00M
"with_angle" in: offgrid.lydrc:152
    Edge pairs: 0 (flat)  0 (hierarchical)
    Elapsed: 0.010s  Memory: 530.00M
"output" in: offgrid.lydrc:152
    Edge pairs: 0 (flat)  0 (hierarchical)
    Elapsed: 0.010s  Memory: 530.00M
"ongrid" in: offgrid.lydrc:153
    Edge pairs: 0 (flat)  0 (hierarchical)
    Elapsed: 0.010s  Memory: 530.00M
"output" in: offgrid.lydrc:153
    Edge pairs: 0 (flat)  0 (hierarchical)
    Elapsed: 0.000s  Memory: 530.00M
"with_angle" in: offgrid.lydrc:154
    Edge pairs: 0 (flat)  0 (hierarchical)
    Elapsed: 0.010s  Memory: 530.00M
"output" in: offgrid.lydrc:154
    Edge pairs: 0 (flat)  0 (hierarchical)
    Elapsed: 0.010s  Memory: 530.00M
"ongrid" in: offgrid.lydrc:155
    Edge pairs: 0 (flat)  0 (hierarchical)
    Elapsed: 0.050s  Memory: 530.00M
"output" in: offgrid.lydrc:155
    Edge pairs: 0 (flat)  0 (hierarchical)
    Elapsed: 0.000s  Memory: 530.00M
"with_angle" in: offgrid.lydrc:156
    Edge pairs: 0 (flat)  0 (hierarchical)
    Elapsed: 0.000s  Memory: 530.00M
"output" in: offgrid.lydrc:156
    Edge pairs: 0 (flat)  0 (hierarchical)
    Elapsed: 0.010s  Memory: 530.00M
"ongrid" in: offgrid.lydrc:157
    Edge pairs: 0 (flat)  0 (hierarchical)
    Elapsed: 0.070s  Memory: 530.00M
"output" in: offgrid.lydrc:157
    Edge pairs: 0 (flat)  0 (hierarchical)
    Elapsed: 0.000s  Memory: 530.00M
"with_angle" in: offgrid.lydrc:158
    Edge pairs: 0 (flat)  0 (hierarchical)
    Elapsed: 0.010s  Memory: 530.00M
"output" in: offgrid.lydrc:158
    Edge pairs: 0 (flat)  0 (hierarchical)
    Elapsed: 0.010s  Memory: 530.00M
"ongrid" in: offgrid.lydrc:159
    Edge pairs: 0 (flat)  0 (hierarchical)
    Elapsed: 0.080s  Memory: 530.00M
"output" in: offgrid.lydrc:159
    Edge pairs: 0 (flat)  0 (hierarchical)
    Elapsed: 0.010s  Memory: 530.00M
"with_angle" in: offgrid.lydrc:160
    Edge pairs: 0 (flat)  0 (hierarchical)
    Elapsed: 0.010s  Memory: 530.00M
"output" in: offgrid.lydrc:160
    Edge pairs: 0 (flat)  0 (hierarchical)
    Elapsed: 0.000s  Memory: 530.00M
"ongrid" in: offgrid.lydrc:161
    Edge pairs: 0 (flat)  0 (hierarchical)
    Elapsed: 0.030s  Memory: 530.00M
"output" in: offgrid.lydrc:161
    Edge pairs: 0 (flat)  0 (hierarchical)
    Elapsed: 0.000s  Memory: 530.00M
"with_angle" in: offgrid.lydrc:162
    Edge pairs: 0 (flat)  0 (hierarchical)
    Elapsed: 0.010s  Memory: 530.00M
"output" in: offgrid.lydrc:162
    Edge pairs: 0 (flat)  0 (hierarchical)
    Elapsed: 0.000s  Memory: 530.00M
"ongrid" in: offgrid.lydrc:163
    Edge pairs: 0 (flat)  0 (hierarchical)
    Elapsed: 0.200s  Memory: 533.00M
"output" in: offgrid.lydrc:163
    Edge pairs: 0 (flat)  0 (hierarchical)
    Elapsed: 0.010s  Memory: 533.00M
"with_angle" in: offgrid.lydrc:164
    Edge pairs: 0 (flat)  0 (hierarchical)
    Elapsed: 0.010s  Memory: 533.00M
"output" in: offgrid.lydrc:164
    Edge pairs: 0 (flat)  0 (hierarchical)
    Elapsed: 0.010s  Memory: 533.00M
"ongrid" in: offgrid.lydrc:165
    Edge pairs: 0 (flat)  0 (hierarchical)
    Elapsed: 0.510s  Memory: 552.00M
"output" in: offgrid.lydrc:165
    Edge pairs: 0 (flat)  0 (hierarchical)
    Elapsed: 0.010s  Memory: 552.00M
"with_angle" in: offgrid.lydrc:166
    Edge pairs: 0 (flat)  0 (hierarchical)
    Elapsed: 0.040s  Memory: 552.00M
"output" in: offgrid.lydrc:166
    Edge pairs: 0 (flat)  0 (hierarchical)
    Elapsed: 0.000s  Memory: 552.00M
"ongrid" in: offgrid.lydrc:167
    Edge pairs: 0 (flat)  0 (hierarchical)
    Elapsed: 0.010s  Memory: 552.00M
"output" in: offgrid.lydrc:167
    Edge pairs: 0 (flat)  0 (hierarchical)
    Elapsed: 0.010s  Memory: 552.00M
"with_angle" in: offgrid.lydrc:168
    Edge pairs: 0 (flat)  0 (hierarchical)
    Elapsed: 0.000s  Memory: 552.00M
"output" in: offgrid.lydrc:168
    Edge pairs: 0 (flat)  0 (hierarchical)
    Elapsed: 0.010s  Memory: 552.00M
"ongrid" in: offgrid.lydrc:169
    Edge pairs: 0 (flat)  0 (hierarchical)
    Elapsed: 0.220s  Memory: 552.00M
"output" in: offgrid.lydrc:169
    Edge pairs: 0 (flat)  0 (hierarchical)
    Elapsed: 0.010s  Memory: 552.00M
"with_angle" in: offgrid.lydrc:170
    Edge pairs: 0 (flat)  0 (hierarchical)
    Elapsed: 0.010s  Memory: 552.00M
"output" in: offgrid.lydrc:170
    Edge pairs: 0 (flat)  0 (hierarchical)
    Elapsed: 0.000s  Memory: 552.00M
"ongrid" in: offgrid.lydrc:171
    Edge pairs: 0 (flat)  0 (hierarchical)
    Elapsed: 0.050s  Memory: 552.00M
"output" in: offgrid.lydrc:171
    Edge pairs: 0 (flat)  0 (hierarchical)
    Elapsed: 0.010s  Memory: 552.00M
"with_angle" in: offgrid.lydrc:172
    Edge pairs: 0 (flat)  0 (hierarchical)
    Elapsed: 0.010s  Memory: 552.00M
"output" in: offgrid.lydrc:172
    Edge pairs: 0 (flat)  0 (hierarchical)
    Elapsed: 0.000s  Memory: 552.00M
"ongrid" in: offgrid.lydrc:173
    Edge pairs: 0 (flat)  0 (hierarchical)
    Elapsed: 0.080s  Memory: 552.00M
"output" in: offgrid.lydrc:173
    Edge pairs: 0 (flat)  0 (hierarchical)
    Elapsed: 0.000s  Memory: 552.00M
"with_angle" in: offgrid.lydrc:174
    Edge pairs: 0 (flat)  0 (hierarchical)
    Elapsed: 0.010s  Memory: 552.00M
"output" in: offgrid.lydrc:174
    Edge pairs: 0 (flat)  0 (hierarchical)
    Elapsed: 0.010s  Memory: 552.00M
"ongrid" in: offgrid.lydrc:175
    Edge pairs: 0 (flat)  0 (hierarchical)
    Elapsed: 0.020s  Memory: 552.00M
"output" in: offgrid.lydrc:175
    Edge pairs: 0 (flat)  0 (hierarchical)
    Elapsed: 0.010s  Memory: 552.00M
"with_angle" in: offgrid.lydrc:176
    Edge pairs: 0 (flat)  0 (hierarchical)
    Elapsed: 0.000s  Memory: 552.00M
"output" in: offgrid.lydrc:176
    Edge pairs: 0 (flat)  0 (hierarchical)
    Elapsed: 0.010s  Memory: 552.00M
"ongrid" in: offgrid.lydrc:177
    Edge pairs: 0 (flat)  0 (hierarchical)
    Elapsed: 0.030s  Memory: 552.00M
"output" in: offgrid.lydrc:177
    Edge pairs: 0 (flat)  0 (hierarchical)
    Elapsed: 0.010s  Memory: 552.00M
"with_angle" in: offgrid.lydrc:178
    Edge pairs: 0 (flat)  0 (hierarchical)
    Elapsed: 0.000s  Memory: 552.00M
"output" in: offgrid.lydrc:178
    Edge pairs: 0 (flat)  0 (hierarchical)
    Elapsed: 0.010s  Memory: 552.00M
"ongrid" in: offgrid.lydrc:179
    Edge pairs: 0 (flat)  0 (hierarchical)
    Elapsed: 0.020s  Memory: 552.00M
"output" in: offgrid.lydrc:179
    Edge pairs: 0 (flat)  0 (hierarchical)
    Elapsed: 0.000s  Memory: 552.00M
"with_angle" in: offgrid.lydrc:180
    Edge pairs: 0 (flat)  0 (hierarchical)
    Elapsed: 0.010s  Memory: 552.00M
"output" in: offgrid.lydrc:180
    Edge pairs: 0 (flat)  0 (hierarchical)
    Elapsed: 0.010s  Memory: 552.00M
"ongrid" in: offgrid.lydrc:181
    Edge pairs: 0 (flat)  0 (hierarchical)
    Elapsed: 0.010s  Memory: 552.00M
"output" in: offgrid.lydrc:181
    Edge pairs: 0 (flat)  0 (hierarchical)
    Elapsed: 0.010s  Memory: 552.00M
"with_angle" in: offgrid.lydrc:182
    Edge pairs: 0 (flat)  0 (hierarchical)
    Elapsed: 0.000s  Memory: 552.00M
"output" in: offgrid.lydrc:182
    Edge pairs: 0 (flat)  0 (hierarchical)
    Elapsed: 0.010s  Memory: 552.00M
"ongrid" in: offgrid.lydrc:183
    Edge pairs: 0 (flat)  0 (hierarchical)
    Elapsed: 0.010s  Memory: 552.00M
"output" in: offgrid.lydrc:183
    Edge pairs: 0 (flat)  0 (hierarchical)
    Elapsed: 0.000s  Memory: 552.00M
"with_angle" in: offgrid.lydrc:184
    Edge pairs: 0 (flat)  0 (hierarchical)
    Elapsed: 0.000s  Memory: 552.00M
"output" in: offgrid.lydrc:184
    Edge pairs: 0 (flat)  0 (hierarchical)
    Elapsed: 0.010s  Memory: 552.00M
"ongrid" in: offgrid.lydrc:185
    Edge pairs: 0 (flat)  0 (hierarchical)
    Elapsed: 0.080s  Memory: 552.00M
"output" in: offgrid.lydrc:185
    Edge pairs: 0 (flat)  0 (hierarchical)
    Elapsed: 0.010s  Memory: 552.00M
"with_angle" in: offgrid.lydrc:186
    Edge pairs: 0 (flat)  0 (hierarchical)
    Elapsed: 0.010s  Memory: 552.00M
"output" in: offgrid.lydrc:186
    Edge pairs: 0 (flat)  0 (hierarchical)
    Elapsed: 0.010s  Memory: 552.00M
"ongrid" in: offgrid.lydrc:187
    Edge pairs: 0 (flat)  0 (hierarchical)
    Elapsed: 0.010s  Memory: 552.00M
"output" in: offgrid.lydrc:187
    Edge pairs: 0 (flat)  0 (hierarchical)
    Elapsed: 0.000s  Memory: 552.00M
"with_angle" in: offgrid.lydrc:188
    Edge pairs: 0 (flat)  0 (hierarchical)
    Elapsed: 0.010s  Memory: 552.00M
"output" in: offgrid.lydrc:188
    Edge pairs: 0 (flat)  0 (hierarchical)
    Elapsed: 0.010s  Memory: 552.00M
"ongrid" in: offgrid.lydrc:189
    Edge pairs: 0 (flat)  0 (hierarchical)
    Elapsed: 0.010s  Memory: 552.00M
"output" in: offgrid.lydrc:189
    Edge pairs: 0 (flat)  0 (hierarchical)
    Elapsed: 0.000s  Memory: 552.00M
"with_angle" in: offgrid.lydrc:190
    Edge pairs: 0 (flat)  0 (hierarchical)
    Elapsed: 0.010s  Memory: 552.00M
"output" in: offgrid.lydrc:190
    Edge pairs: 0 (flat)  0 (hierarchical)
    Elapsed: 0.010s  Memory: 552.00M
"ongrid" in: offgrid.lydrc:191
    Edge pairs: 0 (flat)  0 (hierarchical)
    Elapsed: 0.010s  Memory: 552.00M
"output" in: offgrid.lydrc:191
    Edge pairs: 0 (flat)  0 (hierarchical)
    Elapsed: 0.000s  Memory: 552.00M
"with_angle" in: offgrid.lydrc:192
    Edge pairs: 0 (flat)  0 (hierarchical)
    Elapsed: 0.010s  Memory: 552.00M
"output" in: offgrid.lydrc:192
    Edge pairs: 0 (flat)  0 (hierarchical)
    Elapsed: 0.010s  Memory: 552.00M
"ongrid" in: offgrid.lydrc:193
    Edge pairs: 0 (flat)  0 (hierarchical)
    Elapsed: 0.010s  Memory: 552.00M
"output" in: offgrid.lydrc:193
    Edge pairs: 0 (flat)  0 (hierarchical)
    Elapsed: 0.000s  Memory: 552.00M
"with_angle" in: offgrid.lydrc:194
    Edge pairs: 0 (flat)  0 (hierarchical)
    Elapsed: 0.010s  Memory: 552.00M
"output" in: offgrid.lydrc:194
    Edge pairs: 0 (flat)  0 (hierarchical)
    Elapsed: 0.010s  Memory: 552.00M
"ongrid" in: offgrid.lydrc:195
    Edge pairs: 0 (flat)  0 (hierarchical)
    Elapsed: 0.010s  Memory: 552.00M
"output" in: offgrid.lydrc:195
    Edge pairs: 0 (flat)  0 (hierarchical)
    Elapsed: 0.000s  Memory: 552.00M
"with_angle" in: offgrid.lydrc:196
    Edge pairs: 0 (flat)  0 (hierarchical)
    Elapsed: 0.010s  Memory: 552.00M
"output" in: offgrid.lydrc:196
    Edge pairs: 0 (flat)  0 (hierarchical)
    Elapsed: 0.010s  Memory: 552.00M
"ongrid" in: offgrid.lydrc:197
    Edge pairs: 0 (flat)  0 (hierarchical)
    Elapsed: 0.010s  Memory: 552.00M
"output" in: offgrid.lydrc:197
    Edge pairs: 0 (flat)  0 (hierarchical)
    Elapsed: 0.010s  Memory: 552.00M
"with_angle" in: offgrid.lydrc:198
    Edge pairs: 0 (flat)  0 (hierarchical)
    Elapsed: 0.000s  Memory: 552.00M
"output" in: offgrid.lydrc:198
    Edge pairs: 0 (flat)  0 (hierarchical)
    Elapsed: 0.010s  Memory: 552.00M
"ongrid" in: offgrid.lydrc:199
    Edge pairs: 0 (flat)  0 (hierarchical)
    Elapsed: 0.010s  Memory: 552.00M
"output" in: offgrid.lydrc:199
    Edge pairs: 0 (flat)  0 (hierarchical)
    Elapsed: 0.010s  Memory: 552.00M
"with_angle" in: offgrid.lydrc:200
    Edge pairs: 0 (flat)  0 (hierarchical)
    Elapsed: 0.010s  Memory: 552.00M
"output" in: offgrid.lydrc:200
    Edge pairs: 0 (flat)  0 (hierarchical)
    Elapsed: 0.000s  Memory: 552.00M
"ongrid" in: offgrid.lydrc:201
    Edge pairs: 0 (flat)  0 (hierarchical)
    Elapsed: 0.010s  Memory: 552.00M
"output" in: offgrid.lydrc:201
    Edge pairs: 0 (flat)  0 (hierarchical)
    Elapsed: 0.010s  Memory: 552.00M
"with_angle" in: offgrid.lydrc:202
    Edge pairs: 0 (flat)  0 (hierarchical)
    Elapsed: 0.010s  Memory: 552.00M
"output" in: offgrid.lydrc:202
    Edge pairs: 0 (flat)  0 (hierarchical)
    Elapsed: 0.010s  Memory: 552.00M
"ongrid" in: offgrid.lydrc:203
    Edge pairs: 0 (flat)  0 (hierarchical)
    Elapsed: 0.000s  Memory: 552.00M
"output" in: offgrid.lydrc:203
    Edge pairs: 0 (flat)  0 (hierarchical)
    Elapsed: 0.010s  Memory: 552.00M
Writing report database: /soft/ProgramFiles/caravel_user_project/precheck_results/18_OCT_2021___15_19_27/outputs/reports/klayout_offgrid_check.xml ..
Total elapsed: 3.500s  Memory: 533.00M
