/soft/ProgramFiles/caravel_user_project/caravel/verilog/rtl/DFFRAM.v: OK
/soft/ProgramFiles/caravel_user_project/caravel/verilog/rtl/DFFRAMBB.v: OK
/soft/ProgramFiles/caravel_user_project/caravel/verilog/rtl/__uprj_analog_netlists.v: OK
/soft/ProgramFiles/caravel_user_project/caravel/verilog/rtl/__uprj_netlists.v: OK
/soft/ProgramFiles/caravel_user_project/caravel/verilog/rtl/__user_analog_project_wrapper.v: OK
/soft/ProgramFiles/caravel_user_project/caravel/verilog/rtl/__user_project_wrapper.v: OK
/soft/ProgramFiles/caravel_user_project/caravel/verilog/rtl/caravan.v: OK
/soft/ProgramFiles/caravel_user_project/caravel/verilog/rtl/caravan_netlists.v: OK
/soft/ProgramFiles/caravel_user_project/caravel/verilog/rtl/caravel.v: OK
/soft/ProgramFiles/caravel_user_project/caravel/verilog/rtl/caravel_clocking.v: OK
/soft/ProgramFiles/caravel_user_project/caravel/verilog/rtl/chip_io.v: OK
/soft/ProgramFiles/caravel_user_project/caravel/verilog/rtl/chip_io_alt.v: OK
/soft/ProgramFiles/caravel_user_project/caravel/verilog/rtl/clock_div.v: OK
/soft/ProgramFiles/caravel_user_project/caravel/verilog/rtl/convert_gpio_sigs.v: OK
/soft/ProgramFiles/caravel_user_project/caravel/verilog/rtl/counter_timer_high.v: OK
/soft/ProgramFiles/caravel_user_project/caravel/verilog/rtl/counter_timer_low.v: OK
/soft/ProgramFiles/caravel_user_project/caravel/verilog/rtl/digital_pll.v: OK
/soft/ProgramFiles/caravel_user_project/caravel/verilog/rtl/digital_pll_controller.v: OK
/soft/ProgramFiles/caravel_user_project/caravel/verilog/rtl/gpio_control_block.v: OK
/soft/ProgramFiles/caravel_user_project/caravel/verilog/rtl/gpio_logic_high.v: OK
/soft/ProgramFiles/caravel_user_project/caravel/verilog/rtl/gpio_wb.v: OK
/soft/ProgramFiles/caravel_user_project/caravel/verilog/rtl/housekeeping_spi.v: OK
/soft/ProgramFiles/caravel_user_project/caravel/verilog/rtl/la_wb.v: OK
/soft/ProgramFiles/caravel_user_project/caravel/verilog/rtl/mem_wb.v: OK
/soft/ProgramFiles/caravel_user_project/caravel/verilog/rtl/mgmt_core.v: OK
/soft/ProgramFiles/caravel_user_project/caravel/verilog/rtl/mgmt_protect.v: OK
/soft/ProgramFiles/caravel_user_project/caravel/verilog/rtl/mgmt_protect_hv.v: OK
/soft/ProgramFiles/caravel_user_project/caravel/verilog/rtl/mgmt_soc.v: OK
/soft/ProgramFiles/caravel_user_project/caravel/verilog/rtl/mprj2_logic_high.v: OK
/soft/ProgramFiles/caravel_user_project/caravel/verilog/rtl/mprj_ctrl.v: OK
/soft/ProgramFiles/caravel_user_project/caravel/verilog/rtl/mprj_io.v: OK
/soft/ProgramFiles/caravel_user_project/caravel/verilog/rtl/mprj_logic_high.v: OK
/soft/ProgramFiles/caravel_user_project/caravel/verilog/rtl/pads.v: OK
/soft/ProgramFiles/caravel_user_project/caravel/verilog/rtl/picorv32.v: OK
/soft/ProgramFiles/caravel_user_project/caravel/verilog/rtl/ring_osc2x13.v: OK
/soft/ProgramFiles/caravel_user_project/caravel/verilog/rtl/simple_por.v: OK
/soft/ProgramFiles/caravel_user_project/caravel/verilog/rtl/simple_spi_master.v: OK
/soft/ProgramFiles/caravel_user_project/caravel/verilog/rtl/simpleuart.v: OK
/soft/ProgramFiles/caravel_user_project/caravel/verilog/rtl/sky130_fd_sc_hvl__lsbufhv2lv_1_wrapped.v: OK
/soft/ProgramFiles/caravel_user_project/caravel/verilog/rtl/spimemio.v: OK
/soft/ProgramFiles/caravel_user_project/caravel/verilog/rtl/sram_1rw1r_32_256_8_sky130.v: OK
/soft/ProgramFiles/caravel_user_project/caravel/verilog/rtl/storage.v: OK
/soft/ProgramFiles/caravel_user_project/caravel/verilog/rtl/storage_bridge_wb.v: OK
/soft/ProgramFiles/caravel_user_project/caravel/verilog/rtl/sysctrl.v: OK
/soft/ProgramFiles/caravel_user_project/caravel/verilog/rtl/wb_intercon.v: OK
/soft/ProgramFiles/caravel_user_project/caravel/scripts/set_user_id.py: OK
/soft/ProgramFiles/caravel_user_project/caravel/scripts/generate_fill.py: OK
/soft/ProgramFiles/caravel_user_project/caravel/scripts/compositor.py: OK
