
83. Printing statistics.

=== axmul ===

   Number of wires:                159
   Number of wire bits:            188
   Number of public wires:           3
   Number of public wire bits:      32
   Number of memories:               0
   Number of memory bits:            0
   Number of processes:              0
   Number of cells:                172
     sky130_fd_sc_hd__a21o_2         1
     sky130_fd_sc_hd__a21oi_2        1
     sky130_fd_sc_hd__a22o_2         1
     sky130_fd_sc_hd__a2bb2o_2      21
     sky130_fd_sc_hd__a2bb2oi_2      1
     sky130_fd_sc_hd__a31o_2         2
     sky130_fd_sc_hd__a31oi_2        1
     sky130_fd_sc_hd__a32o_2         2
     sky130_fd_sc_hd__a41o_2         3
     sky130_fd_sc_hd__and2_2         5
     sky130_fd_sc_hd__buf_1         16
     sky130_fd_sc_hd__inv_2         30
     sky130_fd_sc_hd__mux2_1         2
     sky130_fd_sc_hd__nand2_2        5
     sky130_fd_sc_hd__nor2_2         6
     sky130_fd_sc_hd__o21a_2         2
     sky130_fd_sc_hd__o21ai_2        6
     sky130_fd_sc_hd__o221a_2        9
     sky130_fd_sc_hd__o221ai_2       2
     sky130_fd_sc_hd__o22a_2        19
     sky130_fd_sc_hd__o31a_2         1
     sky130_fd_sc_hd__o32a_2         1
     sky130_fd_sc_hd__o41a_2         1
     sky130_fd_sc_hd__or2_2         29
     sky130_fd_sc_hd__or2b_2         4
     sky130_fd_sc_hd__or3_2          1

   Chip area for module '\axmul': 1316.262400

