
56. Printing statistics.

=== axmul ===

   Number of wires:                243
   Number of wire bits:            272
   Number of public wires:           3
   Number of public wire bits:      32
   Number of memories:               0
   Number of memory bits:            0
   Number of processes:              0
   Number of cells:                256
     sky130_fd_sc_hd__a211oi_2       1
     sky130_fd_sc_hd__a21boi_2       1
     sky130_fd_sc_hd__a21o_2         5
     sky130_fd_sc_hd__a21oi_2       13
     sky130_fd_sc_hd__a221o_2        2
     sky130_fd_sc_hd__a22o_2         1
     sky130_fd_sc_hd__a22oi_2        7
     sky130_fd_sc_hd__and2_2         7
     sky130_fd_sc_hd__and2b_2        1
     sky130_fd_sc_hd__and3_2         2
     sky130_fd_sc_hd__and4_2         1
     sky130_fd_sc_hd__buf_1         27
     sky130_fd_sc_hd__inv_2         19
     sky130_fd_sc_hd__mux2_1         2
     sky130_fd_sc_hd__mux2_2         1
     sky130_fd_sc_hd__nand2_2       82
     sky130_fd_sc_hd__nand3_2       30
     sky130_fd_sc_hd__nand3b_2       5
     sky130_fd_sc_hd__nor2_2         9
     sky130_fd_sc_hd__nor2b_2        1
     sky130_fd_sc_hd__nor3_2         1
     sky130_fd_sc_hd__o2111ai_2      1
     sky130_fd_sc_hd__o211a_2        2
     sky130_fd_sc_hd__o211ai_2       3
     sky130_fd_sc_hd__o21a_2         4
     sky130_fd_sc_hd__o21ai_2       10
     sky130_fd_sc_hd__o21bai_2       3
     sky130_fd_sc_hd__o221ai_2       1
     sky130_fd_sc_hd__o22ai_2        1
     sky130_fd_sc_hd__or2b_2         1
     sky130_fd_sc_hd__xnor2_2        2
     sky130_fd_sc_hd__xor2_2        10

   Chip area for module '\axmul': 1999.417600

