
38. Printing statistics.

=== axmul ===

   Number of wires:                271
   Number of wire bits:            300
   Number of public wires:           3
   Number of public wire bits:      32
   Number of memories:               0
   Number of memory bits:            0
   Number of processes:              0
   Number of cells:                284
     sky130_fd_sc_hd__a211o_2        1
     sky130_fd_sc_hd__a211oi_2       1
     sky130_fd_sc_hd__a21o_2         3
     sky130_fd_sc_hd__a21oi_2       14
     sky130_fd_sc_hd__a221o_2        2
     sky130_fd_sc_hd__a22o_2         1
     sky130_fd_sc_hd__a22oi_2       12
     sky130_fd_sc_hd__a31o_2         3
     sky130_fd_sc_hd__a31oi_2        1
     sky130_fd_sc_hd__a32oi_2        2
     sky130_fd_sc_hd__and2_2        11
     sky130_fd_sc_hd__and3_2         6
     sky130_fd_sc_hd__and4_2         1
     sky130_fd_sc_hd__buf_1         29
     sky130_fd_sc_hd__inv_2         22
     sky130_fd_sc_hd__mux2_1         2
     sky130_fd_sc_hd__nand2_2       83
     sky130_fd_sc_hd__nand3_2       33
     sky130_fd_sc_hd__nand3b_2       2
     sky130_fd_sc_hd__nor2_2        15
     sky130_fd_sc_hd__nor3_2         2
     sky130_fd_sc_hd__o2111a_2       1
     sky130_fd_sc_hd__o2111ai_2      2
     sky130_fd_sc_hd__o211a_2        3
     sky130_fd_sc_hd__o211ai_2       7
     sky130_fd_sc_hd__o21a_2         3
     sky130_fd_sc_hd__o21ai_2        6
     sky130_fd_sc_hd__o21bai_2       1
     sky130_fd_sc_hd__o221ai_2       1
     sky130_fd_sc_hd__o22ai_2        3
     sky130_fd_sc_hd__o2bb2ai_2      1
     sky130_fd_sc_hd__o311ai_2       1
     sky130_fd_sc_hd__o31a_2         1
     sky130_fd_sc_hd__or2b_2         2
     sky130_fd_sc_hd__or3_2          1
     sky130_fd_sc_hd__xnor2_2        2
     sky130_fd_sc_hd__xor2_2         3

   Chip area for module '\axmul': 2213.372800

