min_max_report
Startpoint: io_in[1] (input port clocked by wb_clk_i)
Endpoint: io_out[1] (output port clocked by wb_clk_i)
Path Group: wb_clk_i
Path Type: min

Fanout     Cap    Slew   Delay    Time   Description
-----------------------------------------------------------------------------
                          0.00    0.00   clock wb_clk_i (rise edge)
                          0.00    0.00   clock network delay (propagated)
                          2.00    2.00 v input external delay
                  0.00    0.00    2.00 v io_in[1] (in)
     2    0.01                           io_in[1] (net)
                  0.00    0.00    2.00 v input8/A (sky130_fd_sc_hd__clkbuf_2)
                  0.08    0.10    2.10 v input8/X (sky130_fd_sc_hd__clkbuf_2)
     6    0.03                           net8 (net)
                  0.08    0.01    2.11 v _275_/A1 (sky130_fd_sc_hd__a31o_1)
                  0.05    0.16    2.27 v _275_/X (sky130_fd_sc_hd__a31o_1)
     2    0.01                           net24 (net)
                  0.05    0.00    2.28 v output24/A (sky130_fd_sc_hd__clkbuf_2)
                  0.06    0.11    2.38 v output24/X (sky130_fd_sc_hd__clkbuf_2)
     1    0.02                           io_out[1] (net)
                  0.06    0.01    2.39 v io_out[1] (out)
                                  2.39   data arrival time

                          0.00    0.00   clock wb_clk_i (rise edge)
                          0.00    0.00   clock network delay (propagated)
                          0.00    0.00   clock reconvergence pessimism
                         -2.00   -2.00   output external delay
                                 -2.00   data required time
-----------------------------------------------------------------------------
                                 -2.00   data required time
                                 -2.39   data arrival time
-----------------------------------------------------------------------------
                                  4.39   slack (MET)


Startpoint: io_in[11] (input port clocked by wb_clk_i)
Endpoint: io_out[12] (output port clocked by wb_clk_i)
Path Group: wb_clk_i
Path Type: max

Fanout     Cap    Slew   Delay    Time   Description
-----------------------------------------------------------------------------
                          0.00    0.00   clock wb_clk_i (rise edge)
                          0.00    0.00   clock network delay (propagated)
                          2.00    2.00 ^ input external delay
                  0.03    0.01    2.01 ^ io_in[11] (in)
     2    0.01                           io_in[11] (net)
                  0.03    0.00    2.01 ^ input3/A (sky130_fd_sc_hd__buf_1)
                  0.18    0.21    2.22 ^ input3/X (sky130_fd_sc_hd__buf_1)
     1    0.01                           net3 (net)
                  0.18    0.00    2.23 ^ _298_/A (sky130_fd_sc_hd__inv_2)
                  0.07    0.12    2.35 v _298_/Y (sky130_fd_sc_hd__inv_2)
     2    0.01                           _119_ (net)
                  0.07    0.00    2.35 v _299_/A (sky130_fd_sc_hd__buf_1)
                  0.20    0.28    2.63 v _299_/X (sky130_fd_sc_hd__buf_1)
     5    0.02                           _120_ (net)
                  0.20    0.01    2.63 v _302_/B (sky130_fd_sc_hd__or4_1)
                  0.22    1.28    3.92 v _302_/X (sky130_fd_sc_hd__or4_1)
     2    0.01                           _123_ (net)
                  0.22    0.00    3.92 v _216_/B_N (sky130_fd_sc_hd__or2b_1)
                  0.15    0.41    4.33 ^ _216_/X (sky130_fd_sc_hd__or2b_1)
     3    0.01                           _056_ (net)
                  0.15    0.00    4.33 ^ _217_/A2_N (sky130_fd_sc_hd__a2bb2o_1)
                  0.15    0.68    5.02 v _217_/X (sky130_fd_sc_hd__a2bb2o_1)
     3    0.01                           _057_ (net)
                  0.15    0.00    5.02 v _224_/B1 (sky130_fd_sc_hd__a2bb2o_1)
                  0.18    0.71    5.73 v _224_/X (sky130_fd_sc_hd__a2bb2o_1)
     2    0.01                           _064_ (net)
                  0.18    0.00    5.73 v _226_/A (sky130_fd_sc_hd__nor2_2)
                  0.25    0.31    6.04 ^ _226_/Y (sky130_fd_sc_hd__nor2_2)
     4    0.01                           _066_ (net)
                  0.25    0.01    6.05 ^ rebuffer5/A (sky130_fd_sc_hd__dlymetal6s4s_1)
                  0.13    0.42    6.47 ^ rebuffer5/X (sky130_fd_sc_hd__dlymetal6s4s_1)
     1    0.01                           net37 (net)
                  0.13    0.00    6.48 ^ _258_/A2 (sky130_fd_sc_hd__o21ai_1)
                  0.19    0.20    6.68 v _258_/Y (sky130_fd_sc_hd__o21ai_1)
     2    0.01                           _089_ (net)
                  0.19    0.00    6.68 v _270_/A1 (sky130_fd_sc_hd__o32a_1)
                  0.19    0.77    7.46 v _270_/X (sky130_fd_sc_hd__o32a_1)
     2    0.01                           _099_ (net)
                  0.19    0.00    7.46 v _271_/B2 (sky130_fd_sc_hd__a2bb2oi_2)
                  0.28    0.35    7.81 ^ _271_/Y (sky130_fd_sc_hd__a2bb2oi_2)
     2    0.01                           net20 (net)
                  0.28    0.00    7.81 ^ output20/A (sky130_fd_sc_hd__clkbuf_2)
                  0.18    0.36    8.17 ^ output20/X (sky130_fd_sc_hd__clkbuf_2)
     1    0.02                           io_out[12] (net)
                  0.19    0.01    8.18 ^ io_out[12] (out)
                                  8.18   data arrival time

                         10.00   10.00   clock wb_clk_i (rise edge)
                          0.00   10.00   clock network delay (propagated)
                          0.00   10.00   clock reconvergence pessimism
                         -2.00    8.00   output external delay
                                  8.00   data required time
-----------------------------------------------------------------------------
                                  8.00   data required time
                                 -8.18   data arrival time
-----------------------------------------------------------------------------
                                 -0.18   slack (VIOLATED)


