#! /usr/bin/vvp
:ivl_version "11.0 (stable)";
:ivl_delay_selection "TYPICAL";
:vpi_time_precision + 0;
:vpi_module "/usr/lib/x86_64-linux-gnu/ivl/system.vpi";
:vpi_module "/usr/lib/x86_64-linux-gnu/ivl/vhdl_sys.vpi";
:vpi_module "/usr/lib/x86_64-linux-gnu/ivl/vhdl_textio.vpi";
:vpi_module "/usr/lib/x86_64-linux-gnu/ivl/v2005_math.vpi";
:vpi_module "/usr/lib/x86_64-linux-gnu/ivl/va_math.vpi";
S_0x5556c5683d30 .scope module, "user_proj_example" "user_proj_example" 2 38;
 .timescale 0 0;
    .port_info 0 /INPUT 1 "wb_clk_i";
    .port_info 1 /INPUT 1 "wb_rst_i";
    .port_info 2 /INPUT 1 "wbs_stb_i";
    .port_info 3 /INPUT 1 "wbs_cyc_i";
    .port_info 4 /INPUT 1 "wbs_we_i";
    .port_info 5 /INPUT 4 "wbs_sel_i";
    .port_info 6 /INPUT 32 "wbs_dat_i";
    .port_info 7 /INPUT 32 "wbs_adr_i";
    .port_info 8 /OUTPUT 1 "wbs_ack_o";
    .port_info 9 /OUTPUT 32 "wbs_dat_o";
    .port_info 10 /INPUT 128 "la_data_in";
    .port_info 11 /OUTPUT 128 "la_data_out";
    .port_info 12 /INPUT 128 "la_oenb";
    .port_info 13 /INPUT 2 "io_in";
    .port_info 14 /OUTPUT 2 "io_out";
    .port_info 15 /OUTPUT 2 "io_oeb";
    .port_info 16 /OUTPUT 3 "irq";
P_0x5556c561dea0 .param/l "BITS" 0 2 39, +C4<00000000000000000000000000100000>;
v0x5556c5765b60_0 .net *"_ivl_10", 37 0, L_0x5556c5767b10;  1 drivers
L_0x7f8a74fda060 .functor BUFT 1, C4<00000000000000000000000000000000000>, C4<0>, C4<0>, C4<0>;
v0x5556c5765c60_0 .net *"_ivl_13", 34 0, L_0x7f8a74fda060;  1 drivers
L_0x7f8a74fda0a8 .functor BUFT 1, C4<0000>, C4<0>, C4<0>, C4<0>;
v0x5556c5765d40_0 .net/2u *"_ivl_14", 3 0, L_0x7f8a74fda0a8;  1 drivers
v0x5556c5765e00_0 .net *"_ivl_16", 37 0, L_0x5556c5777c50;  1 drivers
L_0x7f8a74fda018 .functor BUFT 1, C4<x>, C4<0>, C4<0>, C4<0>;
v0x5556c5765ee0_0 .net *"_ivl_5", 0 0, L_0x7f8a74fda018;  1 drivers
v0x5556c5766010_0 .net *"_ivl_7", 1 0, L_0x5556c57678d0;  1 drivers
v0x5556c57660f0_0 .net *"_ivl_9", 2 0, L_0x5556c57679a0;  1 drivers
v0x5556c57661d0_0 .net "in1", 31 0, L_0x5556c57677e0;  1 drivers
v0x5556c5766290_0 .net "in2", 0 0, L_0x5556c57676a0;  1 drivers
v0x5556c5766330_0 .net "in3", 4 0, L_0x5556c57675d0;  1 drivers
o0x7f8a7502a608 .functor BUFZ 2, C4<zz>; HiZ drive
v0x5556c57663d0_0 .net "io_in", -1 0, o0x7f8a7502a608;  0 drivers
o0x7f8a7502a638 .functor BUFZ 2, C4<zz>; HiZ drive
v0x5556c57664b0_0 .net "io_oeb", -1 0, o0x7f8a7502a638;  0 drivers
v0x5556c5766590_0 .net "io_out", -1 0, L_0x5556c5777e10;  1 drivers
o0x7f8a7502a698 .functor BUFZ 3, C4<zzz>; HiZ drive
v0x5556c5766670_0 .net "irq", 2 0, o0x7f8a7502a698;  0 drivers
o0x7f8a7502a6c8 .functor BUFZ 128, C4<zzzzzzzzzzzzzzzzzzzzzzzzzzzzzzzzzzzzzzzzzzzzzzzzzzzzzzzzzzzzzzzzzzzzzzzzzzzzzzzzzzzzzzzzzzzzzzzzzzzzzzzzzzzzzzzzzzzzzzzzzzzzzzzz>; HiZ drive
v0x5556c5766750_0 .net "la_data_in", 127 0, o0x7f8a7502a6c8;  0 drivers
o0x7f8a7502a6f8 .functor BUFZ 128, C4<zzzzzzzzzzzzzzzzzzzzzzzzzzzzzzzzzzzzzzzzzzzzzzzzzzzzzzzzzzzzzzzzzzzzzzzzzzzzzzzzzzzzzzzzzzzzzzzzzzzzzzzzzzzzzzzzzzzzzzzzzzzzzzzz>; HiZ drive
v0x5556c5766830_0 .net "la_data_out", 127 0, o0x7f8a7502a6f8;  0 drivers
o0x7f8a7502a728 .functor BUFZ 128, C4<zzzzzzzzzzzzzzzzzzzzzzzzzzzzzzzzzzzzzzzzzzzzzzzzzzzzzzzzzzzzzzzzzzzzzzzzzzzzzzzzzzzzzzzzzzzzzzzzzzzzzzzzzzzzzzzzzzzzzzzzzzzzzzzz>; HiZ drive
v0x5556c5766910_0 .net "la_oenb", 127 0, o0x7f8a7502a728;  0 drivers
v0x5556c57669f0_0 .net "out", 31 0, L_0x5556c5778a10;  1 drivers
v0x5556c5766ab0_0 .net "outValid", 0 0, L_0x5556c5778830;  1 drivers
v0x5556c5766b50_0 .net "outZ", 0 0, L_0x5556c5796660;  1 drivers
o0x7f8a7502a758 .functor BUFZ 1, C4<z>; HiZ drive
v0x5556c5766bf0_0 .net "wb_clk_i", 0 0, o0x7f8a7502a758;  0 drivers
o0x7f8a7502a788 .functor BUFZ 1, C4<z>; HiZ drive
v0x5556c5766c90_0 .net "wb_rst_i", 0 0, o0x7f8a7502a788;  0 drivers
o0x7f8a7502a7b8 .functor BUFZ 1, C4<z>; HiZ drive
v0x5556c5766d30_0 .net "wbs_ack_o", 0 0, o0x7f8a7502a7b8;  0 drivers
o0x7f8a7502a7e8 .functor BUFZ 32, C4<zzzzzzzzzzzzzzzzzzzzzzzzzzzzzzzz>; HiZ drive
v0x5556c5766df0_0 .net "wbs_adr_i", 31 0, o0x7f8a7502a7e8;  0 drivers
o0x7f8a7502a818 .functor BUFZ 1, C4<z>; HiZ drive
v0x5556c5766ed0_0 .net "wbs_cyc_i", 0 0, o0x7f8a7502a818;  0 drivers
o0x7f8a7502a848 .functor BUFZ 32, C4<zzzzzzzzzzzzzzzzzzzzzzzzzzzzzzzz>; HiZ drive
v0x5556c5766f90_0 .net "wbs_dat_i", 31 0, o0x7f8a7502a848;  0 drivers
o0x7f8a7502a878 .functor BUFZ 32, C4<zzzzzzzzzzzzzzzzzzzzzzzzzzzzzzzz>; HiZ drive
v0x5556c5767070_0 .net "wbs_dat_o", 31 0, o0x7f8a7502a878;  0 drivers
o0x7f8a7502a8a8 .functor BUFZ 4, C4<zzzz>; HiZ drive
v0x5556c5767150_0 .net "wbs_sel_i", 3 0, o0x7f8a7502a8a8;  0 drivers
o0x7f8a7502a8d8 .functor BUFZ 1, C4<z>; HiZ drive
v0x5556c5767230_0 .net "wbs_stb_i", 0 0, o0x7f8a7502a8d8;  0 drivers
o0x7f8a7502a908 .functor BUFZ 1, C4<z>; HiZ drive
v0x5556c57672f0_0 .net "wbs_we_i", 0 0, o0x7f8a7502a908;  0 drivers
L_0x5556c57675d0 .part L_0x5556c5767b10, 33, 5;
L_0x5556c57676a0 .part L_0x5556c5767b10, 32, 1;
L_0x5556c57677e0 .part L_0x5556c5767b10, 0, 32;
L_0x5556c57678d0 .part o0x7f8a7502a608, 0, 2;
L_0x5556c57679a0 .concat [ 2 1 0 0], L_0x5556c57678d0, L_0x7f8a74fda018;
L_0x5556c5767b10 .concat [ 3 35 0 0], L_0x5556c57679a0, L_0x7f8a74fda060;
L_0x5556c5777c50 .concat [ 32 1 1 4], L_0x5556c5778a10, L_0x5556c5796660, L_0x5556c5778830, L_0x7f8a74fda0a8;
L_0x5556c5777e10 .part L_0x5556c5777c50, 0, 2;
S_0x5556c56d3520 .scope module, "sqrt" "sqrt_flt" 2 85, 2 99 0, S_0x5556c5683d30;
 .timescale 0 0;
    .port_info 0 /INPUT 32 "x";
    .port_info 1 /INPUT 1 "xz";
    .port_info 2 /OUTPUT 32 "y";
    .port_info 3 /OUTPUT 1 "yz";
    .port_info 4 /OUTPUT 1 "invalid";
P_0x5556c5726580 .param/l "exp" 0 2 102, +C4<00000000000000000000000000001000>;
P_0x5556c57265c0 .param/l "man" 0 2 101, +C4<00000000000000000000000000010111>;
P_0x5556c5726600 .param/l "nc" 1 2 104, +C4<0000000000000000000000000000001101>;
P_0x5556c5726640 .param/l "norm_val" 1 2 105, C4<001101000>;
L_0x5556c5778f10 .functor NOT 1, L_0x5556c5798ab0, C4<0>, C4<0>, C4<0>;
v0x5556c5764060_0 .net *"_ivl_1", 0 0, L_0x5556c5777f50;  1 drivers
L_0x7f8a74fda180 .functor BUFT 1, C4<00>, C4<0>, C4<0>, C4<0>;
v0x5556c5764140_0 .net/2u *"_ivl_10", 1 0, L_0x7f8a74fda180;  1 drivers
v0x5556c5764220_0 .net *"_ivl_13", 22 0, L_0x5556c5778310;  1 drivers
L_0x7f8a74fda1c8 .functor BUFT 1, C4<0000000000000000000000>, C4<0>, C4<0>, C4<0>;
v0x5556c57642e0_0 .net/2u *"_ivl_14", 21 0, L_0x7f8a74fda1c8;  1 drivers
v0x5556c57643c0_0 .net *"_ivl_16", 47 0, L_0x5556c57783e0;  1 drivers
L_0x7f8a74fda0f0 .functor BUFT 1, C4<0>, C4<0>, C4<0>, C4<0>;
v0x5556c57644f0_0 .net/2u *"_ivl_2", 0 0, L_0x7f8a74fda0f0;  1 drivers
L_0x7f8a74fda210 .functor BUFT 1, C4<0>, C4<0>, C4<0>, C4<0>;
v0x5556c57645d0_0 .net/2u *"_ivl_24", 0 0, L_0x7f8a74fda210;  1 drivers
v0x5556c57646b0_0 .net *"_ivl_29", 7 0, L_0x5556c57788d0;  1 drivers
L_0x7f8a74fda258 .functor BUFT 1, C4<00000000000000000000000000010111>, C4<0>, C4<0>, C4<0>;
v0x5556c5764790_0 .net/2u *"_ivl_33", 31 0, L_0x7f8a74fda258;  1 drivers
v0x5556c5764900_0 .net *"_ivl_35", 31 0, L_0x5556c5778be0;  1 drivers
L_0x7f8a74fda2a0 .functor BUFT 1, C4<000000000000000000000000000>, C4<0>, C4<0>, C4<0>;
v0x5556c57649e0_0 .net *"_ivl_38", 26 0, L_0x7f8a74fda2a0;  1 drivers
v0x5556c5764ac0_0 .net *"_ivl_39", 31 0, L_0x5556c5778ce0;  1 drivers
v0x5556c5764ba0_0 .net *"_ivl_41", 23 0, L_0x5556c5778e20;  1 drivers
v0x5556c5764c80_0 .net *"_ivl_44", 22 0, L_0x5556c5778f80;  1 drivers
L_0x7f8a74fdb4a0 .functor BUFT 1, C4<0>, C4<0>, C4<0>, C4<0>;
v0x5556c5764d60_0 .net/2u *"_ivl_45", 0 0, L_0x7f8a74fdb4a0;  1 drivers
v0x5556c5764e40_0 .net *"_ivl_48", 7 0, L_0x5556c5798640;  1 drivers
v0x5556c5764f20_0 .net *"_ivl_5", 22 0, L_0x5556c5777ff0;  1 drivers
L_0x7f8a74fdb530 .functor BUFT 1, C4<0>, C4<0>, C4<0>, C4<0>;
v0x5556c5765000_0 .net/2u *"_ivl_53", 0 0, L_0x7f8a74fdb530;  1 drivers
L_0x7f8a74fdb578 .functor BUFT 1, C4<000>, C4<0>, C4<0>, C4<0>;
v0x5556c57650e0_0 .net/2u *"_ivl_55", 2 0, L_0x7f8a74fdb578;  1 drivers
L_0x7f8a74fda138 .functor BUFT 1, C4<00000000000000000000000>, C4<0>, C4<0>, C4<0>;
v0x5556c57651c0_0 .net/2u *"_ivl_6", 22 0, L_0x7f8a74fda138;  1 drivers
v0x5556c57652a0_0 .net *"_ivl_60", 0 0, L_0x5556c5798ab0;  1 drivers
v0x5556c5765380_0 .net *"_ivl_8", 47 0, L_0x5556c5778150;  1 drivers
v0x5556c5765460_0 .net "exp_sum", 10 0, L_0x5556c5798500;  1 drivers
v0x5556c5765520_0 .net "invalid", 0 0, L_0x5556c5778830;  alias, 1 drivers
v0x5556c57655c0_0 .net "norm", 4 0, L_0x5556c5795be0;  1 drivers
v0x5556c5765680_0 .net "sqrt", 23 0, L_0x5556c57583a0;  1 drivers
v0x5556c5765720_0 .net "x", 31 0, L_0x5556c57677e0;  alias, 1 drivers
v0x5556c5765800_0 .net "x_a", 47 0, L_0x5556c5778610;  1 drivers
v0x5556c57658c0_0 .net "xz", 0 0, L_0x5556c57676a0;  alias, 1 drivers
v0x5556c5765960_0 .net "y", 31 0, L_0x5556c5778a10;  alias, 1 drivers
v0x5556c5765a40_0 .net "yz", 0 0, L_0x5556c5796660;  alias, 1 drivers
L_0x5556c5777f50 .part L_0x5556c57677e0, 23, 1;
L_0x5556c5777ff0 .part L_0x5556c57677e0, 0, 23;
L_0x5556c5778150 .concat [ 23 23 1 1], L_0x7f8a74fda138, L_0x5556c5777ff0, L_0x5556c57676a0, L_0x7f8a74fda0f0;
L_0x5556c5778310 .part L_0x5556c57677e0, 0, 23;
L_0x5556c57783e0 .concat [ 22 23 1 2], L_0x7f8a74fda1c8, L_0x5556c5778310, L_0x5556c57676a0, L_0x7f8a74fda180;
L_0x5556c5778610 .functor MUXZ 48, L_0x5556c57783e0, L_0x5556c5778150, L_0x5556c5777f50, C4<>;
L_0x5556c5778830 .part L_0x5556c57677e0, 31, 1;
L_0x5556c57788d0 .part L_0x5556c5798500, 1, 8;
L_0x5556c5778a10 .concat8 [ 23 8 1 0], L_0x5556c5778f80, L_0x5556c57788d0, L_0x7f8a74fda210;
L_0x5556c5778be0 .concat [ 5 27 0 0], L_0x5556c5795be0, L_0x7f8a74fda2a0;
L_0x5556c5778ce0 .arith/sub 32, L_0x7f8a74fda258, L_0x5556c5778be0;
L_0x5556c5778e20 .shift/l 24, L_0x5556c57583a0, L_0x5556c5778ce0;
L_0x5556c5778f80 .part L_0x5556c5778e20, 0, 23;
L_0x5556c5798640 .part L_0x5556c57677e0, 23, 8;
L_0x5556c57986e0 .concat [ 8 1 0 0], L_0x5556c5798640, L_0x7f8a74fdb4a0;
L_0x5556c5798860 .concat [ 5 3 1 0], L_0x5556c5795be0, L_0x7f8a74fdb578, L_0x7f8a74fdb530;
L_0x5556c5798ab0 .part L_0x5556c57677e0, 23, 1;
S_0x5556c56da470 .scope module, "ad" "adder3" 2 127, 2 253 0, S_0x5556c56d3520;
 .timescale 0 0;
    .port_info 0 /INPUT 9 "p";
    .port_info 1 /INPUT 9 "q";
    .port_info 2 /INPUT 9 "r";
    .port_info 3 /INPUT 1 "cin";
    .port_info 4 /OUTPUT 11 "sum";
P_0x5556c5732110 .param/l "num" 0 2 255, +C4<000000000000000000000000000001001>;
v0x5556c5679050_0 .net *"_ivl_1", 0 0, L_0x5556c57967a0;  1 drivers
v0x5556c561de00_0 .net *"_ivl_11", 10 0, L_0x5556c5763d00;  1 drivers
L_0x7f8a74fdb260 .functor BUFT 1, C4<00>, C4<0>, C4<0>, C4<0>;
v0x5556c5751390_0 .net/2u *"_ivl_12", 1 0, L_0x7f8a74fdb260;  1 drivers
v0x5556c56755f0_0 .net *"_ivl_14", 10 0, L_0x5556c5763730;  1 drivers
v0x5556c56dc290_0 .net *"_ivl_19", 0 0, L_0x5556c5762df0;  1 drivers
L_0x7f8a74fdb1d0 .functor BUFT 1, C4<000>, C4<0>, C4<0>, C4<0>;
v0x5556c56db270_0 .net/2u *"_ivl_2", 2 0, L_0x7f8a74fdb1d0;  1 drivers
L_0x7f8a74fdb2a8 .functor BUFT 1, C4<000>, C4<0>, C4<0>, C4<0>;
v0x5556c56d90a0_0 .net/2u *"_ivl_20", 2 0, L_0x7f8a74fdb2a8;  1 drivers
v0x5556c56d9180_0 .net *"_ivl_23", 7 0, L_0x5556c5762e90;  1 drivers
v0x5556c56d6650_0 .net *"_ivl_24", 10 0, L_0x5556c5762fd0;  1 drivers
L_0x7f8a74fdb2f0 .functor BUFT 1, C4<00000000000>, C4<0>, C4<0>, C4<0>;
v0x5556c56d6730_0 .net *"_ivl_26", 10 0, L_0x7f8a74fdb2f0;  1 drivers
v0x5556c56d5260_0 .net *"_ivl_29", 10 0, L_0x5556c5796e80;  1 drivers
L_0x7f8a74fdb5c0 .functor BUFT 1, C4<00001101000>, C4<0>, C4<0>, C4<0>;
v0x5556c56d5340_0 .net *"_ivl_32", 10 0, L_0x7f8a74fdb5c0;  1 drivers
v0x5556c56d42d0_0 .net *"_ivl_37", 0 0, L_0x5556c57970c0;  1 drivers
L_0x7f8a74fdb338 .functor BUFT 1, C4<000>, C4<0>, C4<0>, C4<0>;
v0x5556c56d43b0_0 .net/2u *"_ivl_38", 2 0, L_0x7f8a74fdb338;  1 drivers
v0x5556c56d2190_0 .net *"_ivl_41", 7 0, L_0x5556c57971d0;  1 drivers
v0x5556c56cf700_0 .net *"_ivl_42", 10 0, L_0x5556c57972c0;  1 drivers
L_0x7f8a74fdb380 .functor BUFT 1, C4<00000000000>, C4<0>, C4<0>, C4<0>;
v0x5556c56cf7e0_0 .net *"_ivl_44", 10 0, L_0x7f8a74fdb380;  1 drivers
v0x5556c56ce310_0 .net *"_ivl_47", 10 0, L_0x5556c5797480;  1 drivers
L_0x7f8a74fdb3c8 .functor BUFT 1, C4<00>, C4<0>, C4<0>, C4<0>;
v0x5556c56ce3f0_0 .net/2u *"_ivl_48", 1 0, L_0x7f8a74fdb3c8;  1 drivers
v0x5556c56cd360_0 .net *"_ivl_5", 7 0, L_0x5556c5796840;  1 drivers
v0x5556c56cd440_0 .net *"_ivl_50", 10 0, L_0x5556c57975c0;  1 drivers
v0x5556c56cb200_0 .net *"_ivl_54", 10 0, L_0x5556c57978d0;  1 drivers
v0x5556c56cb2c0_0 .net *"_ivl_56", 10 0, L_0x5556c5797ab0;  1 drivers
v0x5556c56c87b0_0 .net *"_ivl_58", 10 0, L_0x5556c5797bf0;  1 drivers
v0x5556c56c8890_0 .net *"_ivl_6", 10 0, L_0x5556c5796930;  1 drivers
L_0x7f8a74fdb410 .functor BUFT 1, C4<0000000000>, C4<0>, C4<0>, C4<0>;
v0x5556c56c73e0_0 .net *"_ivl_61", 9 0, L_0x7f8a74fdb410;  1 drivers
L_0x7f8a74fdb458 .functor BUFT 1, C4<00000000000>, C4<0>, C4<0>, C4<0>;
v0x5556c56c74c0_0 .net *"_ivl_64", 10 0, L_0x7f8a74fdb458;  1 drivers
v0x5556c56c6450_0 .net *"_ivl_69", 0 0, L_0x5556c5798030;  1 drivers
v0x5556c56c42b0_0 .net *"_ivl_71", 0 0, L_0x5556c57980d0;  1 drivers
v0x5556c56c4390_0 .net *"_ivl_73", 9 0, L_0x5556c5798240;  1 drivers
v0x5556c56c1860_0 .net *"_ivl_74", 10 0, L_0x5556c57982e0;  1 drivers
L_0x7f8a74fdb218 .functor BUFT 1, C4<00000000000>, C4<0>, C4<0>, C4<0>;
v0x5556c56c1940_0 .net *"_ivl_8", 10 0, L_0x7f8a74fdb218;  1 drivers
v0x5556c56c0470_0 .net "cin", 0 0, L_0x5556c5778f10;  1 drivers
v0x5556c56c0530_0 .net "p", 8 0, L_0x5556c57986e0;  1 drivers
L_0x7f8a74fdb4e8 .functor BUFT 1, C4<001101000>, C4<0>, C4<0>, C4<0>;
v0x5556c56bf4c0_0 .net "q", 8 0, L_0x7f8a74fdb4e8;  1 drivers
v0x5556c56bf5a0_0 .net "r", 8 0, L_0x5556c5798860;  1 drivers
v0x5556c56bd360_0 .net "sum", 10 0, L_0x5556c5798500;  alias, 1 drivers
v0x5556c56bd420_0 .net "temp", 10 0, L_0x5556c5797a10;  1 drivers
v0x5556c56ba910_0 .net "temp1", 10 0, L_0x5556c5797e30;  1 drivers
v0x5556c56ba9f0_0 .net "temp2", 10 0, L_0x5556c5763820;  1 drivers
v0x5556c56b9540_0 .net "temp3", 10 0, L_0x5556c5796fd0;  1 drivers
v0x5556c56b9620_0 .net "temp4", 10 0, L_0x5556c5797740;  1 drivers
L_0x5556c57967a0 .part L_0x5556c57986e0, 8, 1;
L_0x5556c5796840 .part L_0x5556c57986e0, 0, 8;
L_0x5556c5796930 .concat [ 8 3 0 0], L_0x5556c5796840, L_0x7f8a74fdb1d0;
L_0x5556c5763d00 .arith/sub 11, L_0x7f8a74fdb218, L_0x5556c5796930;
L_0x5556c5763730 .concat [ 9 2 0 0], L_0x5556c57986e0, L_0x7f8a74fdb260;
L_0x5556c5763820 .functor MUXZ 11, L_0x5556c5763730, L_0x5556c5763d00, L_0x5556c57967a0, C4<>;
L_0x5556c5762df0 .part L_0x7f8a74fdb4e8, 8, 1;
L_0x5556c5762e90 .part L_0x7f8a74fdb4e8, 0, 8;
L_0x5556c5762fd0 .concat [ 8 3 0 0], L_0x5556c5762e90, L_0x7f8a74fdb2a8;
L_0x5556c5796e80 .arith/sub 11, L_0x7f8a74fdb2f0, L_0x5556c5762fd0;
L_0x5556c5796fd0 .functor MUXZ 11, L_0x7f8a74fdb5c0, L_0x5556c5796e80, L_0x5556c5762df0, C4<>;
L_0x5556c57970c0 .part L_0x5556c5798860, 8, 1;
L_0x5556c57971d0 .part L_0x5556c5798860, 0, 8;
L_0x5556c57972c0 .concat [ 8 3 0 0], L_0x5556c57971d0, L_0x7f8a74fdb338;
L_0x5556c5797480 .arith/sub 11, L_0x7f8a74fdb380, L_0x5556c57972c0;
L_0x5556c57975c0 .concat [ 9 2 0 0], L_0x5556c5798860, L_0x7f8a74fdb3c8;
L_0x5556c5797740 .functor MUXZ 11, L_0x5556c57975c0, L_0x5556c5797480, L_0x5556c57970c0, C4<>;
L_0x5556c57978d0 .arith/sum 11, L_0x5556c5763820, L_0x5556c5796fd0;
L_0x5556c5797ab0 .arith/sum 11, L_0x5556c57978d0, L_0x5556c5797740;
L_0x5556c5797bf0 .concat [ 1 10 0 0], L_0x5556c5778f10, L_0x7f8a74fdb410;
L_0x5556c5797a10 .arith/sum 11, L_0x5556c5797ab0, L_0x5556c5797bf0;
L_0x5556c5797e30 .arith/sub 11, L_0x7f8a74fdb458, L_0x5556c5797a10;
L_0x5556c5798030 .part L_0x5556c5797a10, 10, 1;
L_0x5556c57980d0 .part L_0x5556c5797a10, 10, 1;
L_0x5556c5798240 .part L_0x5556c5797e30, 0, 10;
L_0x5556c57982e0 .concat [ 10 1 0 0], L_0x5556c5798240, L_0x5556c57980d0;
L_0x5556c5798500 .functor MUXZ 11, L_0x5556c5797a10, L_0x5556c57982e0, L_0x5556c5798030, C4<>;
S_0x5556c56e13c0 .scope module, "prn" "pe24" 2 126, 2 169 0, S_0x5556c56d3520;
 .timescale 0 0;
    .port_info 0 /INPUT 24 "a";
    .port_info 1 /OUTPUT 5 "b";
    .port_info 2 /OUTPUT 1 "az";
v0x5556c5719640_0 .net *"_ivl_46", 0 0, L_0x5556c5794160;  1 drivers
v0x5556c5719700_0 .net *"_ivl_51", 1 0, L_0x5556c5794340;  1 drivers
v0x5556c5719420_0 .net *"_ivl_53", 0 0, L_0x5556c5794470;  1 drivers
v0x5556c57194c0_0 .net *"_ivl_63", 0 0, L_0x5556c57952b0;  1 drivers
v0x5556c5716c20_0 .net *"_ivl_65", 1 0, L_0x5556c5795350;  1 drivers
v0x5556c5716d00_0 .net *"_ivl_67", 1 0, L_0x5556c5795480;  1 drivers
v0x5556c570e8e0_0 .net *"_ivl_68", 1 0, L_0x5556c5795520;  1 drivers
L_0x7f8a74fdb188 .functor BUFT 1, C4<0>, C4<0>, C4<0>, C4<0>;
v0x5556c570e9c0_0 .net/2u *"_ivl_73", 0 0, L_0x7f8a74fdb188;  1 drivers
v0x5556c57144f0_0 .net *"_ivl_76", 0 0, L_0x5556c5795890;  1 drivers
v0x5556c57126d0_0 .net *"_ivl_77", 1 0, L_0x5556c57955c0;  1 drivers
v0x5556c57127b0_0 .net *"_ivl_82", 0 0, L_0x5556c5795a80;  1 drivers
v0x5556c57124b0_0 .net *"_ivl_87", 0 0, L_0x5556c5795cd0;  1 drivers
v0x5556c5712590_0 .net *"_ivl_89", 3 0, L_0x5556c5795e40;  1 drivers
v0x5556c570fcb0_0 .net *"_ivl_91", 3 0, L_0x5556c5795f30;  1 drivers
v0x5556c570fd90_0 .net *"_ivl_92", 3 0, L_0x5556c57960b0;  1 drivers
v0x5556c5707970_0 .net *"_ivl_95", 0 0, L_0x5556c5796290;  1 drivers
v0x5556c5707a50_0 .net *"_ivl_97", 0 0, L_0x5556c5796420;  1 drivers
v0x5556c570d580_0 .net *"_ivl_99", 0 0, L_0x5556c57964c0;  1 drivers
v0x5556c570d660_0 .net "a", 23 0, L_0x5556c57583a0;  alias, 1 drivers
v0x5556c570b760_0 .net "az", 0 0, L_0x5556c5796660;  alias, 1 drivers
v0x5556c570b820_0 .net "b", 4 0, L_0x5556c5795be0;  alias, 1 drivers
v0x5556c570b540_0 .net "o", 17 0, L_0x5556c57934e0;  1 drivers
v0x5556c570b620_0 .net "o1", 4 0, L_0x5556c5794200;  1 drivers
v0x5556c5708d40_0 .net "o2", 7 0, L_0x5556c5795750;  1 drivers
L_0x5556c5790960 .part L_0x5556c57583a0, 0, 4;
L_0x5556c5791210 .part L_0x5556c57583a0, 4, 4;
L_0x5556c5791ac0 .part L_0x5556c57583a0, 8, 4;
L_0x5556c5792370 .part L_0x5556c57583a0, 12, 4;
L_0x5556c5792b90 .part L_0x5556c57583a0, 16, 4;
L_0x5556c5793440 .part L_0x5556c57583a0, 20, 4;
LS_0x5556c57934e0_0_0 .concat8 [ 2 2 2 2], L_0x5556c57903d0, L_0x5556c5790c80, L_0x5556c5791530, L_0x5556c5791de0;
LS_0x5556c57934e0_0_4 .concat8 [ 2 2 1 1], L_0x5556c5792690, L_0x5556c5792eb0, L_0x5556c57901a0, L_0x5556c5790a00;
LS_0x5556c57934e0_0_8 .concat8 [ 1 1 1 1], L_0x5556c57912b0, L_0x5556c5791b60, L_0x5556c5792410, L_0x5556c5792c30;
L_0x5556c57934e0 .concat8 [ 8 6 4 0], LS_0x5556c57934e0_0_0, LS_0x5556c57934e0_0_4, LS_0x5556c57934e0_0_8;
L_0x5556c5794020 .part L_0x5556c57934e0, 12, 4;
L_0x5556c5794160 .part L_0x5556c57934e0, 17, 1;
L_0x5556c5794200 .concat8 [ 2 1 1 1], L_0x5556c5793a50, L_0x5556c5794160, L_0x5556c57937d0, L_0x5556c5794470;
L_0x5556c5794340 .part L_0x5556c57934e0, 16, 2;
L_0x5556c5794470 .reduce/or L_0x5556c5794340;
L_0x5556c57950f0 .part L_0x5556c5794200, 0, 2;
L_0x5556c5795190 .part L_0x5556c57934e0, 0, 8;
L_0x5556c57952b0 .part L_0x5556c5794200, 2, 1;
L_0x5556c5795350 .part L_0x5556c57934e0, 10, 2;
L_0x5556c5795480 .part L_0x5556c57934e0, 8, 2;
L_0x5556c5795520 .functor MUXZ 2, L_0x5556c5795480, L_0x5556c5795350, L_0x5556c57952b0, C4<>;
L_0x5556c5795750 .concat8 [ 4 2 2 0], L_0x5556c5794f70, L_0x5556c5795520, L_0x5556c57955c0;
L_0x5556c5795890 .part L_0x5556c5794200, 2, 1;
L_0x5556c57955c0 .concat [ 1 1 0 0], L_0x5556c5795890, L_0x7f8a74fdb188;
L_0x5556c5795a80 .part L_0x5556c5794200, 4, 1;
L_0x5556c5795be0 .concat8 [ 4 1 0 0], L_0x5556c57960b0, L_0x5556c5795a80;
L_0x5556c5795cd0 .part L_0x5556c5794200, 4, 1;
L_0x5556c5795e40 .part L_0x5556c5795750, 4, 4;
L_0x5556c5795f30 .part L_0x5556c5795750, 0, 4;
L_0x5556c57960b0 .functor MUXZ 4, L_0x5556c5795f30, L_0x5556c5795e40, L_0x5556c5795cd0, C4<>;
L_0x5556c5796290 .part L_0x5556c5794200, 4, 1;
L_0x5556c5796420 .part L_0x5556c5794200, 4, 1;
L_0x5556c57964c0 .part L_0x5556c5794200, 3, 1;
L_0x5556c5796660 .functor MUXZ 1, L_0x5556c57964c0, L_0x5556c5796420, L_0x5556c5796290, C4<>;
S_0x5556c56e8310 .scope module, "t0" "pe4" 2 179, 2 203 0, S_0x5556c56e13c0;
 .timescale 0 0;
    .port_info 0 /INPUT 4 "a";
    .port_info 1 /OUTPUT 2 "b";
    .port_info 2 /OUTPUT 1 "o";
v0x5556c56b64a0_0 .net *"_ivl_12", 0 0, L_0x5556c57904c0;  1 drivers
v0x5556c56b39c0_0 .net *"_ivl_14", 0 0, L_0x5556c57905b0;  1 drivers
v0x5556c56b3aa0_0 .net *"_ivl_16", 0 0, L_0x5556c5790650;  1 drivers
v0x5556c56b25d0_0 .net *"_ivl_17", 0 0, L_0x5556c5790780;  1 drivers
v0x5556c56b26b0_0 .net *"_ivl_5", 1 0, L_0x5556c5790240;  1 drivers
v0x5556c56b1690_0 .net *"_ivl_7", 0 0, L_0x5556c57902e0;  1 drivers
v0x5556c56af4c0_0 .net "a", 3 0, L_0x5556c5790960;  1 drivers
v0x5556c56af5a0_0 .net "b", 1 0, L_0x5556c57903d0;  1 drivers
v0x5556c56aca70_0 .net "o", 0 0, L_0x5556c57901a0;  1 drivers
L_0x5556c57901a0 .reduce/or L_0x5556c5790960;
L_0x5556c5790240 .part L_0x5556c5790960, 2, 2;
L_0x5556c57902e0 .reduce/or L_0x5556c5790240;
L_0x5556c57903d0 .concat8 [ 1 1 0 0], L_0x5556c5790780, L_0x5556c57902e0;
L_0x5556c57904c0 .part L_0x5556c57903d0, 1, 1;
L_0x5556c57905b0 .part L_0x5556c5790960, 3, 1;
L_0x5556c5790650 .part L_0x5556c5790960, 1, 1;
L_0x5556c5790780 .functor MUXZ 1, L_0x5556c5790650, L_0x5556c57905b0, L_0x5556c57904c0, C4<>;
S_0x5556c56ef260 .scope module, "t1" "pe4" 2 180, 2 203 0, S_0x5556c56e13c0;
 .timescale 0 0;
    .port_info 0 /INPUT 4 "a";
    .port_info 1 /OUTPUT 2 "b";
    .port_info 2 /OUTPUT 1 "o";
v0x5556c56ab680_0 .net *"_ivl_12", 0 0, L_0x5556c5790d70;  1 drivers
v0x5556c56ab780_0 .net *"_ivl_14", 0 0, L_0x5556c5790e60;  1 drivers
v0x5556c56aa6d0_0 .net *"_ivl_16", 0 0, L_0x5556c5790f00;  1 drivers
v0x5556c56aa770_0 .net *"_ivl_17", 0 0, L_0x5556c5791030;  1 drivers
v0x5556c56a8570_0 .net *"_ivl_5", 1 0, L_0x5556c5790aa0;  1 drivers
v0x5556c56a5b20_0 .net *"_ivl_7", 0 0, L_0x5556c5790b90;  1 drivers
v0x5556c56a5be0_0 .net "a", 3 0, L_0x5556c5791210;  1 drivers
v0x5556c56a4730_0 .net "b", 1 0, L_0x5556c5790c80;  1 drivers
v0x5556c56a4810_0 .net "o", 0 0, L_0x5556c5790a00;  1 drivers
L_0x5556c5790a00 .reduce/or L_0x5556c5791210;
L_0x5556c5790aa0 .part L_0x5556c5791210, 2, 2;
L_0x5556c5790b90 .reduce/or L_0x5556c5790aa0;
L_0x5556c5790c80 .concat8 [ 1 1 0 0], L_0x5556c5791030, L_0x5556c5790b90;
L_0x5556c5790d70 .part L_0x5556c5790c80, 1, 1;
L_0x5556c5790e60 .part L_0x5556c5791210, 3, 1;
L_0x5556c5790f00 .part L_0x5556c5791210, 1, 1;
L_0x5556c5791030 .functor MUXZ 1, L_0x5556c5790f00, L_0x5556c5790e60, L_0x5556c5790d70, C4<>;
S_0x5556c56f61b0 .scope module, "t2" "pe4" 2 181, 2 203 0, S_0x5556c56e13c0;
 .timescale 0 0;
    .port_info 0 /INPUT 4 "a";
    .port_info 1 /OUTPUT 2 "b";
    .port_info 2 /OUTPUT 1 "o";
v0x5556c56a37d0_0 .net *"_ivl_12", 0 0, L_0x5556c5791620;  1 drivers
v0x5556c56a1620_0 .net *"_ivl_14", 0 0, L_0x5556c5791710;  1 drivers
v0x5556c56a1700_0 .net *"_ivl_16", 0 0, L_0x5556c57917b0;  1 drivers
v0x5556c569ebd0_0 .net *"_ivl_17", 0 0, L_0x5556c57918e0;  1 drivers
v0x5556c569ecb0_0 .net *"_ivl_5", 1 0, L_0x5556c5791350;  1 drivers
v0x5556c569d7e0_0 .net *"_ivl_7", 0 0, L_0x5556c5791440;  1 drivers
v0x5556c569d8a0_0 .net "a", 3 0, L_0x5556c5791ac0;  1 drivers
v0x5556c569c830_0 .net "b", 1 0, L_0x5556c5791530;  1 drivers
v0x5556c569c910_0 .net "o", 0 0, L_0x5556c57912b0;  1 drivers
L_0x5556c57912b0 .reduce/or L_0x5556c5791ac0;
L_0x5556c5791350 .part L_0x5556c5791ac0, 2, 2;
L_0x5556c5791440 .reduce/or L_0x5556c5791350;
L_0x5556c5791530 .concat8 [ 1 1 0 0], L_0x5556c57918e0, L_0x5556c5791440;
L_0x5556c5791620 .part L_0x5556c5791530, 1, 1;
L_0x5556c5791710 .part L_0x5556c5791ac0, 3, 1;
L_0x5556c57917b0 .part L_0x5556c5791ac0, 1, 1;
L_0x5556c57918e0 .functor MUXZ 1, L_0x5556c57917b0, L_0x5556c5791710, L_0x5556c5791620, C4<>;
S_0x5556c5758bc0 .scope module, "t3" "pe4" 2 182, 2 203 0, S_0x5556c56e13c0;
 .timescale 0 0;
    .port_info 0 /INPUT 4 "a";
    .port_info 1 /OUTPUT 2 "b";
    .port_info 2 /OUTPUT 1 "o";
v0x5556c569a7a0_0 .net *"_ivl_12", 0 0, L_0x5556c5791ed0;  1 drivers
v0x5556c5697cc0_0 .net *"_ivl_14", 0 0, L_0x5556c5791fc0;  1 drivers
v0x5556c5696890_0 .net *"_ivl_16", 0 0, L_0x5556c5792060;  1 drivers
v0x5556c5696950_0 .net *"_ivl_17", 0 0, L_0x5556c5792190;  1 drivers
v0x5556c56958e0_0 .net *"_ivl_5", 1 0, L_0x5556c5791c00;  1 drivers
v0x5556c5693780_0 .net *"_ivl_7", 0 0, L_0x5556c5791cf0;  1 drivers
v0x5556c5693840_0 .net "a", 3 0, L_0x5556c5792370;  1 drivers
v0x5556c5690d30_0 .net "b", 1 0, L_0x5556c5791de0;  1 drivers
v0x5556c5690e10_0 .net "o", 0 0, L_0x5556c5791b60;  1 drivers
L_0x5556c5791b60 .reduce/or L_0x5556c5792370;
L_0x5556c5791c00 .part L_0x5556c5792370, 2, 2;
L_0x5556c5791cf0 .reduce/or L_0x5556c5791c00;
L_0x5556c5791de0 .concat8 [ 1 1 0 0], L_0x5556c5792190, L_0x5556c5791cf0;
L_0x5556c5791ed0 .part L_0x5556c5791de0, 1, 1;
L_0x5556c5791fc0 .part L_0x5556c5792370, 3, 1;
L_0x5556c5792060 .part L_0x5556c5792370, 1, 1;
L_0x5556c5792190 .functor MUXZ 1, L_0x5556c5792060, L_0x5556c5791fc0, L_0x5556c5791ed0, C4<>;
S_0x5556c568f940 .scope module, "t4" "pe4" 2 183, 2 203 0, S_0x5556c56e13c0;
 .timescale 0 0;
    .port_info 0 /INPUT 4 "a";
    .port_info 1 /OUTPUT 2 "b";
    .port_info 2 /OUTPUT 1 "o";
v0x5556c568e9e0_0 .net *"_ivl_12", 0 0, L_0x5556c5792780;  1 drivers
v0x5556c568c830_0 .net *"_ivl_14", 0 0, L_0x5556c5792870;  1 drivers
v0x5556c568c910_0 .net *"_ivl_16", 0 0, L_0x5556c5792910;  1 drivers
v0x5556c5689d50_0 .net *"_ivl_17", 0 0, L_0x5556c57929b0;  1 drivers
v0x5556c5689e30_0 .net *"_ivl_5", 1 0, L_0x5556c57924b0;  1 drivers
v0x5556c574cd50_0 .net *"_ivl_7", 0 0, L_0x5556c57925a0;  1 drivers
v0x5556c574ce10_0 .net "a", 3 0, L_0x5556c5792b90;  1 drivers
v0x5556c57477d0_0 .net "b", 1 0, L_0x5556c5792690;  1 drivers
v0x5556c57478b0_0 .net "o", 0 0, L_0x5556c5792410;  1 drivers
L_0x5556c5792410 .reduce/or L_0x5556c5792b90;
L_0x5556c57924b0 .part L_0x5556c5792b90, 2, 2;
L_0x5556c57925a0 .reduce/or L_0x5556c57924b0;
L_0x5556c5792690 .concat8 [ 1 1 0 0], L_0x5556c57929b0, L_0x5556c57925a0;
L_0x5556c5792780 .part L_0x5556c5792690, 1, 1;
L_0x5556c5792870 .part L_0x5556c5792b90, 3, 1;
L_0x5556c5792910 .part L_0x5556c5792b90, 1, 1;
L_0x5556c57929b0 .functor MUXZ 1, L_0x5556c5792910, L_0x5556c5792870, L_0x5556c5792780, C4<>;
S_0x5556c5741bf0 .scope module, "t5" "pe4" 2 184, 2 203 0, S_0x5556c56e13c0;
 .timescale 0 0;
    .port_info 0 /INPUT 4 "a";
    .port_info 1 /OUTPUT 2 "b";
    .port_info 2 /OUTPUT 1 "o";
v0x5556c573f250_0 .net *"_ivl_12", 0 0, L_0x5556c5792fa0;  1 drivers
v0x5556c573f330_0 .net *"_ivl_14", 0 0, L_0x5556c5793090;  1 drivers
v0x5556c573c8b0_0 .net *"_ivl_16", 0 0, L_0x5556c5793130;  1 drivers
v0x5556c573c990_0 .net *"_ivl_17", 0 0, L_0x5556c5793260;  1 drivers
v0x5556c5739f30_0 .net *"_ivl_5", 1 0, L_0x5556c5792cd0;  1 drivers
v0x5556c572a6a0_0 .net *"_ivl_7", 0 0, L_0x5556c5792dc0;  1 drivers
v0x5556c572a760_0 .net "a", 3 0, L_0x5556c5793440;  1 drivers
v0x5556c57302b0_0 .net "b", 1 0, L_0x5556c5792eb0;  1 drivers
v0x5556c5730390_0 .net "o", 0 0, L_0x5556c5792c30;  1 drivers
L_0x5556c5792c30 .reduce/or L_0x5556c5793440;
L_0x5556c5792cd0 .part L_0x5556c5793440, 2, 2;
L_0x5556c5792dc0 .reduce/or L_0x5556c5792cd0;
L_0x5556c5792eb0 .concat8 [ 1 1 0 0], L_0x5556c5793260, L_0x5556c5792dc0;
L_0x5556c5792fa0 .part L_0x5556c5792eb0, 1, 1;
L_0x5556c5793090 .part L_0x5556c5793440, 3, 1;
L_0x5556c5793130 .part L_0x5556c5793440, 1, 1;
L_0x5556c5793260 .functor MUXZ 1, L_0x5556c5793130, L_0x5556c5793090, L_0x5556c5792fa0, C4<>;
S_0x5556c572e270 .scope module, "t6" "pe4" 2 187, 2 203 0, S_0x5556c56e13c0;
 .timescale 0 0;
    .port_info 0 /INPUT 4 "a";
    .port_info 1 /OUTPUT 2 "b";
    .port_info 2 /OUTPUT 1 "o";
v0x5556c572e5c0_0 .net *"_ivl_12", 0 0, L_0x5556c5793b40;  1 drivers
v0x5556c572ba70_0 .net *"_ivl_14", 0 0, L_0x5556c5793c30;  1 drivers
v0x5556c572bb70_0 .net *"_ivl_16", 0 0, L_0x5556c5793d10;  1 drivers
v0x5556c5723730_0 .net *"_ivl_17", 0 0, L_0x5556c5793e40;  1 drivers
v0x5556c5723810_0 .net *"_ivl_5", 1 0, L_0x5556c5793870;  1 drivers
v0x5556c5729340_0 .net *"_ivl_7", 0 0, L_0x5556c5793960;  1 drivers
v0x5556c57293e0_0 .net "a", 3 0, L_0x5556c5794020;  1 drivers
v0x5556c5727520_0 .net "b", 1 0, L_0x5556c5793a50;  1 drivers
v0x5556c5727600_0 .net "o", 0 0, L_0x5556c57937d0;  1 drivers
L_0x5556c57937d0 .reduce/or L_0x5556c5794020;
L_0x5556c5793870 .part L_0x5556c5794020, 2, 2;
L_0x5556c5793960 .reduce/or L_0x5556c5793870;
L_0x5556c5793a50 .concat8 [ 1 1 0 0], L_0x5556c5793e40, L_0x5556c5793960;
L_0x5556c5793b40 .part L_0x5556c5793a50, 1, 1;
L_0x5556c5793c30 .part L_0x5556c5794020, 3, 1;
L_0x5556c5793d10 .part L_0x5556c5794020, 1, 1;
L_0x5556c5793e40 .functor MUXZ 1, L_0x5556c5793d10, L_0x5556c5793c30, L_0x5556c5793b40, C4<>;
S_0x5556c5724b00 .scope module, "t7" "mux4x1" 2 191, 2 216 0, S_0x5556c56e13c0;
 .timescale 0 0;
    .port_info 0 /INPUT 2 "sel";
    .port_info 1 /INPUT 8 "a";
    .port_info 2 /OUTPUT 4 "y";
P_0x5556c57294c0 .param/l "n" 0 2 217, +C4<00000000000000000000000000000010>;
v0x5556c571c850_0 .net *"_ivl_1", 0 0, L_0x5556c5794580;  1 drivers
v0x5556c57223d0_0 .net *"_ivl_11", 0 0, L_0x5556c5794a30;  1 drivers
v0x5556c57224b0_0 .net *"_ivl_13", 1 0, L_0x5556c5794ad0;  1 drivers
v0x5556c57205b0_0 .net *"_ivl_15", 1 0, L_0x5556c5794b70;  1 drivers
v0x5556c5720690_0 .net *"_ivl_16", 1 0, L_0x5556c5794cf0;  1 drivers
v0x5556c5720390_0 .net *"_ivl_3", 0 0, L_0x5556c5794620;  1 drivers
v0x5556c5720470_0 .net *"_ivl_5", 1 0, L_0x5556c5794710;  1 drivers
v0x5556c571db90_0 .net *"_ivl_7", 1 0, L_0x5556c57947b0;  1 drivers
v0x5556c571dc70_0 .net *"_ivl_8", 1 0, L_0x5556c57948a0;  1 drivers
v0x5556c5715850_0 .net "a", 7 0, L_0x5556c5795190;  1 drivers
v0x5556c5715930_0 .net "sel", 1 0, L_0x5556c57950f0;  1 drivers
v0x5556c571b460_0 .net "y", 3 0, L_0x5556c5794f70;  1 drivers
v0x5556c571b540_0 .net "y1", 1 0, L_0x5556c5794e30;  1 drivers
L_0x5556c5794580 .part L_0x5556c57950f0, 1, 1;
L_0x5556c5794620 .part L_0x5556c57950f0, 0, 1;
L_0x5556c5794710 .part L_0x5556c5795190, 6, 2;
L_0x5556c57947b0 .part L_0x5556c5795190, 4, 2;
L_0x5556c57948a0 .functor MUXZ 2, L_0x5556c57947b0, L_0x5556c5794710, L_0x5556c5794620, C4<>;
L_0x5556c5794a30 .part L_0x5556c57950f0, 0, 1;
L_0x5556c5794ad0 .part L_0x5556c5795190, 2, 2;
L_0x5556c5794b70 .part L_0x5556c5795190, 0, 2;
L_0x5556c5794cf0 .functor MUXZ 2, L_0x5556c5794b70, L_0x5556c5794ad0, L_0x5556c5794a30, C4<>;
L_0x5556c5794e30 .functor MUXZ 2, L_0x5556c5794cf0, L_0x5556c57948a0, L_0x5556c5794580, C4<>;
L_0x5556c5794f70 .concat [ 2 2 0 0], L_0x5556c5794e30, L_0x5556c57950f0;
S_0x5556c5700a00 .scope module, "t0" "sqrt_int" 2 124, 2 131 0, S_0x5556c56d3520;
 .timescale 0 0;
    .port_info 0 /INPUT 48 "x";
    .port_info 1 /OUTPUT 24 "sqrt";
P_0x5556c5714590 .param/l "man" 0 2 133, +C4<00000000000000000000000000000000000000000000000000000000000110000>;
P_0x5556c57145d0 .param/l "nc" 1 2 135, +C4<000000000000000000000000000000000000000000000000000000000000011000>;
L_0x5556c578fd10 .functor BUFZ 48, L_0x5556c5778610, C4<000000000000000000000000000000000000000000000000>, C4<000000000000000000000000000000000000000000000000>, C4<000000000000000000000000000000000000000000000000>;
L_0x5556c57583a0 .functor BUFZ 24, L_0x5556c578fec0, C4<000000000000000000000000>, C4<000000000000000000000000>, C4<000000000000000000000000>;
v0x5556c57627c0 .array "a", 24 0;
v0x5556c57627c0_0 .net v0x5556c57627c0 0, 47 0, L_0x5556c578fd10; 1 drivers
v0x5556c57627c0_1 .net v0x5556c57627c0 1, 47 0, L_0x5556c57796a0; 1 drivers
v0x5556c57627c0_2 .net v0x5556c57627c0 2, 47 0, L_0x5556c577a690; 1 drivers
v0x5556c57627c0_3 .net v0x5556c57627c0 3, 47 0, L_0x5556c577b630; 1 drivers
v0x5556c57627c0_4 .net v0x5556c57627c0 4, 47 0, L_0x5556c577c540; 1 drivers
v0x5556c57627c0_5 .net v0x5556c57627c0 5, 47 0, L_0x5556c577d2f0; 1 drivers
v0x5556c57627c0_6 .net v0x5556c57627c0 6, 47 0, L_0x5556c577e290; 1 drivers
v0x5556c57627c0_7 .net v0x5556c57627c0 7, 47 0, L_0x5556c577f1d0; 1 drivers
v0x5556c57627c0_8 .net v0x5556c57627c0 8, 47 0, L_0x5556c5780110; 1 drivers
v0x5556c57627c0_9 .net v0x5556c57627c0 9, 47 0, L_0x5556c5781050; 1 drivers
v0x5556c57627c0_10 .net v0x5556c57627c0 10, 47 0, L_0x5556c5781f90; 1 drivers
v0x5556c57627c0_11 .net v0x5556c57627c0 11, 47 0, L_0x5556c5782ed0; 1 drivers
v0x5556c57627c0_12 .net v0x5556c57627c0 12, 47 0, L_0x5556c5784020; 1 drivers
v0x5556c57627c0_13 .net v0x5556c57627c0 13, 47 0, L_0x5556c5784f60; 1 drivers
v0x5556c57627c0_14 .net v0x5556c57627c0 14, 47 0, L_0x5556c5785ea0; 1 drivers
v0x5556c57627c0_15 .net v0x5556c57627c0 15, 47 0, L_0x5556c5786de0; 1 drivers
v0x5556c57627c0_16 .net v0x5556c57627c0 16, 47 0, L_0x5556c5787d20; 1 drivers
v0x5556c57627c0_17 .net v0x5556c57627c0 17, 47 0, L_0x5556c5788c60; 1 drivers
v0x5556c57627c0_18 .net v0x5556c57627c0 18, 47 0, L_0x5556c5789ba0; 1 drivers
v0x5556c57627c0_19 .net v0x5556c57627c0 19, 47 0, L_0x5556c578aae0; 1 drivers
v0x5556c57627c0_20 .net v0x5556c57627c0 20, 47 0, L_0x5556c578ba20; 1 drivers
v0x5556c57627c0_21 .net v0x5556c57627c0 21, 47 0, L_0x5556c578c960; 1 drivers
v0x5556c57627c0_22 .net v0x5556c57627c0 22, 47 0, L_0x5556c578d8a0; 1 drivers
v0x5556c57627c0_23 .net v0x5556c57627c0 23, 47 0, L_0x5556c578e7e0; 1 drivers
v0x5556c57627c0_24 .net v0x5556c57627c0 24, 47 0, L_0x5556c578f720; 1 drivers
L_0x7f8a74fdb0b0 .functor BUFT 1, C4<00000000000000000000000000>, C4<0>, C4<0>, C4<0>;
v0x5556c5762bc0 .array "left", 24 0;
v0x5556c5762bc0_0 .net v0x5556c5762bc0 0, 25 0, L_0x7f8a74fdb0b0; 1 drivers
v0x5556c5762bc0_1 .net v0x5556c5762bc0 1, 25 0, L_0x5556c5779480; 1 drivers
v0x5556c5762bc0_2 .net v0x5556c5762bc0 2, 25 0, L_0x5556c577a550; 1 drivers
v0x5556c5762bc0_3 .net v0x5556c5762bc0 3, 25 0, L_0x5556c577b4f0; 1 drivers
v0x5556c5762bc0_4 .net v0x5556c5762bc0 4, 25 0, L_0x5556c577c400; 1 drivers
v0x5556c5762bc0_5 .net v0x5556c5762bc0 5, 25 0, L_0x5556c577d1b0; 1 drivers
v0x5556c5762bc0_6 .net v0x5556c5762bc0 6, 25 0, L_0x5556c577e150; 1 drivers
v0x5556c5762bc0_7 .net v0x5556c5762bc0 7, 25 0, L_0x5556c577f090; 1 drivers
v0x5556c5762bc0_8 .net v0x5556c5762bc0 8, 25 0, L_0x5556c577ffd0; 1 drivers
v0x5556c5762bc0_9 .net v0x5556c5762bc0 9, 25 0, L_0x5556c5780f10; 1 drivers
v0x5556c5762bc0_10 .net v0x5556c5762bc0 10, 25 0, L_0x5556c5781e50; 1 drivers
v0x5556c5762bc0_11 .net v0x5556c5762bc0 11, 25 0, L_0x5556c5782d90; 1 drivers
v0x5556c5762bc0_12 .net v0x5556c5762bc0 12, 25 0, L_0x5556c5783ee0; 1 drivers
v0x5556c5762bc0_13 .net v0x5556c5762bc0 13, 25 0, L_0x5556c5784e20; 1 drivers
v0x5556c5762bc0_14 .net v0x5556c5762bc0 14, 25 0, L_0x5556c5785d60; 1 drivers
v0x5556c5762bc0_15 .net v0x5556c5762bc0 15, 25 0, L_0x5556c5786ca0; 1 drivers
v0x5556c5762bc0_16 .net v0x5556c5762bc0 16, 25 0, L_0x5556c5787be0; 1 drivers
v0x5556c5762bc0_17 .net v0x5556c5762bc0 17, 25 0, L_0x5556c5788b20; 1 drivers
v0x5556c5762bc0_18 .net v0x5556c5762bc0 18, 25 0, L_0x5556c5789a60; 1 drivers
v0x5556c5762bc0_19 .net v0x5556c5762bc0 19, 25 0, L_0x5556c578a9a0; 1 drivers
v0x5556c5762bc0_20 .net v0x5556c5762bc0 20, 25 0, L_0x5556c578b8e0; 1 drivers
v0x5556c5762bc0_21 .net v0x5556c5762bc0 21, 25 0, L_0x5556c578c820; 1 drivers
v0x5556c5762bc0_22 .net v0x5556c5762bc0 22, 25 0, L_0x5556c578d760; 1 drivers
v0x5556c5762bc0_23 .net v0x5556c5762bc0 23, 25 0, L_0x5556c578e6a0; 1 drivers
v0x5556c5762bc0_24 .net v0x5556c5762bc0 24, 25 0, L_0x5556c578f5e0; 1 drivers
L_0x7f8a74fdb068 .functor BUFT 1, C4<000000000000000000000000>, C4<0>, C4<0>, C4<0>;
v0x5556c5763070 .array "q", 24 0;
v0x5556c5763070_0 .net v0x5556c5763070 0, 23 0, L_0x7f8a74fdb068; 1 drivers
v0x5556c5763070_1 .net v0x5556c5763070 1, 23 0, L_0x5556c5779ef0; 1 drivers
v0x5556c5763070_2 .net v0x5556c5763070 2, 23 0, L_0x5556c577ae90; 1 drivers
v0x5556c5763070_3 .net v0x5556c5763070 3, 23 0, L_0x5556c577be30; 1 drivers
v0x5556c5763070_4 .net v0x5556c5763070 4, 23 0, L_0x5556c577cce0; 1 drivers
v0x5556c5763070_5 .net v0x5556c5763070 5, 23 0, L_0x5556c577daf0; 1 drivers
v0x5556c5763070_6 .net v0x5556c5763070 6, 23 0, L_0x5556c577ea30; 1 drivers
v0x5556c5763070_7 .net v0x5556c5763070 7, 23 0, L_0x5556c577f970; 1 drivers
v0x5556c5763070_8 .net v0x5556c5763070 8, 23 0, L_0x5556c57808b0; 1 drivers
v0x5556c5763070_9 .net v0x5556c5763070 9, 23 0, L_0x5556c57817f0; 1 drivers
v0x5556c5763070_10 .net v0x5556c5763070 10, 23 0, L_0x5556c5782730; 1 drivers
v0x5556c5763070_11 .net v0x5556c5763070 11, 23 0, L_0x5556c5783670; 1 drivers
v0x5556c5763070_12 .net v0x5556c5763070 12, 23 0, L_0x5556c57847c0; 1 drivers
v0x5556c5763070_13 .net v0x5556c5763070 13, 23 0, L_0x5556c5785700; 1 drivers
v0x5556c5763070_14 .net v0x5556c5763070 14, 23 0, L_0x5556c5786640; 1 drivers
v0x5556c5763070_15 .net v0x5556c5763070 15, 23 0, L_0x5556c5787580; 1 drivers
v0x5556c5763070_16 .net v0x5556c5763070 16, 23 0, L_0x5556c57884c0; 1 drivers
v0x5556c5763070_17 .net v0x5556c5763070 17, 23 0, L_0x5556c5789400; 1 drivers
v0x5556c5763070_18 .net v0x5556c5763070 18, 23 0, L_0x5556c578a340; 1 drivers
v0x5556c5763070_19 .net v0x5556c5763070 19, 23 0, L_0x5556c578b280; 1 drivers
v0x5556c5763070_20 .net v0x5556c5763070 20, 23 0, L_0x5556c578c1c0; 1 drivers
v0x5556c5763070_21 .net v0x5556c5763070 21, 23 0, L_0x5556c578d100; 1 drivers
v0x5556c5763070_22 .net v0x5556c5763070 22, 23 0, L_0x5556c578e040; 1 drivers
v0x5556c5763070_23 .net v0x5556c5763070 23, 23 0, L_0x5556c578ef80; 1 drivers
v0x5556c5763070_24 .net v0x5556c5763070 24, 23 0, L_0x5556c578fec0; 1 drivers
L_0x7f8a74fdb140 .functor BUFT 1, C4<00000000000000000000000000>, C4<0>, C4<0>, C4<0>;
v0x5556c5763500 .array "r", 24 0;
v0x5556c5763500_0 .net v0x5556c5763500 0, 25 0, L_0x7f8a74fdb140; 1 drivers
v0x5556c5763500_1 .net v0x5556c5763500 1, 25 0, L_0x5556c5779b10; 1 drivers
v0x5556c5763500_2 .net v0x5556c5763500 2, 25 0, L_0x5556c577ab00; 1 drivers
v0x5556c5763500_3 .net v0x5556c5763500 3, 25 0, L_0x5556c577baa0; 1 drivers
v0x5556c5763500_4 .net v0x5556c5763500 4, 25 0, L_0x5556c577c950; 1 drivers
v0x5556c5763500_5 .net v0x5556c5763500 5, 25 0, L_0x5556c577d760; 1 drivers
v0x5556c5763500_6 .net v0x5556c5763500 6, 25 0, L_0x5556c577e6a0; 1 drivers
v0x5556c5763500_7 .net v0x5556c5763500 7, 25 0, L_0x5556c577f5e0; 1 drivers
v0x5556c5763500_8 .net v0x5556c5763500 8, 25 0, L_0x5556c5780520; 1 drivers
v0x5556c5763500_9 .net v0x5556c5763500 9, 25 0, L_0x5556c5781460; 1 drivers
v0x5556c5763500_10 .net v0x5556c5763500 10, 25 0, L_0x5556c57823a0; 1 drivers
v0x5556c5763500_11 .net v0x5556c5763500 11, 25 0, L_0x5556c57832e0; 1 drivers
v0x5556c5763500_12 .net v0x5556c5763500 12, 25 0, L_0x5556c5784430; 1 drivers
v0x5556c5763500_13 .net v0x5556c5763500 13, 25 0, L_0x5556c5785370; 1 drivers
v0x5556c5763500_14 .net v0x5556c5763500 14, 25 0, L_0x5556c57862b0; 1 drivers
v0x5556c5763500_15 .net v0x5556c5763500 15, 25 0, L_0x5556c57871f0; 1 drivers
v0x5556c5763500_16 .net v0x5556c5763500 16, 25 0, L_0x5556c5788130; 1 drivers
v0x5556c5763500_17 .net v0x5556c5763500 17, 25 0, L_0x5556c5789070; 1 drivers
v0x5556c5763500_18 .net v0x5556c5763500 18, 25 0, L_0x5556c5789fb0; 1 drivers
v0x5556c5763500_19 .net v0x5556c5763500 19, 25 0, L_0x5556c578aef0; 1 drivers
v0x5556c5763500_20 .net v0x5556c5763500 20, 25 0, L_0x5556c578be30; 1 drivers
v0x5556c5763500_21 .net v0x5556c5763500 21, 25 0, L_0x5556c578cd70; 1 drivers
v0x5556c5763500_22 .net v0x5556c5763500 22, 25 0, L_0x5556c578dcb0; 1 drivers
v0x5556c5763500_23 .net v0x5556c5763500 23, 25 0, L_0x5556c578ebf0; 1 drivers
v0x5556c5763500_24 .net v0x5556c5763500 24, 25 0, L_0x5556c578fb30; 1 drivers
L_0x7f8a74fdb0f8 .functor BUFT 1, C4<00000000000000000000000000>, C4<0>, C4<0>, C4<0>;
v0x5556c57639b0 .array "right", 24 0;
v0x5556c57639b0_0 .net v0x5556c57639b0 0, 25 0, L_0x7f8a74fdb0f8; 1 drivers
v0x5556c57639b0_1 .net v0x5556c57639b0 1, 25 0, L_0x5556c5779160; 1 drivers
v0x5556c57639b0_2 .net v0x5556c57639b0 2, 25 0, L_0x5556c577a150; 1 drivers
v0x5556c57639b0_3 .net v0x5556c57639b0 3, 25 0, L_0x5556c577b0f0; 1 drivers
v0x5556c57639b0_4 .net v0x5556c57639b0 4, 25 0, L_0x5556c577c090; 1 drivers
v0x5556c57639b0_5 .net v0x5556c57639b0 5, 25 0, L_0x5556c577cf40; 1 drivers
v0x5556c57639b0_6 .net v0x5556c57639b0 6, 25 0, L_0x5556c577dd50; 1 drivers
v0x5556c57639b0_7 .net v0x5556c57639b0 7, 25 0, L_0x5556c577ec90; 1 drivers
v0x5556c57639b0_8 .net v0x5556c57639b0 8, 25 0, L_0x5556c577fbd0; 1 drivers
v0x5556c57639b0_9 .net v0x5556c57639b0 9, 25 0, L_0x5556c5780b10; 1 drivers
v0x5556c57639b0_10 .net v0x5556c57639b0 10, 25 0, L_0x5556c5781a50; 1 drivers
v0x5556c57639b0_11 .net v0x5556c57639b0 11, 25 0, L_0x5556c5782990; 1 drivers
v0x5556c57639b0_12 .net v0x5556c57639b0 12, 25 0, L_0x5556c5783ae0; 1 drivers
v0x5556c57639b0_13 .net v0x5556c57639b0 13, 25 0, L_0x5556c5784a20; 1 drivers
v0x5556c57639b0_14 .net v0x5556c57639b0 14, 25 0, L_0x5556c5785960; 1 drivers
v0x5556c57639b0_15 .net v0x5556c57639b0 15, 25 0, L_0x5556c57868a0; 1 drivers
v0x5556c57639b0_16 .net v0x5556c57639b0 16, 25 0, L_0x5556c57877e0; 1 drivers
v0x5556c57639b0_17 .net v0x5556c57639b0 17, 25 0, L_0x5556c5788720; 1 drivers
v0x5556c57639b0_18 .net v0x5556c57639b0 18, 25 0, L_0x5556c5789660; 1 drivers
v0x5556c57639b0_19 .net v0x5556c57639b0 19, 25 0, L_0x5556c578a5a0; 1 drivers
v0x5556c57639b0_20 .net v0x5556c57639b0 20, 25 0, L_0x5556c578b4e0; 1 drivers
v0x5556c57639b0_21 .net v0x5556c57639b0 21, 25 0, L_0x5556c578c420; 1 drivers
v0x5556c57639b0_22 .net v0x5556c57639b0 22, 25 0, L_0x5556c578d360; 1 drivers
v0x5556c57639b0_23 .net v0x5556c57639b0 23, 25 0, L_0x5556c578e2a0; 1 drivers
v0x5556c57639b0_24 .net v0x5556c57639b0 24, 25 0, L_0x5556c578f1e0; 1 drivers
v0x5556c5763e60_0 .net "sqrt", 23 0, L_0x5556c57583a0;  alias, 1 drivers
v0x5556c5763f20_0 .net "x", 47 0, L_0x5556c5778610;  alias, 1 drivers
S_0x5556c57047f0 .scope generate, "genblk1[0]" "genblk1[0]" 2 156, 2 156 0, S_0x5556c5700a00;
 .timescale 0 0;
P_0x5556c57066b0 .param/l "i" 0 2 156, +C4<00>;
L_0x5556c5750e80 .functor NOT 1, L_0x5556c5779db0, C4<0>, C4<0>, C4<0>;
v0x5556c57045d0_0 .net *"_ivl_13", 1 0, L_0x5556c57792a0;  1 drivers
v0x5556c57046b0_0 .net *"_ivl_14", 27 0, L_0x5556c5779340;  1 drivers
v0x5556c5701dd0_0 .net *"_ivl_21", 45 0, L_0x5556c5779570;  1 drivers
L_0x7f8a74fda330 .functor BUFT 1, C4<00>, C4<0>, C4<0>, C4<0>;
v0x5556c5701e90_0 .net/2u *"_ivl_22", 1 0, L_0x7f8a74fda330;  1 drivers
v0x5556c56f9a90_0 .net *"_ivl_29", 0 0, L_0x5556c57797e0;  1 drivers
v0x5556c56f9b70_0 .net *"_ivl_32", 25 0, L_0x5556c57798d0;  1 drivers
v0x5556c56ff6a0_0 .net *"_ivl_36", 25 0, L_0x5556c5779a10;  1 drivers
v0x5556c56ff780_0 .net *"_ivl_4", 0 0, L_0x5556c57790c0;  1 drivers
v0x5556c56fd880_0 .net *"_ivl_43", 22 0, L_0x5556c5779c50;  1 drivers
v0x5556c56fd660_0 .net *"_ivl_46", 0 0, L_0x5556c5779db0;  1 drivers
v0x5556c56fd740_0 .net *"_ivl_47", 0 0, L_0x5556c5750e80;  1 drivers
L_0x7f8a74fda2e8 .functor BUFT 1, C4<1>, C4<0>, C4<0>, C4<0>;
v0x5556c56fae60_0 .net/2u *"_ivl_5", 0 0, L_0x7f8a74fda2e8;  1 drivers
L_0x5556c57790c0 .part L_0x7f8a74fdb140, 25, 1;
L_0x5556c5779160 .concat [ 1 1 24 0], L_0x7f8a74fda2e8, L_0x5556c57790c0, L_0x7f8a74fdb068;
L_0x5556c57792a0 .part L_0x5556c578fd10, 46, 2;
L_0x5556c5779340 .concat [ 2 26 0 0], L_0x5556c57792a0, L_0x7f8a74fdb140;
L_0x5556c5779480 .part L_0x5556c5779340, 0, 26;
L_0x5556c5779570 .part L_0x5556c578fd10, 0, 46;
L_0x5556c57796a0 .concat [ 2 46 0 0], L_0x7f8a74fda330, L_0x5556c5779570;
L_0x5556c57797e0 .part L_0x7f8a74fdb140, 25, 1;
L_0x5556c57798d0 .arith/sum 26, L_0x5556c5779480, L_0x5556c5779160;
L_0x5556c5779a10 .arith/sub 26, L_0x5556c5779480, L_0x5556c5779160;
L_0x5556c5779b10 .functor MUXZ 26, L_0x5556c5779a10, L_0x5556c57798d0, L_0x5556c57797e0, C4<>;
L_0x5556c5779c50 .part L_0x7f8a74fdb068, 0, 23;
L_0x5556c5779db0 .part L_0x5556c5779b10, 25, 1;
L_0x5556c5779ef0 .concat [ 1 23 0 0], L_0x5556c5750e80, L_0x5556c5779c50;
S_0x5556c56f2b40 .scope generate, "genblk1[1]" "genblk1[1]" 2 156, 2 156 0, S_0x5556c5700a00;
 .timescale 0 0;
P_0x5556c56fd9f0 .param/l "i" 0 2 156, +C4<01>;
L_0x5556c5779d40 .functor NOT 1, L_0x5556c577ad50, C4<0>, C4<0>, C4<0>;
v0x5556c56f8730_0 .net *"_ivl_13", 1 0, L_0x5556c577a2e0;  1 drivers
v0x5556c56f8810_0 .net *"_ivl_14", 27 0, L_0x5556c577a3d0;  1 drivers
v0x5556c56f6910_0 .net *"_ivl_21", 45 0, L_0x5556c577a5f0;  1 drivers
L_0x7f8a74fda3c0 .functor BUFT 1, C4<00>, C4<0>, C4<0>, C4<0>;
v0x5556c56f69d0_0 .net/2u *"_ivl_22", 1 0, L_0x7f8a74fda3c0;  1 drivers
v0x5556c56f66f0_0 .net *"_ivl_29", 0 0, L_0x5556c577a7d0;  1 drivers
v0x5556c56f6820_0 .net *"_ivl_32", 25 0, L_0x5556c577a8c0;  1 drivers
v0x5556c56f3ef0_0 .net *"_ivl_36", 25 0, L_0x5556c577aa00;  1 drivers
v0x5556c56f3fd0_0 .net *"_ivl_4", 0 0, L_0x5556c577a0b0;  1 drivers
v0x5556c56ebbf0_0 .net *"_ivl_43", 22 0, L_0x5556c577ac40;  1 drivers
v0x5556c56f17e0_0 .net *"_ivl_46", 0 0, L_0x5556c577ad50;  1 drivers
v0x5556c56f18c0_0 .net *"_ivl_47", 0 0, L_0x5556c5779d40;  1 drivers
L_0x7f8a74fda378 .functor BUFT 1, C4<1>, C4<0>, C4<0>, C4<0>;
v0x5556c56ef9c0_0 .net/2u *"_ivl_5", 0 0, L_0x7f8a74fda378;  1 drivers
L_0x5556c577a0b0 .part L_0x5556c5779b10, 25, 1;
L_0x5556c577a150 .concat [ 1 1 24 0], L_0x7f8a74fda378, L_0x5556c577a0b0, L_0x5556c5779ef0;
L_0x5556c577a2e0 .part L_0x5556c57796a0, 46, 2;
L_0x5556c577a3d0 .concat [ 2 26 0 0], L_0x5556c577a2e0, L_0x5556c5779b10;
L_0x5556c577a550 .part L_0x5556c577a3d0, 0, 26;
L_0x5556c577a5f0 .part L_0x5556c57796a0, 0, 46;
L_0x5556c577a690 .concat [ 2 46 0 0], L_0x7f8a74fda3c0, L_0x5556c577a5f0;
L_0x5556c577a7d0 .part L_0x5556c5779b10, 25, 1;
L_0x5556c577a8c0 .arith/sum 26, L_0x5556c577a550, L_0x5556c577a150;
L_0x5556c577aa00 .arith/sub 26, L_0x5556c577a550, L_0x5556c577a150;
L_0x5556c577ab00 .functor MUXZ 26, L_0x5556c577aa00, L_0x5556c577a8c0, L_0x5556c577a7d0, C4<>;
L_0x5556c577ac40 .part L_0x5556c5779ef0, 0, 23;
L_0x5556c577ad50 .part L_0x5556c577ab00, 25, 1;
L_0x5556c577ae90 .concat [ 1 23 0 0], L_0x5556c5779d40, L_0x5556c577ac40;
S_0x5556c56ef7a0 .scope generate, "genblk1[2]" "genblk1[2]" 2 156, 2 156 0, S_0x5556c5700a00;
 .timescale 0 0;
P_0x5556c56ebd60 .param/l "i" 0 2 156, +C4<010>;
L_0x5556c577ace0 .functor NOT 1, L_0x5556c577bcf0, C4<0>, C4<0>, C4<0>;
v0x5556c56efaa0_0 .net *"_ivl_13", 1 0, L_0x5556c577b280;  1 drivers
v0x5556c56ecfa0_0 .net *"_ivl_14", 27 0, L_0x5556c577b370;  1 drivers
v0x5556c56ed080_0 .net *"_ivl_21", 45 0, L_0x5556c577b590;  1 drivers
L_0x7f8a74fda450 .functor BUFT 1, C4<00>, C4<0>, C4<0>, C4<0>;
v0x5556c56e4ca0_0 .net/2u *"_ivl_22", 1 0, L_0x7f8a74fda450;  1 drivers
v0x5556c56e4d80_0 .net *"_ivl_29", 0 0, L_0x5556c577b770;  1 drivers
v0x5556c56ea890_0 .net *"_ivl_32", 25 0, L_0x5556c577b860;  1 drivers
v0x5556c56ea950_0 .net *"_ivl_36", 25 0, L_0x5556c577b9a0;  1 drivers
v0x5556c56e8a70_0 .net *"_ivl_4", 0 0, L_0x5556c577b050;  1 drivers
v0x5556c56e8b50_0 .net *"_ivl_43", 22 0, L_0x5556c577bbe0;  1 drivers
v0x5556c56e8920_0 .net *"_ivl_46", 0 0, L_0x5556c577bcf0;  1 drivers
v0x5556c56e6050_0 .net *"_ivl_47", 0 0, L_0x5556c577ace0;  1 drivers
L_0x7f8a74fda408 .functor BUFT 1, C4<1>, C4<0>, C4<0>, C4<0>;
v0x5556c56e6130_0 .net/2u *"_ivl_5", 0 0, L_0x7f8a74fda408;  1 drivers
L_0x5556c577b050 .part L_0x5556c577ab00, 25, 1;
L_0x5556c577b0f0 .concat [ 1 1 24 0], L_0x7f8a74fda408, L_0x5556c577b050, L_0x5556c577ae90;
L_0x5556c577b280 .part L_0x5556c577a690, 46, 2;
L_0x5556c577b370 .concat [ 2 26 0 0], L_0x5556c577b280, L_0x5556c577ab00;
L_0x5556c577b4f0 .part L_0x5556c577b370, 0, 26;
L_0x5556c577b590 .part L_0x5556c577a690, 0, 46;
L_0x5556c577b630 .concat [ 2 46 0 0], L_0x7f8a74fda450, L_0x5556c577b590;
L_0x5556c577b770 .part L_0x5556c577ab00, 25, 1;
L_0x5556c577b860 .arith/sum 26, L_0x5556c577b4f0, L_0x5556c577b0f0;
L_0x5556c577b9a0 .arith/sub 26, L_0x5556c577b4f0, L_0x5556c577b0f0;
L_0x5556c577baa0 .functor MUXZ 26, L_0x5556c577b9a0, L_0x5556c577b860, L_0x5556c577b770, C4<>;
L_0x5556c577bbe0 .part L_0x5556c577ae90, 0, 23;
L_0x5556c577bcf0 .part L_0x5556c577baa0, 25, 1;
L_0x5556c577be30 .concat [ 1 23 0 0], L_0x5556c577ace0, L_0x5556c577bbe0;
S_0x5556c56ddd50 .scope generate, "genblk1[3]" "genblk1[3]" 2 156, 2 156 0, S_0x5556c5700a00;
 .timescale 0 0;
P_0x5556c56e8bf0 .param/l "i" 0 2 156, +C4<011>;
L_0x5556c577bc80 .functor NOT 1, L_0x5556c577cba0, C4<0>, C4<0>, C4<0>;
v0x5556c56e39b0_0 .net *"_ivl_13", 1 0, L_0x5556c577c220;  1 drivers
v0x5556c56e1b20_0 .net *"_ivl_14", 27 0, L_0x5556c577c310;  1 drivers
v0x5556c56e1c00_0 .net *"_ivl_21", 45 0, L_0x5556c577c4a0;  1 drivers
L_0x7f8a74fda4e0 .functor BUFT 1, C4<00>, C4<0>, C4<0>, C4<0>;
v0x5556c56e1900_0 .net/2u *"_ivl_22", 1 0, L_0x7f8a74fda4e0;  1 drivers
v0x5556c56e19e0_0 .net *"_ivl_29", 0 0, L_0x5556c577c680;  1 drivers
v0x5556c56df100_0 .net *"_ivl_32", 25 0, L_0x5556c577c770;  1 drivers
v0x5556c56df1c0_0 .net *"_ivl_36", 25 0, L_0x5556c577c8b0;  1 drivers
v0x5556c56d6e00_0 .net *"_ivl_4", 0 0, L_0x5556c577bff0;  1 drivers
v0x5556c56d6ee0_0 .net *"_ivl_43", 22 0, L_0x5556c577ca90;  1 drivers
v0x5556c56dcac0_0 .net *"_ivl_46", 0 0, L_0x5556c577cba0;  1 drivers
v0x5556c56dabd0_0 .net *"_ivl_47", 0 0, L_0x5556c577bc80;  1 drivers
L_0x7f8a74fda498 .functor BUFT 1, C4<1>, C4<0>, C4<0>, C4<0>;
v0x5556c56dacb0_0 .net/2u *"_ivl_5", 0 0, L_0x7f8a74fda498;  1 drivers
L_0x5556c577bff0 .part L_0x5556c577baa0, 25, 1;
L_0x5556c577c090 .concat [ 1 1 24 0], L_0x7f8a74fda498, L_0x5556c577bff0, L_0x5556c577be30;
L_0x5556c577c220 .part L_0x5556c577b630, 46, 2;
L_0x5556c577c310 .concat [ 2 26 0 0], L_0x5556c577c220, L_0x5556c577baa0;
L_0x5556c577c400 .part L_0x5556c577c310, 0, 26;
L_0x5556c577c4a0 .part L_0x5556c577b630, 0, 46;
L_0x5556c577c540 .concat [ 2 46 0 0], L_0x7f8a74fda4e0, L_0x5556c577c4a0;
L_0x5556c577c680 .part L_0x5556c577baa0, 25, 1;
L_0x5556c577c770 .arith/sum 26, L_0x5556c577c400, L_0x5556c577c090;
L_0x5556c577c8b0 .arith/sub 26, L_0x5556c577c400, L_0x5556c577c090;
L_0x5556c577c950 .functor MUXZ 26, L_0x5556c577c8b0, L_0x5556c577c770, L_0x5556c577c680, C4<>;
L_0x5556c577ca90 .part L_0x5556c577be30, 0, 23;
L_0x5556c577cba0 .part L_0x5556c577c950, 25, 1;
L_0x5556c577cce0 .concat [ 1 23 0 0], L_0x5556c577bc80, L_0x5556c577ca90;
S_0x5556c56da9b0 .scope generate, "genblk1[4]" "genblk1[4]" 2 156, 2 156 0, S_0x5556c5700a00;
 .timescale 0 0;
P_0x5556c56e3a90 .param/l "i" 0 2 156, +C4<0100>;
L_0x5556c577cb30 .functor NOT 1, L_0x5556c577d9b0, C4<0>, C4<0>, C4<0>;
v0x5556c56d8220_0 .net *"_ivl_13", 1 0, L_0x5556c5763690;  1 drivers
v0x5556c56cfeb0_0 .net *"_ivl_14", 27 0, L_0x5556c577d030;  1 drivers
v0x5556c56cff90_0 .net *"_ivl_21", 45 0, L_0x5556c577d250;  1 drivers
L_0x7f8a74fda570 .functor BUFT 1, C4<00>, C4<0>, C4<0>, C4<0>;
v0x5556c56d5aa0_0 .net/2u *"_ivl_22", 1 0, L_0x7f8a74fda570;  1 drivers
v0x5556c56d5b80_0 .net *"_ivl_29", 0 0, L_0x5556c577d430;  1 drivers
v0x5556c56d3c80_0 .net *"_ivl_32", 25 0, L_0x5556c577d520;  1 drivers
v0x5556c56d3d60_0 .net *"_ivl_36", 25 0, L_0x5556c577d660;  1 drivers
v0x5556c56d3a60_0 .net *"_ivl_4", 0 0, L_0x5556c577cea0;  1 drivers
v0x5556c56d3b40_0 .net *"_ivl_43", 22 0, L_0x5556c577d8a0;  1 drivers
v0x5556c56d1330_0 .net *"_ivl_46", 0 0, L_0x5556c577d9b0;  1 drivers
v0x5556c56c8f60_0 .net *"_ivl_47", 0 0, L_0x5556c577cb30;  1 drivers
L_0x7f8a74fda528 .functor BUFT 1, C4<1>, C4<0>, C4<0>, C4<0>;
v0x5556c56c9020_0 .net/2u *"_ivl_5", 0 0, L_0x7f8a74fda528;  1 drivers
L_0x5556c577cea0 .part L_0x5556c577c950, 25, 1;
L_0x5556c577cf40 .concat [ 1 1 24 0], L_0x7f8a74fda528, L_0x5556c577cea0, L_0x5556c577cce0;
L_0x5556c5763690 .part L_0x5556c577c540, 46, 2;
L_0x5556c577d030 .concat [ 2 26 0 0], L_0x5556c5763690, L_0x5556c577c950;
L_0x5556c577d1b0 .part L_0x5556c577d030, 0, 26;
L_0x5556c577d250 .part L_0x5556c577c540, 0, 46;
L_0x5556c577d2f0 .concat [ 2 46 0 0], L_0x7f8a74fda570, L_0x5556c577d250;
L_0x5556c577d430 .part L_0x5556c577c950, 25, 1;
L_0x5556c577d520 .arith/sum 26, L_0x5556c577d1b0, L_0x5556c577cf40;
L_0x5556c577d660 .arith/sub 26, L_0x5556c577d1b0, L_0x5556c577cf40;
L_0x5556c577d760 .functor MUXZ 26, L_0x5556c577d660, L_0x5556c577d520, L_0x5556c577d430, C4<>;
L_0x5556c577d8a0 .part L_0x5556c577cce0, 0, 23;
L_0x5556c577d9b0 .part L_0x5556c577d760, 25, 1;
L_0x5556c577daf0 .concat [ 1 23 0 0], L_0x5556c577cb30, L_0x5556c577d8a0;
S_0x5556c56ceb50 .scope generate, "genblk1[5]" "genblk1[5]" 2 156, 2 156 0, S_0x5556c5700a00;
 .timescale 0 0;
P_0x5556c56d3be0 .param/l "i" 0 2 156, +C4<0101>;
L_0x5556c577d940 .functor NOT 1, L_0x5556c577e8f0, C4<0>, C4<0>, C4<0>;
v0x5556c56ccd30_0 .net *"_ivl_13", 1 0, L_0x5556c577dee0;  1 drivers
v0x5556c56cce10_0 .net *"_ivl_14", 27 0, L_0x5556c577dfd0;  1 drivers
v0x5556c56ccb10_0 .net *"_ivl_21", 45 0, L_0x5556c577e1f0;  1 drivers
L_0x7f8a74fda600 .functor BUFT 1, C4<00>, C4<0>, C4<0>, C4<0>;
v0x5556c56ccbd0_0 .net/2u *"_ivl_22", 1 0, L_0x7f8a74fda600;  1 drivers
v0x5556c56ca310_0 .net *"_ivl_29", 0 0, L_0x5556c577e3d0;  1 drivers
v0x5556c56ca440_0 .net *"_ivl_32", 25 0, L_0x5556c577e4c0;  1 drivers
v0x5556c56c2010_0 .net *"_ivl_36", 25 0, L_0x5556c577e600;  1 drivers
v0x5556c56c20d0_0 .net *"_ivl_4", 0 0, L_0x5556c577dcb0;  1 drivers
v0x5556c56c7c00_0 .net *"_ivl_43", 22 0, L_0x5556c577e7e0;  1 drivers
v0x5556c56c5de0_0 .net *"_ivl_46", 0 0, L_0x5556c577e8f0;  1 drivers
v0x5556c56c5ec0_0 .net *"_ivl_47", 0 0, L_0x5556c577d940;  1 drivers
L_0x7f8a74fda5b8 .functor BUFT 1, C4<1>, C4<0>, C4<0>, C4<0>;
v0x5556c56c5bc0_0 .net/2u *"_ivl_5", 0 0, L_0x7f8a74fda5b8;  1 drivers
L_0x5556c577dcb0 .part L_0x5556c577d760, 25, 1;
L_0x5556c577dd50 .concat [ 1 1 24 0], L_0x7f8a74fda5b8, L_0x5556c577dcb0, L_0x5556c577daf0;
L_0x5556c577dee0 .part L_0x5556c577d2f0, 46, 2;
L_0x5556c577dfd0 .concat [ 2 26 0 0], L_0x5556c577dee0, L_0x5556c577d760;
L_0x5556c577e150 .part L_0x5556c577dfd0, 0, 26;
L_0x5556c577e1f0 .part L_0x5556c577d2f0, 0, 46;
L_0x5556c577e290 .concat [ 2 46 0 0], L_0x7f8a74fda600, L_0x5556c577e1f0;
L_0x5556c577e3d0 .part L_0x5556c577d760, 25, 1;
L_0x5556c577e4c0 .arith/sum 26, L_0x5556c577e150, L_0x5556c577dd50;
L_0x5556c577e600 .arith/sub 26, L_0x5556c577e150, L_0x5556c577dd50;
L_0x5556c577e6a0 .functor MUXZ 26, L_0x5556c577e600, L_0x5556c577e4c0, L_0x5556c577e3d0, C4<>;
L_0x5556c577e7e0 .part L_0x5556c577daf0, 0, 23;
L_0x5556c577e8f0 .part L_0x5556c577e6a0, 25, 1;
L_0x5556c577ea30 .concat [ 1 23 0 0], L_0x5556c577d940, L_0x5556c577e7e0;
S_0x5556c56c33c0 .scope generate, "genblk1[6]" "genblk1[6]" 2 156, 2 156 0, S_0x5556c5700a00;
 .timescale 0 0;
P_0x5556c56c7d70 .param/l "i" 0 2 156, +C4<0110>;
L_0x5556c577e880 .functor NOT 1, L_0x5556c577f830, C4<0>, C4<0>, C4<0>;
v0x5556c56bb0c0_0 .net *"_ivl_13", 1 0, L_0x5556c577ee20;  1 drivers
v0x5556c56bb1a0_0 .net *"_ivl_14", 27 0, L_0x5556c577ef10;  1 drivers
v0x5556c56c0cb0_0 .net *"_ivl_21", 45 0, L_0x5556c577f130;  1 drivers
L_0x7f8a74fda690 .functor BUFT 1, C4<00>, C4<0>, C4<0>, C4<0>;
v0x5556c56c0d70_0 .net/2u *"_ivl_22", 1 0, L_0x7f8a74fda690;  1 drivers
v0x5556c56bee90_0 .net *"_ivl_29", 0 0, L_0x5556c577f310;  1 drivers
v0x5556c56befc0_0 .net *"_ivl_32", 25 0, L_0x5556c577f400;  1 drivers
v0x5556c56bec70_0 .net *"_ivl_36", 25 0, L_0x5556c577f540;  1 drivers
v0x5556c56bed30_0 .net *"_ivl_4", 0 0, L_0x5556c577ebf0;  1 drivers
v0x5556c56bc470_0 .net *"_ivl_43", 22 0, L_0x5556c577f720;  1 drivers
v0x5556c56b4170_0 .net *"_ivl_46", 0 0, L_0x5556c577f830;  1 drivers
v0x5556c56b4250_0 .net *"_ivl_47", 0 0, L_0x5556c577e880;  1 drivers
L_0x7f8a74fda648 .functor BUFT 1, C4<1>, C4<0>, C4<0>, C4<0>;
v0x5556c56b9d60_0 .net/2u *"_ivl_5", 0 0, L_0x7f8a74fda648;  1 drivers
L_0x5556c577ebf0 .part L_0x5556c577e6a0, 25, 1;
L_0x5556c577ec90 .concat [ 1 1 24 0], L_0x7f8a74fda648, L_0x5556c577ebf0, L_0x5556c577ea30;
L_0x5556c577ee20 .part L_0x5556c577e290, 46, 2;
L_0x5556c577ef10 .concat [ 2 26 0 0], L_0x5556c577ee20, L_0x5556c577e6a0;
L_0x5556c577f090 .part L_0x5556c577ef10, 0, 26;
L_0x5556c577f130 .part L_0x5556c577e290, 0, 46;
L_0x5556c577f1d0 .concat [ 2 46 0 0], L_0x7f8a74fda690, L_0x5556c577f130;
L_0x5556c577f310 .part L_0x5556c577e6a0, 25, 1;
L_0x5556c577f400 .arith/sum 26, L_0x5556c577f090, L_0x5556c577ec90;
L_0x5556c577f540 .arith/sub 26, L_0x5556c577f090, L_0x5556c577ec90;
L_0x5556c577f5e0 .functor MUXZ 26, L_0x5556c577f540, L_0x5556c577f400, L_0x5556c577f310, C4<>;
L_0x5556c577f720 .part L_0x5556c577ea30, 0, 23;
L_0x5556c577f830 .part L_0x5556c577f5e0, 25, 1;
L_0x5556c577f970 .concat [ 1 23 0 0], L_0x5556c577e880, L_0x5556c577f720;
S_0x5556c56b7f40 .scope generate, "genblk1[7]" "genblk1[7]" 2 156, 2 156 0, S_0x5556c5700a00;
 .timescale 0 0;
P_0x5556c56c5d30 .param/l "i" 0 2 156, +C4<0111>;
L_0x5556c577f7c0 .functor NOT 1, L_0x5556c5780770, C4<0>, C4<0>, C4<0>;
v0x5556c56b9e40_0 .net *"_ivl_13", 1 0, L_0x5556c577fd60;  1 drivers
v0x5556c56b7d20_0 .net *"_ivl_14", 27 0, L_0x5556c577fe50;  1 drivers
v0x5556c56b7e00_0 .net *"_ivl_21", 45 0, L_0x5556c5780070;  1 drivers
L_0x7f8a74fda720 .functor BUFT 1, C4<00>, C4<0>, C4<0>, C4<0>;
v0x5556c56b5520_0 .net/2u *"_ivl_22", 1 0, L_0x7f8a74fda720;  1 drivers
v0x5556c56b5600_0 .net *"_ivl_29", 0 0, L_0x5556c5780250;  1 drivers
v0x5556c56ad220_0 .net *"_ivl_32", 25 0, L_0x5556c5780340;  1 drivers
v0x5556c56ad2e0_0 .net *"_ivl_36", 25 0, L_0x5556c5780480;  1 drivers
v0x5556c56b2e10_0 .net *"_ivl_4", 0 0, L_0x5556c577fb30;  1 drivers
v0x5556c56b2ef0_0 .net *"_ivl_43", 22 0, L_0x5556c5780660;  1 drivers
v0x5556c56b10c0_0 .net *"_ivl_46", 0 0, L_0x5556c5780770;  1 drivers
v0x5556c56b0dd0_0 .net *"_ivl_47", 0 0, L_0x5556c577f7c0;  1 drivers
L_0x7f8a74fda6d8 .functor BUFT 1, C4<1>, C4<0>, C4<0>, C4<0>;
v0x5556c56b0eb0_0 .net/2u *"_ivl_5", 0 0, L_0x7f8a74fda6d8;  1 drivers
L_0x5556c577fb30 .part L_0x5556c577f5e0, 25, 1;
L_0x5556c577fbd0 .concat [ 1 1 24 0], L_0x7f8a74fda6d8, L_0x5556c577fb30, L_0x5556c577f970;
L_0x5556c577fd60 .part L_0x5556c577f1d0, 46, 2;
L_0x5556c577fe50 .concat [ 2 26 0 0], L_0x5556c577fd60, L_0x5556c577f5e0;
L_0x5556c577ffd0 .part L_0x5556c577fe50, 0, 26;
L_0x5556c5780070 .part L_0x5556c577f1d0, 0, 46;
L_0x5556c5780110 .concat [ 2 46 0 0], L_0x7f8a74fda720, L_0x5556c5780070;
L_0x5556c5780250 .part L_0x5556c577f5e0, 25, 1;
L_0x5556c5780340 .arith/sum 26, L_0x5556c577ffd0, L_0x5556c577fbd0;
L_0x5556c5780480 .arith/sub 26, L_0x5556c577ffd0, L_0x5556c577fbd0;
L_0x5556c5780520 .functor MUXZ 26, L_0x5556c5780480, L_0x5556c5780340, L_0x5556c5780250, C4<>;
L_0x5556c5780660 .part L_0x5556c577f970, 0, 23;
L_0x5556c5780770 .part L_0x5556c5780520, 25, 1;
L_0x5556c57808b0 .concat [ 1 23 0 0], L_0x5556c577f7c0, L_0x5556c5780660;
S_0x5556c56ae5d0 .scope generate, "genblk1[8]" "genblk1[8]" 2 156, 2 156 0, S_0x5556c5700a00;
 .timescale 0 0;
P_0x5556c56d6f80 .param/l "i" 0 2 156, +C4<01000>;
L_0x5556c5780700 .functor NOT 1, L_0x5556c57816b0, C4<0>, C4<0>, C4<0>;
v0x5556c56a6380_0 .net *"_ivl_13", 1 0, L_0x5556c5780ca0;  1 drivers
v0x5556c56abec0_0 .net *"_ivl_14", 27 0, L_0x5556c5780d90;  1 drivers
v0x5556c56abfa0_0 .net *"_ivl_21", 45 0, L_0x5556c5780fb0;  1 drivers
L_0x7f8a74fda7b0 .functor BUFT 1, C4<00>, C4<0>, C4<0>, C4<0>;
v0x5556c56aa0a0_0 .net/2u *"_ivl_22", 1 0, L_0x7f8a74fda7b0;  1 drivers
v0x5556c56aa180_0 .net *"_ivl_29", 0 0, L_0x5556c5781190;  1 drivers
v0x5556c56a9e80_0 .net *"_ivl_32", 25 0, L_0x5556c5781280;  1 drivers
v0x5556c56a9f40_0 .net *"_ivl_36", 25 0, L_0x5556c57813c0;  1 drivers
v0x5556c56a7680_0 .net *"_ivl_4", 0 0, L_0x5556c5780a70;  1 drivers
v0x5556c56a7760_0 .net *"_ivl_43", 22 0, L_0x5556c57815a0;  1 drivers
v0x5556c569f450_0 .net *"_ivl_46", 0 0, L_0x5556c57816b0;  1 drivers
v0x5556c56a4f70_0 .net *"_ivl_47", 0 0, L_0x5556c5780700;  1 drivers
L_0x7f8a74fda768 .functor BUFT 1, C4<1>, C4<0>, C4<0>, C4<0>;
v0x5556c56a5050_0 .net/2u *"_ivl_5", 0 0, L_0x7f8a74fda768;  1 drivers
L_0x5556c5780a70 .part L_0x5556c5780520, 25, 1;
L_0x5556c5780b10 .concat [ 1 1 24 0], L_0x7f8a74fda768, L_0x5556c5780a70, L_0x5556c57808b0;
L_0x5556c5780ca0 .part L_0x5556c5780110, 46, 2;
L_0x5556c5780d90 .concat [ 2 26 0 0], L_0x5556c5780ca0, L_0x5556c5780520;
L_0x5556c5780f10 .part L_0x5556c5780d90, 0, 26;
L_0x5556c5780fb0 .part L_0x5556c5780110, 0, 46;
L_0x5556c5781050 .concat [ 2 46 0 0], L_0x7f8a74fda7b0, L_0x5556c5780fb0;
L_0x5556c5781190 .part L_0x5556c5780520, 25, 1;
L_0x5556c5781280 .arith/sum 26, L_0x5556c5780f10, L_0x5556c5780b10;
L_0x5556c57813c0 .arith/sub 26, L_0x5556c5780f10, L_0x5556c5780b10;
L_0x5556c5781460 .functor MUXZ 26, L_0x5556c57813c0, L_0x5556c5781280, L_0x5556c5781190, C4<>;
L_0x5556c57815a0 .part L_0x5556c57808b0, 0, 23;
L_0x5556c57816b0 .part L_0x5556c5781460, 25, 1;
L_0x5556c57817f0 .concat [ 1 23 0 0], L_0x5556c5780700, L_0x5556c57815a0;
S_0x5556c56a3150 .scope generate, "genblk1[9]" "genblk1[9]" 2 156, 2 156 0, S_0x5556c5700a00;
 .timescale 0 0;
P_0x5556c56a7800 .param/l "i" 0 2 156, +C4<01001>;
L_0x5556c5781640 .functor NOT 1, L_0x5556c57825f0, C4<0>, C4<0>, C4<0>;
v0x5556c56a2fa0_0 .net *"_ivl_13", 1 0, L_0x5556c5781be0;  1 drivers
v0x5556c56a0730_0 .net *"_ivl_14", 27 0, L_0x5556c5781cd0;  1 drivers
v0x5556c56a0810_0 .net *"_ivl_21", 45 0, L_0x5556c5781ef0;  1 drivers
L_0x7f8a74fda840 .functor BUFT 1, C4<00>, C4<0>, C4<0>, C4<0>;
v0x5556c5698430_0 .net/2u *"_ivl_22", 1 0, L_0x7f8a74fda840;  1 drivers
v0x5556c5698510_0 .net *"_ivl_29", 0 0, L_0x5556c57820d0;  1 drivers
v0x5556c569e020_0 .net *"_ivl_32", 25 0, L_0x5556c57821c0;  1 drivers
v0x5556c569e0e0_0 .net *"_ivl_36", 25 0, L_0x5556c5782300;  1 drivers
v0x5556c569c200_0 .net *"_ivl_4", 0 0, L_0x5556c57819b0;  1 drivers
v0x5556c569c2e0_0 .net *"_ivl_43", 22 0, L_0x5556c57824e0;  1 drivers
v0x5556c569c0b0_0 .net *"_ivl_46", 0 0, L_0x5556c57825f0;  1 drivers
v0x5556c56997e0_0 .net *"_ivl_47", 0 0, L_0x5556c5781640;  1 drivers
L_0x7f8a74fda7f8 .functor BUFT 1, C4<1>, C4<0>, C4<0>, C4<0>;
v0x5556c56998c0_0 .net/2u *"_ivl_5", 0 0, L_0x7f8a74fda7f8;  1 drivers
L_0x5556c57819b0 .part L_0x5556c5781460, 25, 1;
L_0x5556c5781a50 .concat [ 1 1 24 0], L_0x7f8a74fda7f8, L_0x5556c57819b0, L_0x5556c57817f0;
L_0x5556c5781be0 .part L_0x5556c5781050, 46, 2;
L_0x5556c5781cd0 .concat [ 2 26 0 0], L_0x5556c5781be0, L_0x5556c5781460;
L_0x5556c5781e50 .part L_0x5556c5781cd0, 0, 26;
L_0x5556c5781ef0 .part L_0x5556c5781050, 0, 46;
L_0x5556c5781f90 .concat [ 2 46 0 0], L_0x7f8a74fda840, L_0x5556c5781ef0;
L_0x5556c57820d0 .part L_0x5556c5781460, 25, 1;
L_0x5556c57821c0 .arith/sum 26, L_0x5556c5781e50, L_0x5556c5781a50;
L_0x5556c5782300 .arith/sub 26, L_0x5556c5781e50, L_0x5556c5781a50;
L_0x5556c57823a0 .functor MUXZ 26, L_0x5556c5782300, L_0x5556c57821c0, L_0x5556c57820d0, C4<>;
L_0x5556c57824e0 .part L_0x5556c57817f0, 0, 23;
L_0x5556c57825f0 .part L_0x5556c57823a0, 25, 1;
L_0x5556c5782730 .concat [ 1 23 0 0], L_0x5556c5781640, L_0x5556c57824e0;
S_0x5556c56914e0 .scope generate, "genblk1[10]" "genblk1[10]" 2 156, 2 156 0, S_0x5556c5700a00;
 .timescale 0 0;
P_0x5556c569c380 .param/l "i" 0 2 156, +C4<01010>;
L_0x5556c5782580 .functor NOT 1, L_0x5556c5783530, C4<0>, C4<0>, C4<0>;
v0x5556c56970d0_0 .net *"_ivl_13", 1 0, L_0x5556c5782b20;  1 drivers
v0x5556c56971b0_0 .net *"_ivl_14", 27 0, L_0x5556c5782c10;  1 drivers
v0x5556c56952b0_0 .net *"_ivl_21", 45 0, L_0x5556c5782e30;  1 drivers
L_0x7f8a74fda8d0 .functor BUFT 1, C4<00>, C4<0>, C4<0>, C4<0>;
v0x5556c5695370_0 .net/2u *"_ivl_22", 1 0, L_0x7f8a74fda8d0;  1 drivers
v0x5556c5695090_0 .net *"_ivl_29", 0 0, L_0x5556c5783010;  1 drivers
v0x5556c56951c0_0 .net *"_ivl_32", 25 0, L_0x5556c5783100;  1 drivers
v0x5556c5692890_0 .net *"_ivl_36", 25 0, L_0x5556c5783240;  1 drivers
v0x5556c5692950_0 .net *"_ivl_4", 0 0, L_0x5556c57828f0;  1 drivers
v0x5556c568a560_0 .net *"_ivl_43", 22 0, L_0x5556c5783420;  1 drivers
v0x5556c5690180_0 .net *"_ivl_46", 0 0, L_0x5556c5783530;  1 drivers
v0x5556c5690260_0 .net *"_ivl_47", 0 0, L_0x5556c5782580;  1 drivers
L_0x7f8a74fda888 .functor BUFT 1, C4<1>, C4<0>, C4<0>, C4<0>;
v0x5556c568e360_0 .net/2u *"_ivl_5", 0 0, L_0x7f8a74fda888;  1 drivers
L_0x5556c57828f0 .part L_0x5556c57823a0, 25, 1;
L_0x5556c5782990 .concat [ 1 1 24 0], L_0x7f8a74fda888, L_0x5556c57828f0, L_0x5556c5782730;
L_0x5556c5782b20 .part L_0x5556c5781f90, 46, 2;
L_0x5556c5782c10 .concat [ 2 26 0 0], L_0x5556c5782b20, L_0x5556c57823a0;
L_0x5556c5782d90 .part L_0x5556c5782c10, 0, 26;
L_0x5556c5782e30 .part L_0x5556c5781f90, 0, 46;
L_0x5556c5782ed0 .concat [ 2 46 0 0], L_0x7f8a74fda8d0, L_0x5556c5782e30;
L_0x5556c5783010 .part L_0x5556c57823a0, 25, 1;
L_0x5556c5783100 .arith/sum 26, L_0x5556c5782d90, L_0x5556c5782990;
L_0x5556c5783240 .arith/sub 26, L_0x5556c5782d90, L_0x5556c5782990;
L_0x5556c57832e0 .functor MUXZ 26, L_0x5556c5783240, L_0x5556c5783100, L_0x5556c5783010, C4<>;
L_0x5556c5783420 .part L_0x5556c5782730, 0, 23;
L_0x5556c5783530 .part L_0x5556c57832e0, 25, 1;
L_0x5556c5783670 .concat [ 1 23 0 0], L_0x5556c5782580, L_0x5556c5783420;
S_0x5556c568e140 .scope generate, "genblk1[11]" "genblk1[11]" 2 156, 2 156 0, S_0x5556c5700a00;
 .timescale 0 0;
P_0x5556c568a6d0 .param/l "i" 0 2 156, +C4<01011>;
L_0x5556c57834c0 .functor NOT 1, L_0x5556c5784680, C4<0>, C4<0>, C4<0>;
v0x5556c568b940_0 .net *"_ivl_13", 1 0, L_0x5556c5783c70;  1 drivers
v0x5556c568ba20_0 .net *"_ivl_14", 27 0, L_0x5556c5783d60;  1 drivers
v0x5556c5742360_0 .net *"_ivl_21", 45 0, L_0x5556c5783f80;  1 drivers
L_0x7f8a74fda960 .functor BUFT 1, C4<00>, C4<0>, C4<0>, C4<0>;
v0x5556c5742420_0 .net/2u *"_ivl_22", 1 0, L_0x7f8a74fda960;  1 drivers
v0x5556c5742500_0 .net *"_ivl_29", 0 0, L_0x5556c5784160;  1 drivers
v0x5556c5675690_0 .net *"_ivl_32", 25 0, L_0x5556c5784250;  1 drivers
v0x5556c5675770_0 .net *"_ivl_36", 25 0, L_0x5556c5784390;  1 drivers
v0x5556c5675850_0 .net *"_ivl_4", 0 0, L_0x5556c5783830;  1 drivers
v0x5556c566c3e0_0 .net *"_ivl_43", 22 0, L_0x5556c5784570;  1 drivers
v0x5556c566c550_0 .net *"_ivl_46", 0 0, L_0x5556c5784680;  1 drivers
v0x5556c566c630_0 .net *"_ivl_47", 0 0, L_0x5556c57834c0;  1 drivers
L_0x7f8a74fda918 .functor BUFT 1, C4<1>, C4<0>, C4<0>, C4<0>;
v0x5556c566c710_0 .net/2u *"_ivl_5", 0 0, L_0x7f8a74fda918;  1 drivers
L_0x5556c5783830 .part L_0x5556c57832e0, 25, 1;
L_0x5556c5783ae0 .concat [ 1 1 24 0], L_0x7f8a74fda918, L_0x5556c5783830, L_0x5556c5783670;
L_0x5556c5783c70 .part L_0x5556c5782ed0, 46, 2;
L_0x5556c5783d60 .concat [ 2 26 0 0], L_0x5556c5783c70, L_0x5556c57832e0;
L_0x5556c5783ee0 .part L_0x5556c5783d60, 0, 26;
L_0x5556c5783f80 .part L_0x5556c5782ed0, 0, 46;
L_0x5556c5784020 .concat [ 2 46 0 0], L_0x7f8a74fda960, L_0x5556c5783f80;
L_0x5556c5784160 .part L_0x5556c57832e0, 25, 1;
L_0x5556c5784250 .arith/sum 26, L_0x5556c5783ee0, L_0x5556c5783ae0;
L_0x5556c5784390 .arith/sub 26, L_0x5556c5783ee0, L_0x5556c5783ae0;
L_0x5556c5784430 .functor MUXZ 26, L_0x5556c5784390, L_0x5556c5784250, L_0x5556c5784160, C4<>;
L_0x5556c5784570 .part L_0x5556c5783670, 0, 23;
L_0x5556c5784680 .part L_0x5556c5784430, 25, 1;
L_0x5556c57847c0 .concat [ 1 23 0 0], L_0x5556c57834c0, L_0x5556c5784570;
S_0x5556c5673840 .scope generate, "genblk1[12]" "genblk1[12]" 2 156, 2 156 0, S_0x5556c5700a00;
 .timescale 0 0;
P_0x5556c5673a40 .param/l "i" 0 2 156, +C4<01100>;
L_0x5556c5784610 .functor NOT 1, L_0x5556c57855c0, C4<0>, C4<0>, C4<0>;
v0x5556c5673b20_0 .net *"_ivl_13", 1 0, L_0x5556c5784bb0;  1 drivers
v0x5556c5673c00_0 .net *"_ivl_14", 27 0, L_0x5556c5784ca0;  1 drivers
v0x5556c566c7f0_0 .net *"_ivl_21", 45 0, L_0x5556c5784ec0;  1 drivers
L_0x7f8a74fda9f0 .functor BUFT 1, C4<00>, C4<0>, C4<0>, C4<0>;
v0x5556c565aca0_0 .net/2u *"_ivl_22", 1 0, L_0x7f8a74fda9f0;  1 drivers
v0x5556c565ad80_0 .net *"_ivl_29", 0 0, L_0x5556c57850a0;  1 drivers
v0x5556c565aeb0_0 .net *"_ivl_32", 25 0, L_0x5556c5785190;  1 drivers
v0x5556c565af90_0 .net *"_ivl_36", 25 0, L_0x5556c57852d0;  1 drivers
v0x5556c565b070_0 .net *"_ivl_4", 0 0, L_0x5556c5784980;  1 drivers
v0x5556c5661fd0_0 .net *"_ivl_43", 22 0, L_0x5556c57854b0;  1 drivers
v0x5556c5662140_0 .net *"_ivl_46", 0 0, L_0x5556c57855c0;  1 drivers
v0x5556c5662220_0 .net *"_ivl_47", 0 0, L_0x5556c5784610;  1 drivers
L_0x7f8a74fda9a8 .functor BUFT 1, C4<1>, C4<0>, C4<0>, C4<0>;
v0x5556c5662300_0 .net/2u *"_ivl_5", 0 0, L_0x7f8a74fda9a8;  1 drivers
L_0x5556c5784980 .part L_0x5556c5784430, 25, 1;
L_0x5556c5784a20 .concat [ 1 1 24 0], L_0x7f8a74fda9a8, L_0x5556c5784980, L_0x5556c57847c0;
L_0x5556c5784bb0 .part L_0x5556c5784020, 46, 2;
L_0x5556c5784ca0 .concat [ 2 26 0 0], L_0x5556c5784bb0, L_0x5556c5784430;
L_0x5556c5784e20 .part L_0x5556c5784ca0, 0, 26;
L_0x5556c5784ec0 .part L_0x5556c5784020, 0, 46;
L_0x5556c5784f60 .concat [ 2 46 0 0], L_0x7f8a74fda9f0, L_0x5556c5784ec0;
L_0x5556c57850a0 .part L_0x5556c5784430, 25, 1;
L_0x5556c5785190 .arith/sum 26, L_0x5556c5784e20, L_0x5556c5784a20;
L_0x5556c57852d0 .arith/sub 26, L_0x5556c5784e20, L_0x5556c5784a20;
L_0x5556c5785370 .functor MUXZ 26, L_0x5556c57852d0, L_0x5556c5785190, L_0x5556c57850a0, C4<>;
L_0x5556c57854b0 .part L_0x5556c57847c0, 0, 23;
L_0x5556c57855c0 .part L_0x5556c5785370, 25, 1;
L_0x5556c5785700 .concat [ 1 23 0 0], L_0x5556c5784610, L_0x5556c57854b0;
S_0x5556c561ccf0 .scope generate, "genblk1[13]" "genblk1[13]" 2 156, 2 156 0, S_0x5556c5700a00;
 .timescale 0 0;
P_0x5556c561cea0 .param/l "i" 0 2 156, +C4<01101>;
L_0x5556c5785550 .functor NOT 1, L_0x5556c5786500, C4<0>, C4<0>, C4<0>;
v0x5556c561cf80_0 .net *"_ivl_13", 1 0, L_0x5556c5785af0;  1 drivers
v0x5556c561d060_0 .net *"_ivl_14", 27 0, L_0x5556c5785be0;  1 drivers
v0x5556c56623e0_0 .net *"_ivl_21", 45 0, L_0x5556c5785e00;  1 drivers
L_0x7f8a74fdaa80 .functor BUFT 1, C4<00>, C4<0>, C4<0>, C4<0>;
v0x5556c5678560_0 .net/2u *"_ivl_22", 1 0, L_0x7f8a74fdaa80;  1 drivers
v0x5556c5678620_0 .net *"_ivl_29", 0 0, L_0x5556c5785fe0;  1 drivers
v0x5556c5678750_0 .net *"_ivl_32", 25 0, L_0x5556c57860d0;  1 drivers
v0x5556c5678830_0 .net *"_ivl_36", 25 0, L_0x5556c5786210;  1 drivers
v0x5556c5678910_0 .net *"_ivl_4", 0 0, L_0x5556c57858c0;  1 drivers
v0x5556c5759b80_0 .net *"_ivl_43", 22 0, L_0x5556c57863f0;  1 drivers
v0x5556c5759cb0_0 .net *"_ivl_46", 0 0, L_0x5556c5786500;  1 drivers
v0x5556c5759d50_0 .net *"_ivl_47", 0 0, L_0x5556c5785550;  1 drivers
L_0x7f8a74fdaa38 .functor BUFT 1, C4<1>, C4<0>, C4<0>, C4<0>;
v0x5556c5759df0_0 .net/2u *"_ivl_5", 0 0, L_0x7f8a74fdaa38;  1 drivers
L_0x5556c57858c0 .part L_0x5556c5785370, 25, 1;
L_0x5556c5785960 .concat [ 1 1 24 0], L_0x7f8a74fdaa38, L_0x5556c57858c0, L_0x5556c5785700;
L_0x5556c5785af0 .part L_0x5556c5784f60, 46, 2;
L_0x5556c5785be0 .concat [ 2 26 0 0], L_0x5556c5785af0, L_0x5556c5785370;
L_0x5556c5785d60 .part L_0x5556c5785be0, 0, 26;
L_0x5556c5785e00 .part L_0x5556c5784f60, 0, 46;
L_0x5556c5785ea0 .concat [ 2 46 0 0], L_0x7f8a74fdaa80, L_0x5556c5785e00;
L_0x5556c5785fe0 .part L_0x5556c5785370, 25, 1;
L_0x5556c57860d0 .arith/sum 26, L_0x5556c5785d60, L_0x5556c5785960;
L_0x5556c5786210 .arith/sub 26, L_0x5556c5785d60, L_0x5556c5785960;
L_0x5556c57862b0 .functor MUXZ 26, L_0x5556c5786210, L_0x5556c57860d0, L_0x5556c5785fe0, C4<>;
L_0x5556c57863f0 .part L_0x5556c5785700, 0, 23;
L_0x5556c5786500 .part L_0x5556c57862b0, 25, 1;
L_0x5556c5786640 .concat [ 1 23 0 0], L_0x5556c5785550, L_0x5556c57863f0;
S_0x5556c5759e90 .scope generate, "genblk1[14]" "genblk1[14]" 2 156, 2 156 0, S_0x5556c5700a00;
 .timescale 0 0;
P_0x5556c575a020 .param/l "i" 0 2 156, +C4<01110>;
L_0x5556c5786490 .functor NOT 1, L_0x5556c5787440, C4<0>, C4<0>, C4<0>;
v0x5556c575a100_0 .net *"_ivl_13", 1 0, L_0x5556c5786a30;  1 drivers
v0x5556c575a1e0_0 .net *"_ivl_14", 27 0, L_0x5556c5786b20;  1 drivers
v0x5556c575a2c0_0 .net *"_ivl_21", 45 0, L_0x5556c5786d40;  1 drivers
L_0x7f8a74fdab10 .functor BUFT 1, C4<00>, C4<0>, C4<0>, C4<0>;
v0x5556c575a380_0 .net/2u *"_ivl_22", 1 0, L_0x7f8a74fdab10;  1 drivers
v0x5556c575a460_0 .net *"_ivl_29", 0 0, L_0x5556c5786f20;  1 drivers
v0x5556c575a590_0 .net *"_ivl_32", 25 0, L_0x5556c5787010;  1 drivers
v0x5556c575a670_0 .net *"_ivl_36", 25 0, L_0x5556c5787150;  1 drivers
v0x5556c575a750_0 .net *"_ivl_4", 0 0, L_0x5556c5786800;  1 drivers
v0x5556c575a830_0 .net *"_ivl_43", 22 0, L_0x5556c5787330;  1 drivers
v0x5556c575a9a0_0 .net *"_ivl_46", 0 0, L_0x5556c5787440;  1 drivers
v0x5556c575aa80_0 .net *"_ivl_47", 0 0, L_0x5556c5786490;  1 drivers
L_0x7f8a74fdaac8 .functor BUFT 1, C4<1>, C4<0>, C4<0>, C4<0>;
v0x5556c575ab60_0 .net/2u *"_ivl_5", 0 0, L_0x7f8a74fdaac8;  1 drivers
L_0x5556c5786800 .part L_0x5556c57862b0, 25, 1;
L_0x5556c57868a0 .concat [ 1 1 24 0], L_0x7f8a74fdaac8, L_0x5556c5786800, L_0x5556c5786640;
L_0x5556c5786a30 .part L_0x5556c5785ea0, 46, 2;
L_0x5556c5786b20 .concat [ 2 26 0 0], L_0x5556c5786a30, L_0x5556c57862b0;
L_0x5556c5786ca0 .part L_0x5556c5786b20, 0, 26;
L_0x5556c5786d40 .part L_0x5556c5785ea0, 0, 46;
L_0x5556c5786de0 .concat [ 2 46 0 0], L_0x7f8a74fdab10, L_0x5556c5786d40;
L_0x5556c5786f20 .part L_0x5556c57862b0, 25, 1;
L_0x5556c5787010 .arith/sum 26, L_0x5556c5786ca0, L_0x5556c57868a0;
L_0x5556c5787150 .arith/sub 26, L_0x5556c5786ca0, L_0x5556c57868a0;
L_0x5556c57871f0 .functor MUXZ 26, L_0x5556c5787150, L_0x5556c5787010, L_0x5556c5786f20, C4<>;
L_0x5556c5787330 .part L_0x5556c5786640, 0, 23;
L_0x5556c5787440 .part L_0x5556c57871f0, 25, 1;
L_0x5556c5787580 .concat [ 1 23 0 0], L_0x5556c5786490, L_0x5556c5787330;
S_0x5556c575ac40 .scope generate, "genblk1[15]" "genblk1[15]" 2 156, 2 156 0, S_0x5556c5700a00;
 .timescale 0 0;
P_0x5556c575adf0 .param/l "i" 0 2 156, +C4<01111>;
L_0x5556c57873d0 .functor NOT 1, L_0x5556c5788380, C4<0>, C4<0>, C4<0>;
v0x5556c575aed0_0 .net *"_ivl_13", 1 0, L_0x5556c5787970;  1 drivers
v0x5556c575afb0_0 .net *"_ivl_14", 27 0, L_0x5556c5787a60;  1 drivers
v0x5556c575b090_0 .net *"_ivl_21", 45 0, L_0x5556c5787c80;  1 drivers
L_0x7f8a74fdaba0 .functor BUFT 1, C4<00>, C4<0>, C4<0>, C4<0>;
v0x5556c575b150_0 .net/2u *"_ivl_22", 1 0, L_0x7f8a74fdaba0;  1 drivers
v0x5556c575b230_0 .net *"_ivl_29", 0 0, L_0x5556c5787e60;  1 drivers
v0x5556c575b360_0 .net *"_ivl_32", 25 0, L_0x5556c5787f50;  1 drivers
v0x5556c575b440_0 .net *"_ivl_36", 25 0, L_0x5556c5788090;  1 drivers
v0x5556c575b520_0 .net *"_ivl_4", 0 0, L_0x5556c5787740;  1 drivers
v0x5556c575b600_0 .net *"_ivl_43", 22 0, L_0x5556c5788270;  1 drivers
v0x5556c575b770_0 .net *"_ivl_46", 0 0, L_0x5556c5788380;  1 drivers
v0x5556c575b850_0 .net *"_ivl_47", 0 0, L_0x5556c57873d0;  1 drivers
L_0x7f8a74fdab58 .functor BUFT 1, C4<1>, C4<0>, C4<0>, C4<0>;
v0x5556c575b930_0 .net/2u *"_ivl_5", 0 0, L_0x7f8a74fdab58;  1 drivers
L_0x5556c5787740 .part L_0x5556c57871f0, 25, 1;
L_0x5556c57877e0 .concat [ 1 1 24 0], L_0x7f8a74fdab58, L_0x5556c5787740, L_0x5556c5787580;
L_0x5556c5787970 .part L_0x5556c5786de0, 46, 2;
L_0x5556c5787a60 .concat [ 2 26 0 0], L_0x5556c5787970, L_0x5556c57871f0;
L_0x5556c5787be0 .part L_0x5556c5787a60, 0, 26;
L_0x5556c5787c80 .part L_0x5556c5786de0, 0, 46;
L_0x5556c5787d20 .concat [ 2 46 0 0], L_0x7f8a74fdaba0, L_0x5556c5787c80;
L_0x5556c5787e60 .part L_0x5556c57871f0, 25, 1;
L_0x5556c5787f50 .arith/sum 26, L_0x5556c5787be0, L_0x5556c57877e0;
L_0x5556c5788090 .arith/sub 26, L_0x5556c5787be0, L_0x5556c57877e0;
L_0x5556c5788130 .functor MUXZ 26, L_0x5556c5788090, L_0x5556c5787f50, L_0x5556c5787e60, C4<>;
L_0x5556c5788270 .part L_0x5556c5787580, 0, 23;
L_0x5556c5788380 .part L_0x5556c5788130, 25, 1;
L_0x5556c57884c0 .concat [ 1 23 0 0], L_0x5556c57873d0, L_0x5556c5788270;
S_0x5556c575ba10 .scope generate, "genblk1[16]" "genblk1[16]" 2 156, 2 156 0, S_0x5556c5700a00;
 .timescale 0 0;
P_0x5556c575bbc0 .param/l "i" 0 2 156, +C4<010000>;
L_0x5556c5788310 .functor NOT 1, L_0x5556c57892c0, C4<0>, C4<0>, C4<0>;
v0x5556c575bca0_0 .net *"_ivl_13", 1 0, L_0x5556c57888b0;  1 drivers
v0x5556c575bd80_0 .net *"_ivl_14", 27 0, L_0x5556c57889a0;  1 drivers
v0x5556c575be60_0 .net *"_ivl_21", 45 0, L_0x5556c5788bc0;  1 drivers
L_0x7f8a74fdac30 .functor BUFT 1, C4<00>, C4<0>, C4<0>, C4<0>;
v0x5556c575bf20_0 .net/2u *"_ivl_22", 1 0, L_0x7f8a74fdac30;  1 drivers
v0x5556c575bfe0_0 .net *"_ivl_29", 0 0, L_0x5556c5788da0;  1 drivers
v0x5556c575c0f0_0 .net *"_ivl_32", 25 0, L_0x5556c5788e90;  1 drivers
v0x5556c575c1d0_0 .net *"_ivl_36", 25 0, L_0x5556c5788fd0;  1 drivers
v0x5556c575c2b0_0 .net *"_ivl_4", 0 0, L_0x5556c5788680;  1 drivers
v0x5556c575c390_0 .net *"_ivl_43", 22 0, L_0x5556c57891b0;  1 drivers
v0x5556c575c470_0 .net *"_ivl_46", 0 0, L_0x5556c57892c0;  1 drivers
v0x5556c575c550_0 .net *"_ivl_47", 0 0, L_0x5556c5788310;  1 drivers
L_0x7f8a74fdabe8 .functor BUFT 1, C4<1>, C4<0>, C4<0>, C4<0>;
v0x5556c575c630_0 .net/2u *"_ivl_5", 0 0, L_0x7f8a74fdabe8;  1 drivers
L_0x5556c5788680 .part L_0x5556c5788130, 25, 1;
L_0x5556c5788720 .concat [ 1 1 24 0], L_0x7f8a74fdabe8, L_0x5556c5788680, L_0x5556c57884c0;
L_0x5556c57888b0 .part L_0x5556c5787d20, 46, 2;
L_0x5556c57889a0 .concat [ 2 26 0 0], L_0x5556c57888b0, L_0x5556c5788130;
L_0x5556c5788b20 .part L_0x5556c57889a0, 0, 26;
L_0x5556c5788bc0 .part L_0x5556c5787d20, 0, 46;
L_0x5556c5788c60 .concat [ 2 46 0 0], L_0x7f8a74fdac30, L_0x5556c5788bc0;
L_0x5556c5788da0 .part L_0x5556c5788130, 25, 1;
L_0x5556c5788e90 .arith/sum 26, L_0x5556c5788b20, L_0x5556c5788720;
L_0x5556c5788fd0 .arith/sub 26, L_0x5556c5788b20, L_0x5556c5788720;
L_0x5556c5789070 .functor MUXZ 26, L_0x5556c5788fd0, L_0x5556c5788e90, L_0x5556c5788da0, C4<>;
L_0x5556c57891b0 .part L_0x5556c57884c0, 0, 23;
L_0x5556c57892c0 .part L_0x5556c5789070, 25, 1;
L_0x5556c5789400 .concat [ 1 23 0 0], L_0x5556c5788310, L_0x5556c57891b0;
S_0x5556c575c710 .scope generate, "genblk1[17]" "genblk1[17]" 2 156, 2 156 0, S_0x5556c5700a00;
 .timescale 0 0;
P_0x5556c575c8c0 .param/l "i" 0 2 156, +C4<010001>;
L_0x5556c5789250 .functor NOT 1, L_0x5556c578a200, C4<0>, C4<0>, C4<0>;
v0x5556c575c9a0_0 .net *"_ivl_13", 1 0, L_0x5556c57897f0;  1 drivers
v0x5556c575ca80_0 .net *"_ivl_14", 27 0, L_0x5556c57898e0;  1 drivers
v0x5556c575cb60_0 .net *"_ivl_21", 45 0, L_0x5556c5789b00;  1 drivers
L_0x7f8a74fdacc0 .functor BUFT 1, C4<00>, C4<0>, C4<0>, C4<0>;
v0x5556c575cc20_0 .net/2u *"_ivl_22", 1 0, L_0x7f8a74fdacc0;  1 drivers
v0x5556c575cd00_0 .net *"_ivl_29", 0 0, L_0x5556c5789ce0;  1 drivers
v0x5556c575ce30_0 .net *"_ivl_32", 25 0, L_0x5556c5789dd0;  1 drivers
v0x5556c575cf10_0 .net *"_ivl_36", 25 0, L_0x5556c5789f10;  1 drivers
v0x5556c575cff0_0 .net *"_ivl_4", 0 0, L_0x5556c57895c0;  1 drivers
v0x5556c575d0d0_0 .net *"_ivl_43", 22 0, L_0x5556c578a0f0;  1 drivers
v0x5556c575d240_0 .net *"_ivl_46", 0 0, L_0x5556c578a200;  1 drivers
v0x5556c575d320_0 .net *"_ivl_47", 0 0, L_0x5556c5789250;  1 drivers
L_0x7f8a74fdac78 .functor BUFT 1, C4<1>, C4<0>, C4<0>, C4<0>;
v0x5556c575d400_0 .net/2u *"_ivl_5", 0 0, L_0x7f8a74fdac78;  1 drivers
L_0x5556c57895c0 .part L_0x5556c5789070, 25, 1;
L_0x5556c5789660 .concat [ 1 1 24 0], L_0x7f8a74fdac78, L_0x5556c57895c0, L_0x5556c5789400;
L_0x5556c57897f0 .part L_0x5556c5788c60, 46, 2;
L_0x5556c57898e0 .concat [ 2 26 0 0], L_0x5556c57897f0, L_0x5556c5789070;
L_0x5556c5789a60 .part L_0x5556c57898e0, 0, 26;
L_0x5556c5789b00 .part L_0x5556c5788c60, 0, 46;
L_0x5556c5789ba0 .concat [ 2 46 0 0], L_0x7f8a74fdacc0, L_0x5556c5789b00;
L_0x5556c5789ce0 .part L_0x5556c5789070, 25, 1;
L_0x5556c5789dd0 .arith/sum 26, L_0x5556c5789a60, L_0x5556c5789660;
L_0x5556c5789f10 .arith/sub 26, L_0x5556c5789a60, L_0x5556c5789660;
L_0x5556c5789fb0 .functor MUXZ 26, L_0x5556c5789f10, L_0x5556c5789dd0, L_0x5556c5789ce0, C4<>;
L_0x5556c578a0f0 .part L_0x5556c5789400, 0, 23;
L_0x5556c578a200 .part L_0x5556c5789fb0, 25, 1;
L_0x5556c578a340 .concat [ 1 23 0 0], L_0x5556c5789250, L_0x5556c578a0f0;
S_0x5556c575d4e0 .scope generate, "genblk1[18]" "genblk1[18]" 2 156, 2 156 0, S_0x5556c5700a00;
 .timescale 0 0;
P_0x5556c575d690 .param/l "i" 0 2 156, +C4<010010>;
L_0x5556c578a190 .functor NOT 1, L_0x5556c578b140, C4<0>, C4<0>, C4<0>;
v0x5556c575d770_0 .net *"_ivl_13", 1 0, L_0x5556c578a730;  1 drivers
v0x5556c575d850_0 .net *"_ivl_14", 27 0, L_0x5556c578a820;  1 drivers
v0x5556c575d930_0 .net *"_ivl_21", 45 0, L_0x5556c578aa40;  1 drivers
L_0x7f8a74fdad50 .functor BUFT 1, C4<00>, C4<0>, C4<0>, C4<0>;
v0x5556c575d9f0_0 .net/2u *"_ivl_22", 1 0, L_0x7f8a74fdad50;  1 drivers
v0x5556c575dad0_0 .net *"_ivl_29", 0 0, L_0x5556c578ac20;  1 drivers
v0x5556c575dc00_0 .net *"_ivl_32", 25 0, L_0x5556c578ad10;  1 drivers
v0x5556c575dce0_0 .net *"_ivl_36", 25 0, L_0x5556c578ae50;  1 drivers
v0x5556c575ddc0_0 .net *"_ivl_4", 0 0, L_0x5556c578a500;  1 drivers
v0x5556c575dea0_0 .net *"_ivl_43", 22 0, L_0x5556c578b030;  1 drivers
v0x5556c575e010_0 .net *"_ivl_46", 0 0, L_0x5556c578b140;  1 drivers
v0x5556c575e0f0_0 .net *"_ivl_47", 0 0, L_0x5556c578a190;  1 drivers
L_0x7f8a74fdad08 .functor BUFT 1, C4<1>, C4<0>, C4<0>, C4<0>;
v0x5556c575e1d0_0 .net/2u *"_ivl_5", 0 0, L_0x7f8a74fdad08;  1 drivers
L_0x5556c578a500 .part L_0x5556c5789fb0, 25, 1;
L_0x5556c578a5a0 .concat [ 1 1 24 0], L_0x7f8a74fdad08, L_0x5556c578a500, L_0x5556c578a340;
L_0x5556c578a730 .part L_0x5556c5789ba0, 46, 2;
L_0x5556c578a820 .concat [ 2 26 0 0], L_0x5556c578a730, L_0x5556c5789fb0;
L_0x5556c578a9a0 .part L_0x5556c578a820, 0, 26;
L_0x5556c578aa40 .part L_0x5556c5789ba0, 0, 46;
L_0x5556c578aae0 .concat [ 2 46 0 0], L_0x7f8a74fdad50, L_0x5556c578aa40;
L_0x5556c578ac20 .part L_0x5556c5789fb0, 25, 1;
L_0x5556c578ad10 .arith/sum 26, L_0x5556c578a9a0, L_0x5556c578a5a0;
L_0x5556c578ae50 .arith/sub 26, L_0x5556c578a9a0, L_0x5556c578a5a0;
L_0x5556c578aef0 .functor MUXZ 26, L_0x5556c578ae50, L_0x5556c578ad10, L_0x5556c578ac20, C4<>;
L_0x5556c578b030 .part L_0x5556c578a340, 0, 23;
L_0x5556c578b140 .part L_0x5556c578aef0, 25, 1;
L_0x5556c578b280 .concat [ 1 23 0 0], L_0x5556c578a190, L_0x5556c578b030;
S_0x5556c575e2b0 .scope generate, "genblk1[19]" "genblk1[19]" 2 156, 2 156 0, S_0x5556c5700a00;
 .timescale 0 0;
P_0x5556c575e460 .param/l "i" 0 2 156, +C4<010011>;
L_0x5556c578b0d0 .functor NOT 1, L_0x5556c578c080, C4<0>, C4<0>, C4<0>;
v0x5556c575e540_0 .net *"_ivl_13", 1 0, L_0x5556c578b670;  1 drivers
v0x5556c575e620_0 .net *"_ivl_14", 27 0, L_0x5556c578b760;  1 drivers
v0x5556c575e700_0 .net *"_ivl_21", 45 0, L_0x5556c578b980;  1 drivers
L_0x7f8a74fdade0 .functor BUFT 1, C4<00>, C4<0>, C4<0>, C4<0>;
v0x5556c575e7c0_0 .net/2u *"_ivl_22", 1 0, L_0x7f8a74fdade0;  1 drivers
v0x5556c575e8a0_0 .net *"_ivl_29", 0 0, L_0x5556c578bb60;  1 drivers
v0x5556c575e9d0_0 .net *"_ivl_32", 25 0, L_0x5556c578bc50;  1 drivers
v0x5556c575eab0_0 .net *"_ivl_36", 25 0, L_0x5556c578bd90;  1 drivers
v0x5556c575eb90_0 .net *"_ivl_4", 0 0, L_0x5556c578b440;  1 drivers
v0x5556c575ec70_0 .net *"_ivl_43", 22 0, L_0x5556c578bf70;  1 drivers
v0x5556c575ede0_0 .net *"_ivl_46", 0 0, L_0x5556c578c080;  1 drivers
v0x5556c575eec0_0 .net *"_ivl_47", 0 0, L_0x5556c578b0d0;  1 drivers
L_0x7f8a74fdad98 .functor BUFT 1, C4<1>, C4<0>, C4<0>, C4<0>;
v0x5556c575efa0_0 .net/2u *"_ivl_5", 0 0, L_0x7f8a74fdad98;  1 drivers
L_0x5556c578b440 .part L_0x5556c578aef0, 25, 1;
L_0x5556c578b4e0 .concat [ 1 1 24 0], L_0x7f8a74fdad98, L_0x5556c578b440, L_0x5556c578b280;
L_0x5556c578b670 .part L_0x5556c578aae0, 46, 2;
L_0x5556c578b760 .concat [ 2 26 0 0], L_0x5556c578b670, L_0x5556c578aef0;
L_0x5556c578b8e0 .part L_0x5556c578b760, 0, 26;
L_0x5556c578b980 .part L_0x5556c578aae0, 0, 46;
L_0x5556c578ba20 .concat [ 2 46 0 0], L_0x7f8a74fdade0, L_0x5556c578b980;
L_0x5556c578bb60 .part L_0x5556c578aef0, 25, 1;
L_0x5556c578bc50 .arith/sum 26, L_0x5556c578b8e0, L_0x5556c578b4e0;
L_0x5556c578bd90 .arith/sub 26, L_0x5556c578b8e0, L_0x5556c578b4e0;
L_0x5556c578be30 .functor MUXZ 26, L_0x5556c578bd90, L_0x5556c578bc50, L_0x5556c578bb60, C4<>;
L_0x5556c578bf70 .part L_0x5556c578b280, 0, 23;
L_0x5556c578c080 .part L_0x5556c578be30, 25, 1;
L_0x5556c578c1c0 .concat [ 1 23 0 0], L_0x5556c578b0d0, L_0x5556c578bf70;
S_0x5556c575f080 .scope generate, "genblk1[20]" "genblk1[20]" 2 156, 2 156 0, S_0x5556c5700a00;
 .timescale 0 0;
P_0x5556c575f230 .param/l "i" 0 2 156, +C4<010100>;
L_0x5556c578c010 .functor NOT 1, L_0x5556c578cfc0, C4<0>, C4<0>, C4<0>;
v0x5556c575f310_0 .net *"_ivl_13", 1 0, L_0x5556c578c5b0;  1 drivers
v0x5556c575f3f0_0 .net *"_ivl_14", 27 0, L_0x5556c578c6a0;  1 drivers
v0x5556c575f4d0_0 .net *"_ivl_21", 45 0, L_0x5556c578c8c0;  1 drivers
L_0x7f8a74fdae70 .functor BUFT 1, C4<00>, C4<0>, C4<0>, C4<0>;
v0x5556c575f590_0 .net/2u *"_ivl_22", 1 0, L_0x7f8a74fdae70;  1 drivers
v0x5556c575f670_0 .net *"_ivl_29", 0 0, L_0x5556c578caa0;  1 drivers
v0x5556c575f7a0_0 .net *"_ivl_32", 25 0, L_0x5556c578cb90;  1 drivers
v0x5556c575f880_0 .net *"_ivl_36", 25 0, L_0x5556c578ccd0;  1 drivers
v0x5556c575f960_0 .net *"_ivl_4", 0 0, L_0x5556c578c380;  1 drivers
v0x5556c575fa40_0 .net *"_ivl_43", 22 0, L_0x5556c578ceb0;  1 drivers
v0x5556c575fbb0_0 .net *"_ivl_46", 0 0, L_0x5556c578cfc0;  1 drivers
v0x5556c575fc90_0 .net *"_ivl_47", 0 0, L_0x5556c578c010;  1 drivers
L_0x7f8a74fdae28 .functor BUFT 1, C4<1>, C4<0>, C4<0>, C4<0>;
v0x5556c575fd70_0 .net/2u *"_ivl_5", 0 0, L_0x7f8a74fdae28;  1 drivers
L_0x5556c578c380 .part L_0x5556c578be30, 25, 1;
L_0x5556c578c420 .concat [ 1 1 24 0], L_0x7f8a74fdae28, L_0x5556c578c380, L_0x5556c578c1c0;
L_0x5556c578c5b0 .part L_0x5556c578ba20, 46, 2;
L_0x5556c578c6a0 .concat [ 2 26 0 0], L_0x5556c578c5b0, L_0x5556c578be30;
L_0x5556c578c820 .part L_0x5556c578c6a0, 0, 26;
L_0x5556c578c8c0 .part L_0x5556c578ba20, 0, 46;
L_0x5556c578c960 .concat [ 2 46 0 0], L_0x7f8a74fdae70, L_0x5556c578c8c0;
L_0x5556c578caa0 .part L_0x5556c578be30, 25, 1;
L_0x5556c578cb90 .arith/sum 26, L_0x5556c578c820, L_0x5556c578c420;
L_0x5556c578ccd0 .arith/sub 26, L_0x5556c578c820, L_0x5556c578c420;
L_0x5556c578cd70 .functor MUXZ 26, L_0x5556c578ccd0, L_0x5556c578cb90, L_0x5556c578caa0, C4<>;
L_0x5556c578ceb0 .part L_0x5556c578c1c0, 0, 23;
L_0x5556c578cfc0 .part L_0x5556c578cd70, 25, 1;
L_0x5556c578d100 .concat [ 1 23 0 0], L_0x5556c578c010, L_0x5556c578ceb0;
S_0x5556c575fe50 .scope generate, "genblk1[21]" "genblk1[21]" 2 156, 2 156 0, S_0x5556c5700a00;
 .timescale 0 0;
P_0x5556c5760000 .param/l "i" 0 2 156, +C4<010101>;
L_0x5556c578cf50 .functor NOT 1, L_0x5556c578df00, C4<0>, C4<0>, C4<0>;
v0x5556c57600e0_0 .net *"_ivl_13", 1 0, L_0x5556c578d4f0;  1 drivers
v0x5556c57601c0_0 .net *"_ivl_14", 27 0, L_0x5556c578d5e0;  1 drivers
v0x5556c57602a0_0 .net *"_ivl_21", 45 0, L_0x5556c578d800;  1 drivers
L_0x7f8a74fdaf00 .functor BUFT 1, C4<00>, C4<0>, C4<0>, C4<0>;
v0x5556c5760360_0 .net/2u *"_ivl_22", 1 0, L_0x7f8a74fdaf00;  1 drivers
v0x5556c5760440_0 .net *"_ivl_29", 0 0, L_0x5556c578d9e0;  1 drivers
v0x5556c5760570_0 .net *"_ivl_32", 25 0, L_0x5556c578dad0;  1 drivers
v0x5556c5760650_0 .net *"_ivl_36", 25 0, L_0x5556c578dc10;  1 drivers
v0x5556c5760730_0 .net *"_ivl_4", 0 0, L_0x5556c578d2c0;  1 drivers
v0x5556c5760810_0 .net *"_ivl_43", 22 0, L_0x5556c578ddf0;  1 drivers
v0x5556c5760980_0 .net *"_ivl_46", 0 0, L_0x5556c578df00;  1 drivers
v0x5556c5760a60_0 .net *"_ivl_47", 0 0, L_0x5556c578cf50;  1 drivers
L_0x7f8a74fdaeb8 .functor BUFT 1, C4<1>, C4<0>, C4<0>, C4<0>;
v0x5556c5760b40_0 .net/2u *"_ivl_5", 0 0, L_0x7f8a74fdaeb8;  1 drivers
L_0x5556c578d2c0 .part L_0x5556c578cd70, 25, 1;
L_0x5556c578d360 .concat [ 1 1 24 0], L_0x7f8a74fdaeb8, L_0x5556c578d2c0, L_0x5556c578d100;
L_0x5556c578d4f0 .part L_0x5556c578c960, 46, 2;
L_0x5556c578d5e0 .concat [ 2 26 0 0], L_0x5556c578d4f0, L_0x5556c578cd70;
L_0x5556c578d760 .part L_0x5556c578d5e0, 0, 26;
L_0x5556c578d800 .part L_0x5556c578c960, 0, 46;
L_0x5556c578d8a0 .concat [ 2 46 0 0], L_0x7f8a74fdaf00, L_0x5556c578d800;
L_0x5556c578d9e0 .part L_0x5556c578cd70, 25, 1;
L_0x5556c578dad0 .arith/sum 26, L_0x5556c578d760, L_0x5556c578d360;
L_0x5556c578dc10 .arith/sub 26, L_0x5556c578d760, L_0x5556c578d360;
L_0x5556c578dcb0 .functor MUXZ 26, L_0x5556c578dc10, L_0x5556c578dad0, L_0x5556c578d9e0, C4<>;
L_0x5556c578ddf0 .part L_0x5556c578d100, 0, 23;
L_0x5556c578df00 .part L_0x5556c578dcb0, 25, 1;
L_0x5556c578e040 .concat [ 1 23 0 0], L_0x5556c578cf50, L_0x5556c578ddf0;
S_0x5556c5760c20 .scope generate, "genblk1[22]" "genblk1[22]" 2 156, 2 156 0, S_0x5556c5700a00;
 .timescale 0 0;
P_0x5556c5760dd0 .param/l "i" 0 2 156, +C4<010110>;
L_0x5556c578de90 .functor NOT 1, L_0x5556c578ee40, C4<0>, C4<0>, C4<0>;
v0x5556c5760eb0_0 .net *"_ivl_13", 1 0, L_0x5556c578e430;  1 drivers
v0x5556c5760f90_0 .net *"_ivl_14", 27 0, L_0x5556c578e520;  1 drivers
v0x5556c5761070_0 .net *"_ivl_21", 45 0, L_0x5556c578e740;  1 drivers
L_0x7f8a74fdaf90 .functor BUFT 1, C4<00>, C4<0>, C4<0>, C4<0>;
v0x5556c5761130_0 .net/2u *"_ivl_22", 1 0, L_0x7f8a74fdaf90;  1 drivers
v0x5556c5761210_0 .net *"_ivl_29", 0 0, L_0x5556c578e920;  1 drivers
v0x5556c5761340_0 .net *"_ivl_32", 25 0, L_0x5556c578ea10;  1 drivers
v0x5556c5761420_0 .net *"_ivl_36", 25 0, L_0x5556c578eb50;  1 drivers
v0x5556c5761500_0 .net *"_ivl_4", 0 0, L_0x5556c578e200;  1 drivers
v0x5556c57615e0_0 .net *"_ivl_43", 22 0, L_0x5556c578ed30;  1 drivers
v0x5556c5761750_0 .net *"_ivl_46", 0 0, L_0x5556c578ee40;  1 drivers
v0x5556c5761830_0 .net *"_ivl_47", 0 0, L_0x5556c578de90;  1 drivers
L_0x7f8a74fdaf48 .functor BUFT 1, C4<1>, C4<0>, C4<0>, C4<0>;
v0x5556c5761910_0 .net/2u *"_ivl_5", 0 0, L_0x7f8a74fdaf48;  1 drivers
L_0x5556c578e200 .part L_0x5556c578dcb0, 25, 1;
L_0x5556c578e2a0 .concat [ 1 1 24 0], L_0x7f8a74fdaf48, L_0x5556c578e200, L_0x5556c578e040;
L_0x5556c578e430 .part L_0x5556c578d8a0, 46, 2;
L_0x5556c578e520 .concat [ 2 26 0 0], L_0x5556c578e430, L_0x5556c578dcb0;
L_0x5556c578e6a0 .part L_0x5556c578e520, 0, 26;
L_0x5556c578e740 .part L_0x5556c578d8a0, 0, 46;
L_0x5556c578e7e0 .concat [ 2 46 0 0], L_0x7f8a74fdaf90, L_0x5556c578e740;
L_0x5556c578e920 .part L_0x5556c578dcb0, 25, 1;
L_0x5556c578ea10 .arith/sum 26, L_0x5556c578e6a0, L_0x5556c578e2a0;
L_0x5556c578eb50 .arith/sub 26, L_0x5556c578e6a0, L_0x5556c578e2a0;
L_0x5556c578ebf0 .functor MUXZ 26, L_0x5556c578eb50, L_0x5556c578ea10, L_0x5556c578e920, C4<>;
L_0x5556c578ed30 .part L_0x5556c578e040, 0, 23;
L_0x5556c578ee40 .part L_0x5556c578ebf0, 25, 1;
L_0x5556c578ef80 .concat [ 1 23 0 0], L_0x5556c578de90, L_0x5556c578ed30;
S_0x5556c57619f0 .scope generate, "genblk1[23]" "genblk1[23]" 2 156, 2 156 0, S_0x5556c5700a00;
 .timescale 0 0;
P_0x5556c5761ba0 .param/l "i" 0 2 156, +C4<010111>;
L_0x5556c578edd0 .functor NOT 1, L_0x5556c578fd80, C4<0>, C4<0>, C4<0>;
v0x5556c5761c80_0 .net *"_ivl_13", 1 0, L_0x5556c578f370;  1 drivers
v0x5556c5761d60_0 .net *"_ivl_14", 27 0, L_0x5556c578f460;  1 drivers
v0x5556c5761e40_0 .net *"_ivl_21", 45 0, L_0x5556c578f680;  1 drivers
L_0x7f8a74fdb020 .functor BUFT 1, C4<00>, C4<0>, C4<0>, C4<0>;
v0x5556c5761f00_0 .net/2u *"_ivl_22", 1 0, L_0x7f8a74fdb020;  1 drivers
v0x5556c5761fe0_0 .net *"_ivl_29", 0 0, L_0x5556c578f860;  1 drivers
v0x5556c5762110_0 .net *"_ivl_32", 25 0, L_0x5556c578f950;  1 drivers
v0x5556c57621f0_0 .net *"_ivl_36", 25 0, L_0x5556c578fa90;  1 drivers
v0x5556c57622d0_0 .net *"_ivl_4", 0 0, L_0x5556c578f140;  1 drivers
v0x5556c57623b0_0 .net *"_ivl_43", 22 0, L_0x5556c578fc70;  1 drivers
v0x5556c5762520_0 .net *"_ivl_46", 0 0, L_0x5556c578fd80;  1 drivers
v0x5556c5762600_0 .net *"_ivl_47", 0 0, L_0x5556c578edd0;  1 drivers
L_0x7f8a74fdafd8 .functor BUFT 1, C4<1>, C4<0>, C4<0>, C4<0>;
v0x5556c57626e0_0 .net/2u *"_ivl_5", 0 0, L_0x7f8a74fdafd8;  1 drivers
L_0x5556c578f140 .part L_0x5556c578ebf0, 25, 1;
L_0x5556c578f1e0 .concat [ 1 1 24 0], L_0x7f8a74fdafd8, L_0x5556c578f140, L_0x5556c578ef80;
L_0x5556c578f370 .part L_0x5556c578e7e0, 46, 2;
L_0x5556c578f460 .concat [ 2 26 0 0], L_0x5556c578f370, L_0x5556c578ebf0;
L_0x5556c578f5e0 .part L_0x5556c578f460, 0, 26;
L_0x5556c578f680 .part L_0x5556c578e7e0, 0, 46;
L_0x5556c578f720 .concat [ 2 46 0 0], L_0x7f8a74fdb020, L_0x5556c578f680;
L_0x5556c578f860 .part L_0x5556c578ebf0, 25, 1;
L_0x5556c578f950 .arith/sum 26, L_0x5556c578f5e0, L_0x5556c578f1e0;
L_0x5556c578fa90 .arith/sub 26, L_0x5556c578f5e0, L_0x5556c578f1e0;
L_0x5556c578fb30 .functor MUXZ 26, L_0x5556c578fa90, L_0x5556c578f950, L_0x5556c578f860, C4<>;
L_0x5556c578fc70 .part L_0x5556c578ef80, 0, 23;
L_0x5556c578fd80 .part L_0x5556c578fb30, 25, 1;
L_0x5556c578fec0 .concat [ 1 23 0 0], L_0x5556c578edd0, L_0x5556c578fc70;
# The file index is used to find the file name in the following table.
:file_names 3;
    "N/A";
    "<interactive>";
    "/soft/ProgramFiles/caravel_user_project/verilog/rtl/sqrt/user_proj_example.v";
