0-prep 0h0m3s525ms
1-yosys 0h0m0s320ms
2-opensta 0h0m2s290ms
3-yosys 0h0m0s328ms
4-verilog2def_openroad 0h0m1s407ms
8-pdn 0h0m1s556ms
10-pdn 0h0m1s596ms
12-pdn 0h0m1s622ms
14-pdn 0h0m1s571ms
15-replace 0h0m1s132ms
16-opendp 0h0m1s472ms
17-resizer_timing 0h0m3s116ms
18-write_verilog 0h0m1s136ms
19-opensta_post_resizer_routing_timing 0h0m2s272ms
20-addspacers 0h0m0s19ms
21-opendp 0h0m1s428ms
22-fastroute 0h0m3s936ms
23-write_verilog 0h0m1s122ms
24-tritonRoute 0h1m14s517ms
25-spef_extraction 0h0m1s818ms
26-opensta_spef 0h0m2s334ms
28-write_verilog 0h0m1s133ms
32-magic_gen 0h0m5s729ms
33-klayout 0h0m1s547ms
35-klayout_xor 0h0m50s965ms
36-magic_ext_spice 0h0m7s549ms
37-lvs 0h0m0s126ms
38-magic_drc 0h1m14s780ms
40-or_antenna 0h0m1s224ms