
30. Printing statistics.

=== user_proj_example ===

   Number of wires:                183
   Number of wire bits:            773
   Number of public wires:          17
   Number of public wire bits:     607
   Number of memories:               0
   Number of memory bits:            0
   Number of processes:              0
   Number of cells:                406
     sky130_fd_sc_hd__a21oi_2        1
     sky130_fd_sc_hd__a22oi_2        1
     sky130_fd_sc_hd__a2bb2o_2      20
     sky130_fd_sc_hd__a2bb2oi_2      2
     sky130_fd_sc_hd__a31o_2         3
     sky130_fd_sc_hd__a32o_2         1
     sky130_fd_sc_hd__and2_2         4
     sky130_fd_sc_hd__buf_1         18
     sky130_fd_sc_hd__conb_1       224
     sky130_fd_sc_hd__inv_2         33
     sky130_fd_sc_hd__mux2_1         2
     sky130_fd_sc_hd__nand2_2        6
     sky130_fd_sc_hd__nor2_2        12
     sky130_fd_sc_hd__o211a_2        1
     sky130_fd_sc_hd__o21a_2         4
     sky130_fd_sc_hd__o21ai_2        8
     sky130_fd_sc_hd__o221a_2        9
     sky130_fd_sc_hd__o221ai_2       2
     sky130_fd_sc_hd__o22a_2        17
     sky130_fd_sc_hd__o2bb2a_2       3
     sky130_fd_sc_hd__o32a_2         1
     sky130_fd_sc_hd__or2_2         30
     sky130_fd_sc_hd__or2b_2         2
     sky130_fd_sc_hd__or4_2          2

   Chip area for module '\user_proj_example': 2195.856000

