check_report
Startpoint: io_in[10] (input port clocked by wb_clk_i)
Endpoint: io_out[15] (output port clocked by wb_clk_i)
Path Group: wb_clk_i
Path Type: max

Fanout     Cap    Slew   Delay    Time   Description
-----------------------------------------------------------------------------
                  0.00    0.00    0.00   clock wb_clk_i (rise edge)
                          0.00    0.00   clock network delay (ideal)
                          2.00    2.00 v input external delay
                  0.01    0.00    2.00 v io_in[10] (in)
     2    0.01                           io_in[10] (net)
                  0.01    0.00    2.00 v input2/A (sky130_fd_sc_hd__buf_1)
                  0.12    0.19    2.20 v input2/X (sky130_fd_sc_hd__buf_1)
     1    0.01                           net2 (net)
                  0.12    0.00    2.20 v _300_/A (sky130_fd_sc_hd__inv_2)
                  0.12    0.16    2.35 ^ _300_/Y (sky130_fd_sc_hd__inv_2)
     2    0.02                           _121_ (net)
                  0.12    0.00    2.36 ^ _301_/A (sky130_fd_sc_hd__buf_1)
                  0.95    0.80    3.15 ^ _301_/X (sky130_fd_sc_hd__buf_1)
    10    0.05                           _122_ (net)
                  0.95    0.00    3.16 ^ _166_/A2 (sky130_fd_sc_hd__o221a_1)
                  0.23    0.76    3.91 ^ _166_/X (sky130_fd_sc_hd__o221a_1)
     3    0.01                           _006_ (net)
                  0.23    0.00    3.91 ^ _167_/A2_N (sky130_fd_sc_hd__a2bb2o_1)
                  0.16    0.73    4.64 v _167_/X (sky130_fd_sc_hd__a2bb2o_1)
     3    0.01                           _007_ (net)
                  0.16    0.00    4.64 v _168_/A1_N (sky130_fd_sc_hd__a2bb2o_1)
                  0.16    0.61    5.25 ^ _168_/X (sky130_fd_sc_hd__a2bb2o_1)
     2    0.01                           _008_ (net)
                  0.16    0.00    5.25 ^ _181_/B (sky130_fd_sc_hd__or2_1)
                  0.27    0.35    5.60 ^ _181_/X (sky130_fd_sc_hd__or2_1)
     3    0.02                           _021_ (net)
                  0.27    0.00    5.60 ^ _208_/A (sky130_fd_sc_hd__inv_2)
                  0.15    0.23    5.83 v _208_/Y (sky130_fd_sc_hd__inv_2)
     3    0.03                           _048_ (net)
                  0.15    0.00    5.83 v _210_/A1 (sky130_fd_sc_hd__o21ai_1)
                  0.70    0.65    6.48 ^ _210_/Y (sky130_fd_sc_hd__o21ai_1)
     2    0.02                           _050_ (net)
                  0.70    0.00    6.48 ^ _211_/B1 (sky130_fd_sc_hd__o21ai_1)
                  0.28    0.47    6.96 v _211_/Y (sky130_fd_sc_hd__o21ai_1)
     2    0.01                           _051_ (net)
                  0.28    0.00    6.96 v _233_/B1 (sky130_fd_sc_hd__o221ai_1)
                  0.28    0.36    7.32 ^ _233_/Y (sky130_fd_sc_hd__o221ai_1)
     1    0.00                           _073_ (net)
                  0.28    0.00    7.32 ^ _234_/C1 (sky130_fd_sc_hd__o211a_1)
                  0.20    0.47    7.79 ^ _234_/X (sky130_fd_sc_hd__o211a_1)
     4    0.01                           _000_ (net)
                  0.20    0.00    7.79 ^ _571_/S (sky130_fd_sc_hd__mux2_2)
                  0.23    0.90    8.69 v _571_/X (sky130_fd_sc_hd__mux2_2)
     2    0.04                           net23 (net)
                  0.23    0.00    8.69 v output23/A (sky130_fd_sc_hd__clkbuf_2)
                  0.14    0.34    9.03 v output23/X (sky130_fd_sc_hd__clkbuf_2)
     1    0.02                           io_out[15] (net)
                  0.14    0.00    9.03 v io_out[15] (out)
                                  9.03   data arrival time

                  0.00   10.00   10.00   clock wb_clk_i (rise edge)
                          0.00   10.00   clock network delay (ideal)
                          0.00   10.00   clock reconvergence pessimism
                         -2.00    8.00   output external delay
                                  8.00   data required time
-----------------------------------------------------------------------------
                                  8.00   data required time
                                 -9.03   data arrival time
-----------------------------------------------------------------------------
                                 -1.03   slack (VIOLATED)


Startpoint: io_in[10] (input port clocked by wb_clk_i)
Endpoint: io_out[14] (output port clocked by wb_clk_i)
Path Group: wb_clk_i
Path Type: max

Fanout     Cap    Slew   Delay    Time   Description
-----------------------------------------------------------------------------
                  0.00    0.00    0.00   clock wb_clk_i (rise edge)
                          0.00    0.00   clock network delay (ideal)
                          2.00    2.00 v input external delay
                  0.01    0.00    2.00 v io_in[10] (in)
     2    0.01                           io_in[10] (net)
                  0.01    0.00    2.00 v input2/A (sky130_fd_sc_hd__buf_1)
                  0.12    0.19    2.20 v input2/X (sky130_fd_sc_hd__buf_1)
     1    0.01                           net2 (net)
                  0.12    0.00    2.20 v _300_/A (sky130_fd_sc_hd__inv_2)
                  0.12    0.16    2.35 ^ _300_/Y (sky130_fd_sc_hd__inv_2)
     2    0.02                           _121_ (net)
                  0.12    0.00    2.36 ^ _301_/A (sky130_fd_sc_hd__buf_1)
                  0.95    0.80    3.15 ^ _301_/X (sky130_fd_sc_hd__buf_1)
    10    0.05                           _122_ (net)
                  0.95    0.00    3.16 ^ _166_/A2 (sky130_fd_sc_hd__o221a_1)
                  0.23    0.76    3.91 ^ _166_/X (sky130_fd_sc_hd__o221a_1)
     3    0.01                           _006_ (net)
                  0.23    0.00    3.91 ^ _167_/A2_N (sky130_fd_sc_hd__a2bb2o_1)
                  0.16    0.73    4.64 v _167_/X (sky130_fd_sc_hd__a2bb2o_1)
     3    0.01                           _007_ (net)
                  0.16    0.00    4.64 v _168_/A1_N (sky130_fd_sc_hd__a2bb2o_1)
                  0.16    0.61    5.25 ^ _168_/X (sky130_fd_sc_hd__a2bb2o_1)
     2    0.01                           _008_ (net)
                  0.16    0.00    5.25 ^ _181_/B (sky130_fd_sc_hd__or2_1)
                  0.27    0.35    5.60 ^ _181_/X (sky130_fd_sc_hd__or2_1)
     3    0.02                           _021_ (net)
                  0.27    0.00    5.60 ^ _208_/A (sky130_fd_sc_hd__inv_2)
                  0.15    0.23    5.83 v _208_/Y (sky130_fd_sc_hd__inv_2)
     3    0.03                           _048_ (net)
                  0.15    0.00    5.83 v _210_/A1 (sky130_fd_sc_hd__o21ai_1)
                  0.70    0.65    6.48 ^ _210_/Y (sky130_fd_sc_hd__o21ai_1)
     2    0.02                           _050_ (net)
                  0.70    0.00    6.48 ^ _211_/B1 (sky130_fd_sc_hd__o21ai_1)
                  0.28    0.47    6.96 v _211_/Y (sky130_fd_sc_hd__o21ai_1)
     2    0.01                           _051_ (net)
                  0.28    0.00    6.96 v _233_/B1 (sky130_fd_sc_hd__o221ai_1)
                  0.28    0.36    7.32 ^ _233_/Y (sky130_fd_sc_hd__o221ai_1)
     1    0.00                           _073_ (net)
                  0.28    0.00    7.32 ^ _234_/C1 (sky130_fd_sc_hd__o211a_1)
                  0.20    0.47    7.79 ^ _234_/X (sky130_fd_sc_hd__o211a_1)
     4    0.01                           _000_ (net)
                  0.20    0.00    7.79 ^ _570_/S (sky130_fd_sc_hd__mux2_2)
                  0.22    0.89    8.68 v _570_/X (sky130_fd_sc_hd__mux2_2)
     2    0.03                           net22 (net)
                  0.22    0.00    8.68 v output22/A (sky130_fd_sc_hd__clkbuf_2)
                  0.14    0.33    9.01 v output22/X (sky130_fd_sc_hd__clkbuf_2)
     1    0.02                           io_out[14] (net)
                  0.14    0.00    9.01 v io_out[14] (out)
                                  9.01   data arrival time

                  0.00   10.00   10.00   clock wb_clk_i (rise edge)
                          0.00   10.00   clock network delay (ideal)
                          0.00   10.00   clock reconvergence pessimism
                         -2.00    8.00   output external delay
                                  8.00   data required time
-----------------------------------------------------------------------------
                                  8.00   data required time
                                 -9.01   data arrival time
-----------------------------------------------------------------------------
                                 -1.01   slack (VIOLATED)


Startpoint: io_in[10] (input port clocked by wb_clk_i)
Endpoint: io_out[13] (output port clocked by wb_clk_i)
Path Group: wb_clk_i
Path Type: max

Fanout     Cap    Slew   Delay    Time   Description
-----------------------------------------------------------------------------
                  0.00    0.00    0.00   clock wb_clk_i (rise edge)
                          0.00    0.00   clock network delay (ideal)
                          2.00    2.00 v input external delay
                  0.01    0.00    2.00 v io_in[10] (in)
     2    0.01                           io_in[10] (net)
                  0.01    0.00    2.00 v input2/A (sky130_fd_sc_hd__buf_1)
                  0.12    0.19    2.20 v input2/X (sky130_fd_sc_hd__buf_1)
     1    0.01                           net2 (net)
                  0.12    0.00    2.20 v _300_/A (sky130_fd_sc_hd__inv_2)
                  0.12    0.16    2.35 ^ _300_/Y (sky130_fd_sc_hd__inv_2)
     2    0.02                           _121_ (net)
                  0.12    0.00    2.36 ^ _301_/A (sky130_fd_sc_hd__buf_1)
                  0.95    0.80    3.15 ^ _301_/X (sky130_fd_sc_hd__buf_1)
    10    0.05                           _122_ (net)
                  0.95    0.00    3.16 ^ _166_/A2 (sky130_fd_sc_hd__o221a_1)
                  0.23    0.76    3.91 ^ _166_/X (sky130_fd_sc_hd__o221a_1)
     3    0.01                           _006_ (net)
                  0.23    0.00    3.91 ^ _167_/A2_N (sky130_fd_sc_hd__a2bb2o_1)
                  0.16    0.73    4.64 v _167_/X (sky130_fd_sc_hd__a2bb2o_1)
     3    0.01                           _007_ (net)
                  0.16    0.00    4.64 v _168_/A1_N (sky130_fd_sc_hd__a2bb2o_1)
                  0.16    0.61    5.25 ^ _168_/X (sky130_fd_sc_hd__a2bb2o_1)
     2    0.01                           _008_ (net)
                  0.16    0.00    5.25 ^ _181_/B (sky130_fd_sc_hd__or2_1)
                  0.27    0.35    5.60 ^ _181_/X (sky130_fd_sc_hd__or2_1)
     3    0.02                           _021_ (net)
                  0.27    0.00    5.60 ^ _208_/A (sky130_fd_sc_hd__inv_2)
                  0.15    0.23    5.83 v _208_/Y (sky130_fd_sc_hd__inv_2)
     3    0.03                           _048_ (net)
                  0.15    0.00    5.83 v _210_/A1 (sky130_fd_sc_hd__o21ai_1)
                  0.70    0.65    6.48 ^ _210_/Y (sky130_fd_sc_hd__o21ai_1)
     2    0.02                           _050_ (net)
                  0.70    0.00    6.48 ^ _211_/B1 (sky130_fd_sc_hd__o21ai_1)
                  0.28    0.47    6.96 v _211_/Y (sky130_fd_sc_hd__o21ai_1)
     2    0.01                           _051_ (net)
                  0.28    0.00    6.96 v _233_/B1 (sky130_fd_sc_hd__o221ai_1)
                  0.28    0.36    7.32 ^ _233_/Y (sky130_fd_sc_hd__o221ai_1)
     1    0.00                           _073_ (net)
                  0.28    0.00    7.32 ^ _234_/C1 (sky130_fd_sc_hd__o211a_1)
                  0.20    0.47    7.79 ^ _234_/X (sky130_fd_sc_hd__o211a_1)
     4    0.01                           _000_ (net)
                  0.20    0.00    7.79 ^ _236_/A2_N (sky130_fd_sc_hd__a2bb2o_1)
                  0.22    0.79    8.58 v _236_/X (sky130_fd_sc_hd__a2bb2o_1)
     2    0.02                           net21 (net)
                  0.22    0.00    8.58 v output21/A (sky130_fd_sc_hd__clkbuf_2)
                  0.14    0.33    8.91 v output21/X (sky130_fd_sc_hd__clkbuf_2)
     1    0.02                           io_out[13] (net)
                  0.14    0.00    8.92 v io_out[13] (out)
                                  8.92   data arrival time

                  0.00   10.00   10.00   clock wb_clk_i (rise edge)
                          0.00   10.00   clock network delay (ideal)
                          0.00   10.00   clock reconvergence pessimism
                         -2.00    8.00   output external delay
                                  8.00   data required time
-----------------------------------------------------------------------------
                                  8.00   data required time
                                 -8.92   data arrival time
-----------------------------------------------------------------------------
                                 -0.92   slack (VIOLATED)


Startpoint: io_in[10] (input port clocked by wb_clk_i)
Endpoint: io_out[12] (output port clocked by wb_clk_i)
Path Group: wb_clk_i
Path Type: max

Fanout     Cap    Slew   Delay    Time   Description
-----------------------------------------------------------------------------
                  0.00    0.00    0.00   clock wb_clk_i (rise edge)
                          0.00    0.00   clock network delay (ideal)
                          2.00    2.00 ^ input external delay
                  0.03    0.01    2.01 ^ io_in[10] (in)
     2    0.01                           io_in[10] (net)
                  0.03    0.00    2.01 ^ input2/A (sky130_fd_sc_hd__buf_1)
                  0.20    0.23    2.24 ^ input2/X (sky130_fd_sc_hd__buf_1)
     1    0.01                           net2 (net)
                  0.20    0.00    2.24 ^ _300_/A (sky130_fd_sc_hd__inv_2)
                  0.09    0.15    2.39 v _300_/Y (sky130_fd_sc_hd__inv_2)
     2    0.01                           _121_ (net)
                  0.09    0.00    2.39 v _301_/A (sky130_fd_sc_hd__buf_1)
                  0.56    0.54    2.93 v _301_/X (sky130_fd_sc_hd__buf_1)
    10    0.05                           _122_ (net)
                  0.56    0.00    2.94 v _302_/D (sky130_fd_sc_hd__or4_1)
                  0.27    1.26    4.20 v _302_/X (sky130_fd_sc_hd__or4_1)
     2    0.01                           _123_ (net)
                  0.27    0.00    4.20 v _216_/B_N (sky130_fd_sc_hd__or2b_1)
                  0.18    0.46    4.66 ^ _216_/X (sky130_fd_sc_hd__or2b_1)
     3    0.01                           _056_ (net)
                  0.18    0.00    4.66 ^ _217_/A2_N (sky130_fd_sc_hd__a2bb2o_1)
                  0.15    0.70    5.36 v _217_/X (sky130_fd_sc_hd__a2bb2o_1)
     3    0.01                           _057_ (net)
                  0.15    0.00    5.36 v _224_/B1 (sky130_fd_sc_hd__a2bb2o_1)
                  0.23    0.78    6.14 v _224_/X (sky130_fd_sc_hd__a2bb2o_1)
     2    0.02                           _064_ (net)
                  0.23    0.00    6.14 v _226_/A (sky130_fd_sc_hd__nor2_2)
                  0.30    0.37    6.51 ^ _226_/Y (sky130_fd_sc_hd__nor2_2)
     4    0.01                           _066_ (net)
                  0.30    0.00    6.51 ^ rebuffer5/A (sky130_fd_sc_hd__dlymetal6s4s_1)
                  0.16    0.46    6.98 ^ rebuffer5/X (sky130_fd_sc_hd__dlymetal6s4s_1)
     1    0.01                           net37 (net)
                  0.16    0.00    6.98 ^ _258_/A2 (sky130_fd_sc_hd__o21ai_1)
                  0.28    0.28    7.26 v _258_/Y (sky130_fd_sc_hd__o21ai_1)
     2    0.01                           _089_ (net)
                  0.28    0.00    7.26 v _270_/A1 (sky130_fd_sc_hd__o32a_1)
                  0.21    0.83    8.08 v _270_/X (sky130_fd_sc_hd__o32a_1)
     2    0.01                           _099_ (net)
                  0.21    0.00    8.08 v _271_/B2 (sky130_fd_sc_hd__a2bb2oi_2)
                  0.34    0.41    8.50 ^ _271_/Y (sky130_fd_sc_hd__a2bb2oi_2)
     2    0.02                           net20 (net)
                  0.34    0.00    8.50 ^ output20/A (sky130_fd_sc_hd__clkbuf_2)
                  0.17    0.38    8.88 ^ output20/X (sky130_fd_sc_hd__clkbuf_2)
     1    0.02                           io_out[12] (net)
                  0.17    0.00    8.88 ^ io_out[12] (out)
                                  8.88   data arrival time

                  0.00   10.00   10.00   clock wb_clk_i (rise edge)
                          0.00   10.00   clock network delay (ideal)
                          0.00   10.00   clock reconvergence pessimism
                         -2.00    8.00   output external delay
                                  8.00   data required time
-----------------------------------------------------------------------------
                                  8.00   data required time
                                 -8.88   data arrival time
-----------------------------------------------------------------------------
                                 -0.88   slack (VIOLATED)


Startpoint: io_in[10] (input port clocked by wb_clk_i)
Endpoint: io_out[10] (output port clocked by wb_clk_i)
Path Group: wb_clk_i
Path Type: max

Fanout     Cap    Slew   Delay    Time   Description
-----------------------------------------------------------------------------
                  0.00    0.00    0.00   clock wb_clk_i (rise edge)
                          0.00    0.00   clock network delay (ideal)
                          2.00    2.00 ^ input external delay
                  0.03    0.01    2.01 ^ io_in[10] (in)
     2    0.01                           io_in[10] (net)
                  0.03    0.00    2.01 ^ input2/A (sky130_fd_sc_hd__buf_1)
                  0.20    0.23    2.24 ^ input2/X (sky130_fd_sc_hd__buf_1)
     1    0.01                           net2 (net)
                  0.20    0.00    2.24 ^ _300_/A (sky130_fd_sc_hd__inv_2)
                  0.09    0.15    2.39 v _300_/Y (sky130_fd_sc_hd__inv_2)
     2    0.01                           _121_ (net)
                  0.09    0.00    2.39 v _301_/A (sky130_fd_sc_hd__buf_1)
                  0.56    0.54    2.93 v _301_/X (sky130_fd_sc_hd__buf_1)
    10    0.05                           _122_ (net)
                  0.56    0.00    2.94 v _302_/D (sky130_fd_sc_hd__or4_1)
                  0.27    1.26    4.20 v _302_/X (sky130_fd_sc_hd__or4_1)
     2    0.01                           _123_ (net)
                  0.27    0.00    4.20 v _216_/B_N (sky130_fd_sc_hd__or2b_1)
                  0.18    0.46    4.66 ^ _216_/X (sky130_fd_sc_hd__or2b_1)
     3    0.01                           _056_ (net)
                  0.18    0.00    4.66 ^ _217_/A2_N (sky130_fd_sc_hd__a2bb2o_1)
                  0.15    0.70    5.36 v _217_/X (sky130_fd_sc_hd__a2bb2o_1)
     3    0.01                           _057_ (net)
                  0.15    0.00    5.36 v _224_/B1 (sky130_fd_sc_hd__a2bb2o_1)
                  0.23    0.78    6.14 v _224_/X (sky130_fd_sc_hd__a2bb2o_1)
     2    0.02                           _064_ (net)
                  0.23    0.00    6.14 v _226_/A (sky130_fd_sc_hd__nor2_2)
                  0.30    0.37    6.51 ^ _226_/Y (sky130_fd_sc_hd__nor2_2)
     4    0.01                           _066_ (net)
                  0.30    0.00    6.51 ^ rebuffer4/A (sky130_fd_sc_hd__dlymetal6s2s_1)
                  0.10    0.28    6.79 ^ rebuffer4/X (sky130_fd_sc_hd__dlymetal6s2s_1)
     1    0.00                           net36 (net)
                  0.10    0.00    6.79 ^ _259_/B (sky130_fd_sc_hd__nor2_1)
                  0.11    0.13    6.92 v _259_/Y (sky130_fd_sc_hd__nor2_1)
     1    0.01                           _090_ (net)
                  0.11    0.00    6.92 v _260_/A2 (sky130_fd_sc_hd__o21a_1)
                  0.19    0.45    7.37 v _260_/X (sky130_fd_sc_hd__o21a_1)
     2    0.02                           _091_ (net)
                  0.19    0.00    7.37 v _261_/B (sky130_fd_sc_hd__nor2_1)
                  0.26    0.29    7.66 ^ _261_/Y (sky130_fd_sc_hd__nor2_1)
     2    0.01                           _092_ (net)
                  0.26    0.00    7.66 ^ _262_/A2_N (sky130_fd_sc_hd__a2bb2o_1)
                  0.15    0.72    8.38 v _262_/X (sky130_fd_sc_hd__a2bb2o_1)
     1    0.01                           net18 (net)
                  0.15    0.00    8.38 v output18/A (sky130_fd_sc_hd__clkbuf_2)
                  0.14    0.30    8.67 v output18/X (sky130_fd_sc_hd__clkbuf_2)
     1    0.02                           io_out[10] (net)
                  0.14    0.00    8.68 v io_out[10] (out)
                                  8.68   data arrival time

                  0.00   10.00   10.00   clock wb_clk_i (rise edge)
                          0.00   10.00   clock network delay (ideal)
                          0.00   10.00   clock reconvergence pessimism
                         -2.00    8.00   output external delay
                                  8.00   data required time
-----------------------------------------------------------------------------
                                  8.00   data required time
                                 -8.68   data arrival time
-----------------------------------------------------------------------------
                                 -0.68   slack (VIOLATED)


Startpoint: io_in[10] (input port clocked by wb_clk_i)
Endpoint: io_out[11] (output port clocked by wb_clk_i)
Path Group: wb_clk_i
Path Type: max

Fanout     Cap    Slew   Delay    Time   Description
-----------------------------------------------------------------------------
                  0.00    0.00    0.00   clock wb_clk_i (rise edge)
                          0.00    0.00   clock network delay (ideal)
                          2.00    2.00 v input external delay
                  0.01    0.00    2.00 v io_in[10] (in)
     2    0.01                           io_in[10] (net)
                  0.01    0.00    2.00 v input2/A (sky130_fd_sc_hd__buf_1)
                  0.12    0.19    2.20 v input2/X (sky130_fd_sc_hd__buf_1)
     1    0.01                           net2 (net)
                  0.12    0.00    2.20 v _300_/A (sky130_fd_sc_hd__inv_2)
                  0.12    0.16    2.35 ^ _300_/Y (sky130_fd_sc_hd__inv_2)
     2    0.02                           _121_ (net)
                  0.12    0.00    2.36 ^ _301_/A (sky130_fd_sc_hd__buf_1)
                  0.95    0.80    3.15 ^ _301_/X (sky130_fd_sc_hd__buf_1)
    10    0.05                           _122_ (net)
                  0.95    0.00    3.16 ^ _166_/A2 (sky130_fd_sc_hd__o221a_1)
                  0.23    0.76    3.91 ^ _166_/X (sky130_fd_sc_hd__o221a_1)
     3    0.01                           _006_ (net)
                  0.23    0.00    3.91 ^ _167_/A2_N (sky130_fd_sc_hd__a2bb2o_1)
                  0.16    0.73    4.64 v _167_/X (sky130_fd_sc_hd__a2bb2o_1)
     3    0.01                           _007_ (net)
                  0.16    0.00    4.64 v _168_/B1 (sky130_fd_sc_hd__a2bb2o_1)
                  0.15    0.69    5.33 v _168_/X (sky130_fd_sc_hd__a2bb2o_1)
     2    0.01                           _008_ (net)
                  0.15    0.00    5.33 v _181_/B (sky130_fd_sc_hd__or2_1)
                  0.22    0.63    5.96 v _181_/X (sky130_fd_sc_hd__or2_1)
     3    0.02                           _021_ (net)
                  0.22    0.00    5.96 v _208_/A (sky130_fd_sc_hd__inv_2)
                  0.22    0.27    6.23 ^ _208_/Y (sky130_fd_sc_hd__inv_2)
     3    0.03                           _048_ (net)
                  0.22    0.00    6.23 ^ _210_/A1 (sky130_fd_sc_hd__o21ai_1)
                  0.39    0.42    6.66 v _210_/Y (sky130_fd_sc_hd__o21ai_1)
     2    0.02                           _050_ (net)
                  0.39    0.00    6.66 v _253_/A (sky130_fd_sc_hd__nand2_1)
                  0.26    0.37    7.02 ^ _253_/Y (sky130_fd_sc_hd__nand2_1)
     2    0.02                           _085_ (net)
                  0.26    0.00    7.02 ^ _265_/A3 (sky130_fd_sc_hd__a31o_1)
                  0.16    0.42    7.45 ^ _265_/X (sky130_fd_sc_hd__a31o_1)
     2    0.01                           _095_ (net)
                  0.16    0.00    7.45 ^ _266_/A2_N (sky130_fd_sc_hd__a2bb2o_1)
                  0.19    0.75    8.19 v _266_/X (sky130_fd_sc_hd__a2bb2o_1)
     1    0.01                           net19 (net)
                  0.19    0.00    8.19 v output19/A (sky130_fd_sc_hd__clkbuf_2)
                  0.14    0.32    8.51 v output19/X (sky130_fd_sc_hd__clkbuf_2)
     1    0.02                           io_out[11] (net)
                  0.14    0.00    8.51 v io_out[11] (out)
                                  8.51   data arrival time

                  0.00   10.00   10.00   clock wb_clk_i (rise edge)
                          0.00   10.00   clock network delay (ideal)
                          0.00   10.00   clock reconvergence pessimism
                         -2.00    8.00   output external delay
                                  8.00   data required time
-----------------------------------------------------------------------------
                                  8.00   data required time
                                 -8.51   data arrival time
-----------------------------------------------------------------------------
                                 -0.51   slack (VIOLATED)


Startpoint: io_in[10] (input port clocked by wb_clk_i)
Endpoint: io_out[9] (output port clocked by wb_clk_i)
Path Group: wb_clk_i
Path Type: max

Fanout     Cap    Slew   Delay    Time   Description
-----------------------------------------------------------------------------
                  0.00    0.00    0.00   clock wb_clk_i (rise edge)
                          0.00    0.00   clock network delay (ideal)
                          2.00    2.00 v input external delay
                  0.01    0.00    2.00 v io_in[10] (in)
     2    0.01                           io_in[10] (net)
                  0.01    0.00    2.00 v input2/A (sky130_fd_sc_hd__buf_1)
                  0.12    0.19    2.20 v input2/X (sky130_fd_sc_hd__buf_1)
     1    0.01                           net2 (net)
                  0.12    0.00    2.20 v _300_/A (sky130_fd_sc_hd__inv_2)
                  0.12    0.16    2.35 ^ _300_/Y (sky130_fd_sc_hd__inv_2)
     2    0.02                           _121_ (net)
                  0.12    0.00    2.36 ^ _301_/A (sky130_fd_sc_hd__buf_1)
                  0.95    0.80    3.15 ^ _301_/X (sky130_fd_sc_hd__buf_1)
    10    0.05                           _122_ (net)
                  0.95    0.00    3.16 ^ _166_/A2 (sky130_fd_sc_hd__o221a_1)
                  0.23    0.76    3.91 ^ _166_/X (sky130_fd_sc_hd__o221a_1)
     3    0.01                           _006_ (net)
                  0.23    0.00    3.91 ^ _167_/A2_N (sky130_fd_sc_hd__a2bb2o_1)
                  0.16    0.73    4.64 v _167_/X (sky130_fd_sc_hd__a2bb2o_1)
     3    0.01                           _007_ (net)
                  0.16    0.00    4.64 v _168_/B1 (sky130_fd_sc_hd__a2bb2o_1)
                  0.15    0.69    5.33 v _168_/X (sky130_fd_sc_hd__a2bb2o_1)
     2    0.01                           _008_ (net)
                  0.15    0.00    5.33 v _181_/B (sky130_fd_sc_hd__or2_1)
                  0.22    0.63    5.96 v _181_/X (sky130_fd_sc_hd__or2_1)
     3    0.02                           _021_ (net)
                  0.22    0.00    5.96 v _208_/A (sky130_fd_sc_hd__inv_2)
                  0.22    0.27    6.23 ^ _208_/Y (sky130_fd_sc_hd__inv_2)
     3    0.03                           _048_ (net)
                  0.22    0.00    6.23 ^ _210_/A1 (sky130_fd_sc_hd__o21ai_1)
                  0.39    0.42    6.66 v _210_/Y (sky130_fd_sc_hd__o21ai_1)
     2    0.02                           _050_ (net)
                  0.39    0.00    6.66 v _211_/B1 (sky130_fd_sc_hd__o21ai_1)
                  0.40    0.41    7.06 ^ _211_/Y (sky130_fd_sc_hd__o21ai_1)
     2    0.01                           _051_ (net)
                  0.40    0.00    7.06 ^ _254_/A (sky130_fd_sc_hd__and2_1)
                  0.13    0.38    7.45 ^ _254_/X (sky130_fd_sc_hd__and2_1)
     2    0.01                           _086_ (net)
                  0.13    0.00    7.45 ^ _256_/A1_N (sky130_fd_sc_hd__a2bb2o_1)
                  0.13    0.67    8.11 v _256_/X (sky130_fd_sc_hd__a2bb2o_1)
     1    0.01                           net32 (net)
                  0.13    0.00    8.11 v output32/A (sky130_fd_sc_hd__clkbuf_2)
                  0.14    0.30    8.41 v output32/X (sky130_fd_sc_hd__clkbuf_2)
     1    0.02                           io_out[9] (net)
                  0.14    0.00    8.41 v io_out[9] (out)
                                  8.41   data arrival time

                  0.00   10.00   10.00   clock wb_clk_i (rise edge)
                          0.00   10.00   clock network delay (ideal)
                          0.00   10.00   clock reconvergence pessimism
                         -2.00    8.00   output external delay
                                  8.00   data required time
-----------------------------------------------------------------------------
                                  8.00   data required time
                                 -8.41   data arrival time
-----------------------------------------------------------------------------
                                 -0.41   slack (VIOLATED)


