min_max_report
Startpoint: io_in[1] (input port clocked by wb_clk_i)
Endpoint: io_out[1] (output port clocked by wb_clk_i)
Path Group: wb_clk_i
Path Type: min

Fanout     Cap    Slew   Delay    Time   Description
-----------------------------------------------------------------------------
                  0.00    0.00    0.00   clock wb_clk_i (rise edge)
                          0.00    0.00   clock network delay (ideal)
                          2.00    2.00 ^ input external delay
                  0.01    0.00    2.00 ^ io_in[1] (in)
     1    0.00                           io_in[1] (net)
                  0.01    0.00    2.00 ^ input8/A (sky130_fd_sc_hd__clkbuf_2)
                  0.05    0.07    2.07 ^ input8/X (sky130_fd_sc_hd__clkbuf_2)
     3    0.01                           net8 (net)
                  0.05    0.00    2.07 ^ _275_/A1 (sky130_fd_sc_hd__a31o_1)
                  0.03    0.07    2.15 ^ _275_/X (sky130_fd_sc_hd__a31o_1)
     1    0.00                           net24 (net)
                  0.03    0.00    2.15 ^ output24/A (sky130_fd_sc_hd__clkbuf_2)
                  0.08    0.10    2.25 ^ output24/X (sky130_fd_sc_hd__clkbuf_2)
     1    0.02                           io_out[1] (net)
                  0.08    0.00    2.25 ^ io_out[1] (out)
                                  2.25   data arrival time

                  0.00    0.00    0.00   clock wb_clk_i (rise edge)
                          0.00    0.00   clock network delay (ideal)
                          0.00    0.00   clock reconvergence pessimism
                         -2.00   -2.00   output external delay
                                 -2.00   data required time
-----------------------------------------------------------------------------
                                 -2.00   data required time
                                 -2.25   data arrival time
-----------------------------------------------------------------------------
                                  4.25   slack (MET)


Startpoint: io_in[11] (input port clocked by wb_clk_i)
Endpoint: io_out[14] (output port clocked by wb_clk_i)
Path Group: wb_clk_i
Path Type: max

Fanout     Cap    Slew   Delay    Time   Description
-----------------------------------------------------------------------------
                  0.00    0.00    0.00   clock wb_clk_i (rise edge)
                          0.00    0.00   clock network delay (ideal)
                          2.00    2.00 ^ input external delay
                  0.02    0.00    2.00 ^ io_in[11] (in)
     1    0.00                           io_in[11] (net)
                  0.02    0.00    2.00 ^ input3/A (sky130_fd_sc_hd__buf_1)
                  0.11    0.15    2.16 ^ input3/X (sky130_fd_sc_hd__buf_1)
     1    0.00                           net3 (net)
                  0.11    0.00    2.16 ^ _298_/A (sky130_fd_sc_hd__inv_2)
                  0.03    0.07    2.23 v _298_/Y (sky130_fd_sc_hd__inv_2)
     2    0.00                           _119_ (net)
                  0.03    0.00    2.23 v _334_/A (sky130_fd_sc_hd__or4_1)
                  0.23    1.27    3.49 v _334_/X (sky130_fd_sc_hd__or4_1)
     4    0.01                           _155_ (net)
                  0.23    0.00    3.49 v _185_/B_N (sky130_fd_sc_hd__or2b_1)
                  0.10    0.38    3.87 ^ _185_/X (sky130_fd_sc_hd__or2b_1)
     3    0.01                           _025_ (net)
                  0.10    0.00    3.87 ^ _189_/A1_N (sky130_fd_sc_hd__a2bb2o_1)
                  0.13    0.64    4.51 v _189_/X (sky130_fd_sc_hd__a2bb2o_1)
     3    0.01                           _029_ (net)
                  0.13    0.00    4.51 v _197_/B1 (sky130_fd_sc_hd__a2bb2o_1)
                  0.11    0.62    5.12 v _197_/X (sky130_fd_sc_hd__a2bb2o_1)
     2    0.00                           _037_ (net)
                  0.11    0.00    5.12 v _205_/A (sky130_fd_sc_hd__and2_1)
                  0.09    0.31    5.43 v _205_/X (sky130_fd_sc_hd__and2_1)
     2    0.00                           _045_ (net)
                  0.09    0.00    5.43 v _207_/A2 (sky130_fd_sc_hd__o21a_1)
                  0.06    0.31    5.74 v _207_/X (sky130_fd_sc_hd__o21a_1)
     1    0.00                           _047_ (net)
                  0.06    0.00    5.74 v _211_/A2 (sky130_fd_sc_hd__o21ai_1)
                  0.20    0.21    5.95 ^ _211_/Y (sky130_fd_sc_hd__o21ai_1)
     2    0.00                           _051_ (net)
                  0.20    0.00    5.95 ^ _233_/B1 (sky130_fd_sc_hd__o221ai_1)
                  0.18    0.29    6.24 v _233_/Y (sky130_fd_sc_hd__o221ai_1)
     1    0.00                           _073_ (net)
                  0.18    0.00    6.24 v _234_/C1 (sky130_fd_sc_hd__o211a_1)
                  0.13    0.30    6.54 v _234_/X (sky130_fd_sc_hd__o211a_1)
     4    0.01                           _000_ (net)
                  0.13    0.00    6.54 v _570_/S (sky130_fd_sc_hd__mux2_1)
                  0.11    0.70    7.24 v _570_/X (sky130_fd_sc_hd__mux2_1)
     1    0.00                           net22 (net)
                  0.11    0.00    7.24 v output22/A (sky130_fd_sc_hd__clkbuf_2)
                  0.13    0.27    7.51 v output22/X (sky130_fd_sc_hd__clkbuf_2)
     1    0.02                           io_out[14] (net)
                  0.13    0.00    7.51 v io_out[14] (out)
                                  7.51   data arrival time

                  0.00   10.00   10.00   clock wb_clk_i (rise edge)
                          0.00   10.00   clock network delay (ideal)
                          0.00   10.00   clock reconvergence pessimism
                         -2.00    8.00   output external delay
                                  8.00   data required time
-----------------------------------------------------------------------------
                                  8.00   data required time
                                 -7.51   data arrival time
-----------------------------------------------------------------------------
                                  0.49   slack (MET)


