min_max_report
Startpoint: io_in[1] (input port clocked by wb_clk_i)
Endpoint: io_out[1] (output port clocked by wb_clk_i)
Path Group: wb_clk_i
Path Type: min

Fanout     Cap    Slew   Delay    Time   Description
-----------------------------------------------------------------------------
                  0.00    0.00    0.00   clock wb_clk_i (rise edge)
                          0.00    0.00   clock network delay (ideal)
                          2.00    2.00 v input external delay
                  0.00    0.00    2.00 v io_in[1] (in)
     2    0.00                           io_in[1] (net)
                  0.00    0.00    2.00 v input8/A (sky130_fd_sc_hd__clkbuf_2)
                  0.10    0.12    2.12 v input8/X (sky130_fd_sc_hd__clkbuf_2)
     6    0.04                           net8 (net)
                  0.10    0.01    2.13 v _275_/A1 (sky130_fd_sc_hd__a31o_1)
                  0.07    0.18    2.31 v _275_/X (sky130_fd_sc_hd__a31o_1)
     2    0.02                           net24 (net)
                  0.07    0.00    2.31 v output24/A (sky130_fd_sc_hd__clkbuf_2)
                  0.05    0.11    2.42 v output24/X (sky130_fd_sc_hd__clkbuf_2)
     1    0.02                           io_out[1] (net)
                  0.05    0.00    2.42 v io_out[1] (out)
                                  2.42   data arrival time

                  0.00    0.00    0.00   clock wb_clk_i (rise edge)
                          0.00    0.00   clock network delay (ideal)
                          0.00    0.00   clock reconvergence pessimism
                         -2.00   -2.00   output external delay
                                 -2.00   data required time
-----------------------------------------------------------------------------
                                 -2.00   data required time
                                 -2.42   data arrival time
-----------------------------------------------------------------------------
                                  4.42   slack (MET)


Startpoint: io_in[10] (input port clocked by wb_clk_i)
Endpoint: io_out[15] (output port clocked by wb_clk_i)
Path Group: wb_clk_i
Path Type: max

Fanout     Cap    Slew   Delay    Time   Description
-----------------------------------------------------------------------------
                  0.00    0.00    0.00   clock wb_clk_i (rise edge)
                          0.00    0.00   clock network delay (ideal)
                          2.00    2.00 v input external delay
                  0.01    0.00    2.00 v io_in[10] (in)
     2    0.01                           io_in[10] (net)
                  0.01    0.00    2.00 v input2/A (sky130_fd_sc_hd__buf_1)
                  0.12    0.19    2.20 v input2/X (sky130_fd_sc_hd__buf_1)
     1    0.01                           net2 (net)
                  0.12    0.00    2.20 v _300_/A (sky130_fd_sc_hd__inv_2)
                  0.12    0.16    2.35 ^ _300_/Y (sky130_fd_sc_hd__inv_2)
     2    0.02                           _121_ (net)
                  0.12    0.00    2.36 ^ _301_/A (sky130_fd_sc_hd__buf_1)
                  0.95    0.80    3.15 ^ _301_/X (sky130_fd_sc_hd__buf_1)
    10    0.05                           _122_ (net)
                  0.95    0.00    3.16 ^ _166_/A2 (sky130_fd_sc_hd__o221a_1)
                  0.23    0.76    3.91 ^ _166_/X (sky130_fd_sc_hd__o221a_1)
     3    0.01                           _006_ (net)
                  0.23    0.00    3.91 ^ _167_/A2_N (sky130_fd_sc_hd__a2bb2o_1)
                  0.16    0.73    4.64 v _167_/X (sky130_fd_sc_hd__a2bb2o_1)
     3    0.01                           _007_ (net)
                  0.16    0.00    4.64 v _168_/A1_N (sky130_fd_sc_hd__a2bb2o_1)
                  0.16    0.61    5.25 ^ _168_/X (sky130_fd_sc_hd__a2bb2o_1)
     2    0.01                           _008_ (net)
                  0.16    0.00    5.25 ^ _181_/B (sky130_fd_sc_hd__or2_1)
                  0.27    0.35    5.60 ^ _181_/X (sky130_fd_sc_hd__or2_1)
     3    0.02                           _021_ (net)
                  0.27    0.00    5.60 ^ _208_/A (sky130_fd_sc_hd__inv_2)
                  0.15    0.23    5.83 v _208_/Y (sky130_fd_sc_hd__inv_2)
     3    0.03                           _048_ (net)
                  0.15    0.00    5.83 v _210_/A1 (sky130_fd_sc_hd__o21ai_1)
                  0.70    0.65    6.48 ^ _210_/Y (sky130_fd_sc_hd__o21ai_1)
     2    0.02                           _050_ (net)
                  0.70    0.00    6.48 ^ _211_/B1 (sky130_fd_sc_hd__o21ai_1)
                  0.28    0.47    6.96 v _211_/Y (sky130_fd_sc_hd__o21ai_1)
     2    0.01                           _051_ (net)
                  0.28    0.00    6.96 v _233_/B1 (sky130_fd_sc_hd__o221ai_1)
                  0.28    0.36    7.32 ^ _233_/Y (sky130_fd_sc_hd__o221ai_1)
     1    0.00                           _073_ (net)
                  0.28    0.00    7.32 ^ _234_/C1 (sky130_fd_sc_hd__o211a_1)
                  0.20    0.47    7.79 ^ _234_/X (sky130_fd_sc_hd__o211a_1)
     4    0.01                           _000_ (net)
                  0.20    0.00    7.79 ^ _571_/S (sky130_fd_sc_hd__mux2_2)
                  0.23    0.90    8.69 v _571_/X (sky130_fd_sc_hd__mux2_2)
     2    0.04                           net23 (net)
                  0.23    0.00    8.69 v output23/A (sky130_fd_sc_hd__clkbuf_2)
                  0.14    0.34    9.03 v output23/X (sky130_fd_sc_hd__clkbuf_2)
     1    0.02                           io_out[15] (net)
                  0.14    0.00    9.03 v io_out[15] (out)
                                  9.03   data arrival time

                  0.00   10.00   10.00   clock wb_clk_i (rise edge)
                          0.00   10.00   clock network delay (ideal)
                          0.00   10.00   clock reconvergence pessimism
                         -2.00    8.00   output external delay
                                  8.00   data required time
-----------------------------------------------------------------------------
                                  8.00   data required time
                                 -9.03   data arrival time
-----------------------------------------------------------------------------
                                 -1.03   slack (VIOLATED)


